INFO - 2024-04-15 05:03:06 --> Session: Class initialized using 'CodeIgniter\Session\Handlers\FileHandler' driver.
INFO - 2024-04-15 05:04:27 --> Session: Class initialized using 'CodeIgniter\Session\Handlers\FileHandler' driver.
INFO - 2024-04-15 05:04:27 --> Session: Class initialized using 'CodeIgniter\Session\Handlers\FileHandler' driver.
INFO - 2024-04-15 07:04:05 --> Session: Class initialized using 'CodeIgniter\Session\Handlers\FileHandler' driver.
INFO - 2024-04-15 07:04:05 --> Session: Class initialized using 'CodeIgniter\Session\Handlers\FileHandler' driver.
INFO - 2024-04-15 07:05:43 --> Session: Class initialized using 'CodeIgniter\Session\Handlers\FileHandler' driver.
INFO - 2024-04-15 07:05:44 --> Session: Class initialized using 'CodeIgniter\Session\Handlers\FileHandler' driver.
INFO - 2024-04-15 07:42:45 --> Session: Class initialized using 'CodeIgniter\Session\Handlers\FileHandler' driver.
INFO - 2024-04-15 07:42:45 --> Session: Class initialized using 'CodeIgniter\Session\Handlers\FileHandler' driver.
CRITICAL - 2024-04-15 07:42:51 --> Undefined variable $bidang_options
in APPPATH\Views\gereja\formDPPH.php on line 28.
 1 APPPATH\Views\gereja\formDPPH.php(28): CodeIgniter\Debug\Exceptions->errorHandler(2, 'Undefined variable $bidang_options', 'D:\\detha\\project-kp\\app\\Views\\gereja\\formDPPH.php', 28)
 2 SYSTEMPATH\View\View.php(213): include('D:\\detha\\project-kp\\app\\Views\\gereja\\formDPPH.php')
 3 SYSTEMPATH\View\View.php(216): CodeIgniter\View\View->CodeIgniter\View\{closure}()
 4 SYSTEMPATH\Common.php(1184): CodeIgniter\View\View->render('gereja/formDPPH', [], true)
 5 APPPATH\Controllers\DPPH.php(10): view('gereja/formDPPH')
 6 SYSTEMPATH\CodeIgniter.php(934): App\Controllers\DPPH->index()
 7 SYSTEMPATH\CodeIgniter.php(499): CodeIgniter\CodeIgniter->runController(Object(App\Controllers\DPPH))
 8 SYSTEMPATH\CodeIgniter.php(368): CodeIgniter\CodeIgniter->handleRequest(null, Object(Config\Cache), false)
 9 FCPATH\index.php(67): CodeIgniter\CodeIgniter->run()
10 SYSTEMPATH\Commands\Server\rewrite.php(47): require_once('D:\\detha\\project-kp\\public\\index.php')
INFO - 2024-04-15 07:43:59 --> Session: Class initialized using 'CodeIgniter\Session\Handlers\FileHandler' driver.
CRITICAL - 2024-04-15 07:44:03 --> Undefined variable $bidang_options
in APPPATH\Views\gereja\formDPPH.php on line 30.
 1 APPPATH\Views\gereja\formDPPH.php(30): CodeIgniter\Debug\Exceptions->errorHandler(2, 'Undefined variable $bidang_options', 'D:\\detha\\project-kp\\app\\Views\\gereja\\formDPPH.php', 30)
 2 SYSTEMPATH\View\View.php(213): include('D:\\detha\\project-kp\\app\\Views\\gereja\\formDPPH.php')
 3 SYSTEMPATH\View\View.php(216): CodeIgniter\View\View->CodeIgniter\View\{closure}()
 4 SYSTEMPATH\Common.php(1184): CodeIgniter\View\View->render('gereja/formDPPH', [], true)
 5 APPPATH\Controllers\DPPH.php(10): view('gereja/formDPPH')
 6 SYSTEMPATH\CodeIgniter.php(934): App\Controllers\DPPH->index()
 7 SYSTEMPATH\CodeIgniter.php(499): CodeIgniter\CodeIgniter->runController(Object(App\Controllers\DPPH))
 8 SYSTEMPATH\CodeIgniter.php(368): CodeIgniter\CodeIgniter->handleRequest(null, Object(Config\Cache), false)
 9 FCPATH\index.php(67): CodeIgniter\CodeIgniter->run()
10 SYSTEMPATH\Commands\Server\rewrite.php(47): require_once('D:\\detha\\project-kp\\public\\index.php')
CRITICAL - 2024-04-15 08:20:13 --> Undefined variable $bidang
in APPPATH\Views\gereja\formDPPH.php on line 79.
 1 APPPATH\Views\gereja\formDPPH.php(79): CodeIgniter\Debug\Exceptions->errorHandler(2, 'Undefined variable $bidang', 'D:\\detha\\project-kp\\app\\Views\\gereja\\formDPPH.php', 79)
 2 SYSTEMPATH\View\View.php(213): include('D:\\detha\\project-kp\\app\\Views\\gereja\\formDPPH.php')
 3 SYSTEMPATH\View\View.php(216): CodeIgniter\View\View->CodeIgniter\View\{closure}()
 4 SYSTEMPATH\Common.php(1184): CodeIgniter\View\View->render('gereja/formDPPH', [], true)
 5 APPPATH\Controllers\DPPH.php(10): view('gereja/formDPPH')
 6 SYSTEMPATH\CodeIgniter.php(934): App\Controllers\DPPH->index()
 7 SYSTEMPATH\CodeIgniter.php(499): CodeIgniter\CodeIgniter->runController(Object(App\Controllers\DPPH))
 8 SYSTEMPATH\CodeIgniter.php(368): CodeIgniter\CodeIgniter->handleRequest(null, Object(Config\Cache), false)
 9 FCPATH\index.php(67): CodeIgniter\CodeIgniter->run()
10 SYSTEMPATH\Commands\Server\rewrite.php(47): require_once('D:\\detha\\project-kp\\public\\index.php')
INFO - 2024-04-15 08:21:08 --> Session: Class initialized using 'CodeIgniter\Session\Handlers\FileHandler' driver.
CRITICAL - 2024-04-15 08:21:58 --> Undefined variable $bidang
in APPPATH\Views\gereja\formDPPH.php on line 50.
 1 APPPATH\Views\gereja\formDPPH.php(50): CodeIgniter\Debug\Exceptions->errorHandler(2, 'Undefined variable $bidang', 'D:\\detha\\project-kp\\app\\Views\\gereja\\formDPPH.php', 50)
 2 SYSTEMPATH\View\View.php(213): include('D:\\detha\\project-kp\\app\\Views\\gereja\\formDPPH.php')
 3 SYSTEMPATH\View\View.php(216): CodeIgniter\View\View->CodeIgniter\View\{closure}()
 4 SYSTEMPATH\Common.php(1184): CodeIgniter\View\View->render('gereja/formDPPH', [], true)
 5 APPPATH\Controllers\DPPH.php(10): view('gereja/formDPPH')
 6 SYSTEMPATH\CodeIgniter.php(934): App\Controllers\DPPH->index()
 7 SYSTEMPATH\CodeIgniter.php(499): CodeIgniter\CodeIgniter->runController(Object(App\Controllers\DPPH))
 8 SYSTEMPATH\CodeIgniter.php(368): CodeIgniter\CodeIgniter->handleRequest(null, Object(Config\Cache), false)
 9 FCPATH\index.php(67): CodeIgniter\CodeIgniter->run()
10 SYSTEMPATH\Commands\Server\rewrite.php(47): require_once('D:\\detha\\project-kp\\public\\index.php')
CRITICAL - 2024-04-15 08:22:53 --> Undefined variable $bidang
in APPPATH\Views\gereja\formDPPH.php on line 51.
 1 APPPATH\Views\gereja\formDPPH.php(51): CodeIgniter\Debug\Exceptions->errorHandler(2, 'Undefined variable $bidang', 'D:\\detha\\project-kp\\app\\Views\\gereja\\formDPPH.php', 51)
 2 SYSTEMPATH\View\View.php(213): include('D:\\detha\\project-kp\\app\\Views\\gereja\\formDPPH.php')
 3 SYSTEMPATH\View\View.php(216): CodeIgniter\View\View->CodeIgniter\View\{closure}()
 4 SYSTEMPATH\Common.php(1184): CodeIgniter\View\View->render('gereja/formDPPH', [], true)
 5 APPPATH\Controllers\DPPH.php(10): view('gereja/formDPPH')
 6 SYSTEMPATH\CodeIgniter.php(934): App\Controllers\DPPH->index()
 7 SYSTEMPATH\CodeIgniter.php(499): CodeIgniter\CodeIgniter->runController(Object(App\Controllers\DPPH))
 8 SYSTEMPATH\CodeIgniter.php(368): CodeIgniter\CodeIgniter->handleRequest(null, Object(Config\Cache), false)
 9 FCPATH\index.php(67): CodeIgniter\CodeIgniter->run()
10 SYSTEMPATH\Commands\Server\rewrite.php(47): require_once('D:\\detha\\project-kp\\public\\index.php')
CRITICAL - 2024-04-15 08:27:01 --> Undefined variable $bidang
in APPPATH\Views\gereja\formDPPH.php on line 51.
 1 APPPATH\Views\gereja\formDPPH.php(51): CodeIgniter\Debug\Exceptions->errorHandler(2, 'Undefined variable $bidang', 'D:\\detha\\project-kp\\app\\Views\\gereja\\formDPPH.php', 51)
 2 SYSTEMPATH\View\View.php(213): include('D:\\detha\\project-kp\\app\\Views\\gereja\\formDPPH.php')
 3 SYSTEMPATH\View\View.php(216): CodeIgniter\View\View->CodeIgniter\View\{closure}()
 4 SYSTEMPATH\Common.php(1184): CodeIgniter\View\View->render('gereja/formDPPH', [], true)
 5 APPPATH\Controllers\DPPH.php(10): view('gereja/formDPPH')
 6 SYSTEMPATH\CodeIgniter.php(934): App\Controllers\DPPH->index()
 7 SYSTEMPATH\CodeIgniter.php(499): CodeIgniter\CodeIgniter->runController(Object(App\Controllers\DPPH))
 8 SYSTEMPATH\CodeIgniter.php(368): CodeIgniter\CodeIgniter->handleRequest(null, Object(Config\Cache), false)
 9 FCPATH\index.php(67): CodeIgniter\CodeIgniter->run()
10 SYSTEMPATH\Commands\Server\rewrite.php(47): require_once('D:\\detha\\project-kp\\public\\index.php')
CRITICAL - 2024-04-15 08:34:55 --> Undefined variable $bidang
in APPPATH\Views\gereja\formDPPH.php on line 30.
 1 APPPATH\Views\gereja\formDPPH.php(30): CodeIgniter\Debug\Exceptions->errorHandler(2, 'Undefined variable $bidang', 'D:\\detha\\project-kp\\app\\Views\\gereja\\formDPPH.php', 30)
 2 SYSTEMPATH\View\View.php(213): include('D:\\detha\\project-kp\\app\\Views\\gereja\\formDPPH.php')
 3 SYSTEMPATH\View\View.php(216): CodeIgniter\View\View->CodeIgniter\View\{closure}()
 4 SYSTEMPATH\Common.php(1184): CodeIgniter\View\View->render('gereja/formDPPH', [], true)
 5 APPPATH\Controllers\DPPH.php(10): view('gereja/formDPPH')
 6 SYSTEMPATH\CodeIgniter.php(934): App\Controllers\DPPH->index()
 7 SYSTEMPATH\CodeIgniter.php(499): CodeIgniter\CodeIgniter->runController(Object(App\Controllers\DPPH))
 8 SYSTEMPATH\CodeIgniter.php(368): CodeIgniter\CodeIgniter->handleRequest(null, Object(Config\Cache), false)
 9 FCPATH\index.php(67): CodeIgniter\CodeIgniter->run()
10 SYSTEMPATH\Commands\Server\rewrite.php(47): require_once('D:\\detha\\project-kp\\public\\index.php')
CRITICAL - 2024-04-15 08:34:56 --> Undefined variable $bidang
in APPPATH\Views\gereja\formDPPH.php on line 30.
 1 APPPATH\Views\gereja\formDPPH.php(30): CodeIgniter\Debug\Exceptions->errorHandler(2, 'Undefined variable $bidang', 'D:\\detha\\project-kp\\app\\Views\\gereja\\formDPPH.php', 30)
 2 SYSTEMPATH\View\View.php(213): include('D:\\detha\\project-kp\\app\\Views\\gereja\\formDPPH.php')
 3 SYSTEMPATH\View\View.php(216): CodeIgniter\View\View->CodeIgniter\View\{closure}()
 4 SYSTEMPATH\Common.php(1184): CodeIgniter\View\View->render('gereja/formDPPH', [], true)
 5 APPPATH\Controllers\DPPH.php(10): view('gereja/formDPPH')
 6 SYSTEMPATH\CodeIgniter.php(934): App\Controllers\DPPH->index()
 7 SYSTEMPATH\CodeIgniter.php(499): CodeIgniter\CodeIgniter->runController(Object(App\Controllers\DPPH))
 8 SYSTEMPATH\CodeIgniter.php(368): CodeIgniter\CodeIgniter->handleRequest(null, Object(Config\Cache), false)
 9 FCPATH\index.php(67): CodeIgniter\CodeIgniter->run()
10 SYSTEMPATH\Commands\Server\rewrite.php(47): require_once('D:\\detha\\project-kp\\public\\index.php')
CRITICAL - 2024-04-15 08:35:51 --> Undefined variable $bidang
in APPPATH\Views\gereja\formDPPH.php on line 30.
 1 APPPATH\Views\gereja\formDPPH.php(30): CodeIgniter\Debug\Exceptions->errorHandler(2, 'Undefined variable $bidang', 'D:\\detha\\project-kp\\app\\Views\\gereja\\formDPPH.php', 30)
 2 SYSTEMPATH\View\View.php(213): include('D:\\detha\\project-kp\\app\\Views\\gereja\\formDPPH.php')
 3 SYSTEMPATH\View\View.php(216): CodeIgniter\View\View->CodeIgniter\View\{closure}()
 4 SYSTEMPATH\Common.php(1184): CodeIgniter\View\View->render('gereja/formDPPH', [], true)
 5 APPPATH\Controllers\DPPH.php(10): view('gereja/formDPPH')
 6 SYSTEMPATH\CodeIgniter.php(934): App\Controllers\DPPH->index()
 7 SYSTEMPATH\CodeIgniter.php(499): CodeIgniter\CodeIgniter->runController(Object(App\Controllers\DPPH))
 8 SYSTEMPATH\CodeIgniter.php(368): CodeIgniter\CodeIgniter->handleRequest(null, Object(Config\Cache), false)
 9 FCPATH\index.php(67): CodeIgniter\CodeIgniter->run()
10 SYSTEMPATH\Commands\Server\rewrite.php(47): require_once('D:\\detha\\project-kp\\public\\index.php')
CRITICAL - 2024-04-15 08:35:54 --> Undefined variable $bidang
in APPPATH\Views\gereja\formDPPH.php on line 30.
 1 APPPATH\Views\gereja\formDPPH.php(30): CodeIgniter\Debug\Exceptions->errorHandler(2, 'Undefined variable $bidang', 'D:\\detha\\project-kp\\app\\Views\\gereja\\formDPPH.php', 30)
 2 SYSTEMPATH\View\View.php(213): include('D:\\detha\\project-kp\\app\\Views\\gereja\\formDPPH.php')
 3 SYSTEMPATH\View\View.php(216): CodeIgniter\View\View->CodeIgniter\View\{closure}()
 4 SYSTEMPATH\Common.php(1184): CodeIgniter\View\View->render('gereja/formDPPH', [], true)
 5 APPPATH\Controllers\DPPH.php(10): view('gereja/formDPPH')
 6 SYSTEMPATH\CodeIgniter.php(934): App\Controllers\DPPH->index()
 7 SYSTEMPATH\CodeIgniter.php(499): CodeIgniter\CodeIgniter->runController(Object(App\Controllers\DPPH))
 8 SYSTEMPATH\CodeIgniter.php(368): CodeIgniter\CodeIgniter->handleRequest(null, Object(Config\Cache), false)
 9 FCPATH\index.php(67): CodeIgniter\CodeIgniter->run()
10 SYSTEMPATH\Commands\Server\rewrite.php(47): require_once('D:\\detha\\project-kp\\public\\index.php')
CRITICAL - 2024-04-15 08:35:55 --> Undefined variable $bidang
in APPPATH\Views\gereja\formDPPH.php on line 30.
 1 APPPATH\Views\gereja\formDPPH.php(30): CodeIgniter\Debug\Exceptions->errorHandler(2, 'Undefined variable $bidang', 'D:\\detha\\project-kp\\app\\Views\\gereja\\formDPPH.php', 30)
 2 SYSTEMPATH\View\View.php(213): include('D:\\detha\\project-kp\\app\\Views\\gereja\\formDPPH.php')
 3 SYSTEMPATH\View\View.php(216): CodeIgniter\View\View->CodeIgniter\View\{closure}()
 4 SYSTEMPATH\Common.php(1184): CodeIgniter\View\View->render('gereja/formDPPH', [], true)
 5 APPPATH\Controllers\DPPH.php(10): view('gereja/formDPPH')
 6 SYSTEMPATH\CodeIgniter.php(934): App\Controllers\DPPH->index()
 7 SYSTEMPATH\CodeIgniter.php(499): CodeIgniter\CodeIgniter->runController(Object(App\Controllers\DPPH))
 8 SYSTEMPATH\CodeIgniter.php(368): CodeIgniter\CodeIgniter->handleRequest(null, Object(Config\Cache), false)
 9 FCPATH\index.php(67): CodeIgniter\CodeIgniter->run()
10 SYSTEMPATH\Commands\Server\rewrite.php(47): require_once('D:\\detha\\project-kp\\public\\index.php')
CRITICAL - 2024-04-15 08:35:55 --> Undefined variable $bidang
in APPPATH\Views\gereja\formDPPH.php on line 30.
 1 APPPATH\Views\gereja\formDPPH.php(30): CodeIgniter\Debug\Exceptions->errorHandler(2, 'Undefined variable $bidang', 'D:\\detha\\project-kp\\app\\Views\\gereja\\formDPPH.php', 30)
 2 SYSTEMPATH\View\View.php(213): include('D:\\detha\\project-kp\\app\\Views\\gereja\\formDPPH.php')
 3 SYSTEMPATH\View\View.php(216): CodeIgniter\View\View->CodeIgniter\View\{closure}()
 4 SYSTEMPATH\Common.php(1184): CodeIgniter\View\View->render('gereja/formDPPH', [], true)
 5 APPPATH\Controllers\DPPH.php(10): view('gereja/formDPPH')
 6 SYSTEMPATH\CodeIgniter.php(934): App\Controllers\DPPH->index()
 7 SYSTEMPATH\CodeIgniter.php(499): CodeIgniter\CodeIgniter->runController(Object(App\Controllers\DPPH))
 8 SYSTEMPATH\CodeIgniter.php(368): CodeIgniter\CodeIgniter->handleRequest(null, Object(Config\Cache), false)
 9 FCPATH\index.php(67): CodeIgniter\CodeIgniter->run()
10 SYSTEMPATH\Commands\Server\rewrite.php(47): require_once('D:\\detha\\project-kp\\public\\index.php')
INFO - 2024-04-15 08:36:00 --> Session: Class initialized using 'CodeIgniter\Session\Handlers\FileHandler' driver.
CRITICAL - 2024-04-15 08:36:05 --> Undefined variable $bidang
in APPPATH\Views\gereja\formDPPH.php on line 30.
 1 APPPATH\Views\gereja\formDPPH.php(30): CodeIgniter\Debug\Exceptions->errorHandler(2, 'Undefined variable $bidang', 'D:\\detha\\project-kp\\app\\Views\\gereja\\formDPPH.php', 30)
 2 SYSTEMPATH\View\View.php(213): include('D:\\detha\\project-kp\\app\\Views\\gereja\\formDPPH.php')
 3 SYSTEMPATH\View\View.php(216): CodeIgniter\View\View->CodeIgniter\View\{closure}()
 4 SYSTEMPATH\Common.php(1184): CodeIgniter\View\View->render('gereja/formDPPH', [], true)
 5 APPPATH\Controllers\DPPH.php(10): view('gereja/formDPPH')
 6 SYSTEMPATH\CodeIgniter.php(934): App\Controllers\DPPH->index()
 7 SYSTEMPATH\CodeIgniter.php(499): CodeIgniter\CodeIgniter->runController(Object(App\Controllers\DPPH))
 8 SYSTEMPATH\CodeIgniter.php(368): CodeIgniter\CodeIgniter->handleRequest(null, Object(Config\Cache), false)
 9 FCPATH\index.php(67): CodeIgniter\CodeIgniter->run()
10 SYSTEMPATH\Commands\Server\rewrite.php(47): require_once('D:\\detha\\project-kp\\public\\index.php')
