INFO - 2024-04-27 02:28:01 --> Session: Class initialized using 'CodeIgniter\Session\Handlers\FileHandler' driver.
INFO - 2024-04-27 02:29:25 --> Session: Class initialized using 'CodeIgniter\Session\Handlers\FileHandler' driver.
INFO - 2024-04-27 02:29:25 --> Session: Class initialized using 'CodeIgniter\Session\Handlers\FileHandler' driver.
INFO - 2024-04-27 02:33:32 --> Session: Class initialized using 'CodeIgniter\Session\Handlers\FileHandler' driver.
INFO - 2024-04-27 02:33:32 --> Session: Class initialized using 'CodeIgniter\Session\Handlers\FileHandler' driver.
INFO - 2024-04-27 02:34:46 --> Session: Class initialized using 'CodeIgniter\Session\Handlers\FileHandler' driver.
INFO - 2024-04-27 02:34:46 --> Session: Class initialized using 'CodeIgniter\Session\Handlers\FileHandler' driver.
CRITICAL - 2024-04-27 08:10:43 --> Call to undefined method App\Models\TimpelModel::getTimpelbyIdBidang
in SYSTEMPATH\Model.php on line 842.
 1 APPPATH\Controllers\TimpelController.php(25): CodeIgniter\Model->__call('getTimpelbyIdBidang', [...])
 2 SYSTEMPATH\CodeIgniter.php(934): App\Controllers\TimpelController->getTimpelById()
 3 SYSTEMPATH\CodeIgniter.php(499): CodeIgniter\CodeIgniter->runController(Object(App\Controllers\TimpelController))
 4 SYSTEMPATH\CodeIgniter.php(368): CodeIgniter\CodeIgniter->handleRequest(null, Object(Config\Cache), false)
 5 FCPATH\index.php(67): CodeIgniter\CodeIgniter->run()
 6 SYSTEMPATH\Commands\Server\rewrite.php(47): require_once('D:\\detha\\project-ci-magang\\public\\index.php')
CRITICAL - 2024-04-27 08:10:46 --> Call to undefined method App\Models\TimpelModel::getTimpelbyIdBidang
in SYSTEMPATH\Model.php on line 842.
 1 APPPATH\Controllers\TimpelController.php(25): CodeIgniter\Model->__call('getTimpelbyIdBidang', [...])
 2 SYSTEMPATH\CodeIgniter.php(934): App\Controllers\TimpelController->getTimpelById()
 3 SYSTEMPATH\CodeIgniter.php(499): CodeIgniter\CodeIgniter->runController(Object(App\Controllers\TimpelController))
 4 SYSTEMPATH\CodeIgniter.php(368): CodeIgniter\CodeIgniter->handleRequest(null, Object(Config\Cache), false)
 5 FCPATH\index.php(67): CodeIgniter\CodeIgniter->run()
 6 SYSTEMPATH\Commands\Server\rewrite.php(47): require_once('D:\\detha\\project-ci-magang\\public\\index.php')
CRITICAL - 2024-04-27 08:10:49 --> Call to undefined method App\Models\TimpelModel::getTimpelbyIdBidang
in SYSTEMPATH\Model.php on line 842.
 1 APPPATH\Controllers\TimpelController.php(25): CodeIgniter\Model->__call('getTimpelbyIdBidang', [...])
 2 SYSTEMPATH\CodeIgniter.php(934): App\Controllers\TimpelController->getTimpelById()
 3 SYSTEMPATH\CodeIgniter.php(499): CodeIgniter\CodeIgniter->runController(Object(App\Controllers\TimpelController))
 4 SYSTEMPATH\CodeIgniter.php(368): CodeIgniter\CodeIgniter->handleRequest(null, Object(Config\Cache), false)
 5 FCPATH\index.php(67): CodeIgniter\CodeIgniter->run()
 6 SYSTEMPATH\Commands\Server\rewrite.php(47): require_once('D:\\detha\\project-ci-magang\\public\\index.php')
INFO - 2024-04-27 08:22:00 --> Session: Class initialized using 'CodeIgniter\Session\Handlers\FileHandler' driver.
INFO - 2024-04-27 08:22:00 --> Session: Class initialized using 'CodeIgniter\Session\Handlers\FileHandler' driver.
