INFO - 2024-05-07 04:38:20 --> Session: Class initialized using 'CodeIgniter\Session\Handlers\FileHandler' driver.
INFO - 2024-05-07 04:38:20 --> Session: Class initialized using 'CodeIgniter\Session\Handlers\FileHandler' driver.
CRITICAL - 2024-05-07 04:59:53 --> Undefined variable $years
in APPPATH\Views\gereja\dropdown.php on line 8.
 1 APPPATH\Views\gereja\dropdown.php(8): CodeIgniter\Debug\Exceptions->errorHandler(2, 'Undefined variable $years', 'D:\\detha\\project-ci-magang\\app\\Views\\gereja\\dropdown.php', 8)
 2 SYSTEMPATH\View\View.php(213): include('D:\\detha\\project-ci-magang\\app\\Views\\gereja\\dropdown.php')
 3 SYSTEMPATH\View\View.php(216): CodeIgniter\View\View->CodeIgniter\View\{closure}()
 4 SYSTEMPATH\Common.php(1184): CodeIgniter\View\View->render('gereja/dropdown', [], true)
 5 APPPATH\Controllers\Agenda.php(13): view('gereja/dropdown')
 6 SYSTEMPATH\CodeIgniter.php(934): App\Controllers\Agenda->index()
 7 SYSTEMPATH\CodeIgniter.php(499): CodeIgniter\CodeIgniter->runController(Object(App\Controllers\Agenda))
 8 SYSTEMPATH\CodeIgniter.php(368): CodeIgniter\CodeIgniter->handleRequest(null, Object(Config\Cache), false)
 9 FCPATH\index.php(67): CodeIgniter\CodeIgniter->run()
10 SYSTEMPATH\Commands\Server\rewrite.php(47): require_once('D:\\detha\\project-ci-magang\\public\\index.php')
INFO - 2024-05-07 05:05:44 --> Session: Class initialized using 'CodeIgniter\Session\Handlers\FileHandler' driver.
INFO - 2024-05-07 05:05:45 --> Session: Class initialized using 'CodeIgniter\Session\Handlers\FileHandler' driver.
INFO - 2024-05-07 05:10:35 --> Session: Class initialized using 'CodeIgniter\Session\Handlers\FileHandler' driver.
INFO - 2024-05-07 05:10:35 --> Session: Class initialized using 'CodeIgniter\Session\Handlers\FileHandler' driver.
INFO - 2024-05-07 05:14:40 --> Session: Class initialized using 'CodeIgniter\Session\Handlers\FileHandler' driver.
INFO - 2024-05-07 05:14:40 --> Session: Class initialized using 'CodeIgniter\Session\Handlers\FileHandler' driver.
INFO - 2024-05-07 05:28:26 --> Session: Class initialized using 'CodeIgniter\Session\Handlers\FileHandler' driver.
INFO - 2024-05-07 05:28:26 --> Session: Class initialized using 'CodeIgniter\Session\Handlers\FileHandler' driver.
CRITICAL - 2024-05-07 05:53:47 --> Call to a member function isValid() on null
in APPPATH\Controllers\Agenda.php on line 31.
 1 SYSTEMPATH\CodeIgniter.php(934): App\Controllers\Agenda->submit()
 2 SYSTEMPATH\CodeIgniter.php(499): CodeIgniter\CodeIgniter->runController(Object(App\Controllers\Agenda))
 3 SYSTEMPATH\CodeIgniter.php(368): CodeIgniter\CodeIgniter->handleRequest(null, Object(Config\Cache), false)
 4 FCPATH\index.php(67): CodeIgniter\CodeIgniter->run()
 5 SYSTEMPATH\Commands\Server\rewrite.php(47): require_once('D:\\detha\\project-ci-magang\\public\\index.php')
CRITICAL - 2024-05-07 05:54:40 --> Undefined array key "LPJ"
in APPPATH\Models\AgendaModel.php on line 36.
 1 APPPATH\Models\AgendaModel.php(36): CodeIgniter\Debug\Exceptions->errorHandler(2, 'Undefined array key "LPJ"', 'D:\\detha\\project-ci-magang\\app\\Models\\AgendaModel.php', 36)
 2 APPPATH\Controllers\Agenda.php(72): App\Models\AgendaModel->tambah([...])
 3 SYSTEMPATH\CodeIgniter.php(934): App\Controllers\Agenda->submit()
 4 SYSTEMPATH\CodeIgniter.php(499): CodeIgniter\CodeIgniter->runController(Object(App\Controllers\Agenda))
 5 SYSTEMPATH\CodeIgniter.php(368): CodeIgniter\CodeIgniter->handleRequest(null, Object(Config\Cache), false)
 6 FCPATH\index.php(67): CodeIgniter\CodeIgniter->run()
 7 SYSTEMPATH\Commands\Server\rewrite.php(47): require_once('D:\\detha\\project-ci-magang\\public\\index.php')
ERROR - 2024-05-07 05:55:07 --> mysqli_sql_exception: Column 'DEWAN_PAROKI' cannot be null in D:\detha\project-ci-magang\system\Database\MySQLi\Connection.php:295
Stack trace:
#0 D:\detha\project-ci-magang\system\Database\MySQLi\Connection.php(295): mysqli->query('INSERT INTO `pr...', 0)
#1 D:\detha\project-ci-magang\system\Database\BaseConnection.php(692): CodeIgniter\Database\MySQLi\Connection->execute('INSERT INTO `pr...')
#2 D:\detha\project-ci-magang\system\Database\BaseConnection.php(606): CodeIgniter\Database\BaseConnection->simpleQuery('INSERT INTO `pr...')
#3 D:\detha\project-ci-magang\system\Database\BaseBuilder.php(2309): CodeIgniter\Database\BaseConnection->query('INSERT INTO `pr...', Array, false)
#4 D:\detha\project-ci-magang\system\Model.php(330): CodeIgniter\Database\BaseBuilder->insert()
#5 D:\detha\project-ci-magang\system\BaseModel.php(782): CodeIgniter\Model->doInsert(Array)
#6 D:\detha\project-ci-magang\system\Model.php(730): CodeIgniter\BaseModel->insert(Array, false)
#7 D:\detha\project-ci-magang\system\BaseModel.php(692): CodeIgniter\Model->insert(Array, false)
#8 D:\detha\project-ci-magang\app\Models\AgendaModel.php(20): CodeIgniter\BaseModel->save(Array)
#9 D:\detha\project-ci-magang\app\Controllers\Agenda.php(72): App\Models\AgendaModel->tambah(Array)
#10 D:\detha\project-ci-magang\system\CodeIgniter.php(934): App\Controllers\Agenda->submit()
#11 D:\detha\project-ci-magang\system\CodeIgniter.php(499): CodeIgniter\CodeIgniter->runController(Object(App\Controllers\Agenda))
#12 D:\detha\project-ci-magang\system\CodeIgniter.php(368): CodeIgniter\CodeIgniter->handleRequest(NULL, Object(Config\Cache), false)
#13 D:\detha\project-ci-magang\public\index.php(67): CodeIgniter\CodeIgniter->run()
#14 D:\detha\project-ci-magang\system\Commands\Server\rewrite.php(47): require_once('D:\\detha\\projec...')
#15 {main}
CRITICAL - 2024-05-07 05:55:08 --> Column 'DEWAN_PAROKI' cannot be null
in SYSTEMPATH\Database\MySQLi\Connection.php on line 295.
 1 SYSTEMPATH\Database\MySQLi\Connection.php(295): mysqli->query('INSERT INTO `programasi` (`BIDANG`, `SASARAN_STRATEGIS`, `INDIKATOR`, `TARGET`, `ASUMSI`, `RESIKO`, `KEGIATAN_UTAMA`, `WAKTU`, `SWADAYA`, `DEWAN_PAROKI`, `SUBSIDI_KAS`, `SUMBER_LAIN`, `TOTAL_BIAYA`, `PENANGGUNG_JAWAB`, `KETERANGAN`) VALUES (\'bidang\', \'sasaran\', \'indi\', \'target\', \'asumsi\', \'resiko\', \'utama\', \'waktu\', \'8000000\', NULL, NULL, NULL, 8000000, \'aku\', \'yey\')', 0)
 2 SYSTEMPATH\Database\BaseConnection.php(692): CodeIgniter\Database\MySQLi\Connection->execute('INSERT INTO `programasi` (`BIDANG`, `SASARAN_STRATEGIS`, `INDIKATOR`, `TARGET`, `ASUMSI`, `RESIKO`, `KEGIATAN_UTAMA`, `WAKTU`, `SWADAYA`, `DEWAN_PAROKI`, `SUBSIDI_KAS`, `SUMBER_LAIN`, `TOTAL_BIAYA`, `PENANGGUNG_JAWAB`, `KETERANGAN`) VALUES (\'bidang\', \'sasaran\', \'indi\', \'target\', \'asumsi\', \'resiko\', \'utama\', \'waktu\', \'8000000\', NULL, NULL, NULL, 8000000, \'aku\', \'yey\')')
 3 SYSTEMPATH\Database\BaseConnection.php(606): CodeIgniter\Database\BaseConnection->simpleQuery('INSERT INTO `programasi` (`BIDANG`, `SASARAN_STRATEGIS`, `INDIKATOR`, `TARGET`, `ASUMSI`, `RESIKO`, `KEGIATAN_UTAMA`, `WAKTU`, `SWADAYA`, `DEWAN_PAROKI`, `SUBSIDI_KAS`, `SUMBER_LAIN`, `TOTAL_BIAYA`, `PENANGGUNG_JAWAB`, `KETERANGAN`) VALUES (\'bidang\', \'sasaran\', \'indi\', \'target\', \'asumsi\', \'resiko\', \'utama\', \'waktu\', \'8000000\', NULL, NULL, NULL, 8000000, \'aku\', \'yey\')')
 4 SYSTEMPATH\Database\BaseBuilder.php(2309): CodeIgniter\Database\BaseConnection->query('INSERT INTO `programasi` (`BIDANG`, `SASARAN_STRATEGIS`, `INDIKATOR`, `TARGET`, `ASUMSI`, `RESIKO`, `KEGIATAN_UTAMA`, `WAKTU`, `SWADAYA`, `DEWAN_PAROKI`, `SUBSIDI_KAS`, `SUMBER_LAIN`, `TOTAL_BIAYA`, `PENANGGUNG_JAWAB`, `KETERANGAN`) VALUES (:BIDANG:, :SASARAN_STRATEGIS:, :INDIKATOR:, :TARGET:, :ASUMSI:, :RESIKO:, :KEGIATAN_UTAMA:, :WAKTU:, :SWADAYA:, :DEWAN_PAROKI:, :SUBSIDI_KAS:, :SUMBER_LAIN:, :TOTAL_BIAYA:, :PENANGGUNG_JAWAB:, :KETERANGAN:)', [...], false)
 5 SYSTEMPATH\Model.php(330): CodeIgniter\Database\BaseBuilder->insert()
 6 SYSTEMPATH\BaseModel.php(782): CodeIgniter\Model->doInsert([...])
 7 SYSTEMPATH\Model.php(730): CodeIgniter\BaseModel->insert([...], false)
 8 SYSTEMPATH\BaseModel.php(692): CodeIgniter\Model->insert([...], false)
 9 APPPATH\Models\AgendaModel.php(20): CodeIgniter\BaseModel->save([...])
10 APPPATH\Controllers\Agenda.php(72): App\Models\AgendaModel->tambah([...])
11 SYSTEMPATH\CodeIgniter.php(934): App\Controllers\Agenda->submit()
12 SYSTEMPATH\CodeIgniter.php(499): CodeIgniter\CodeIgniter->runController(Object(App\Controllers\Agenda))
13 SYSTEMPATH\CodeIgniter.php(368): CodeIgniter\CodeIgniter->handleRequest(null, Object(Config\Cache), false)
14 FCPATH\index.php(67): CodeIgniter\CodeIgniter->run()
15 SYSTEMPATH\Commands\Server\rewrite.php(47): require_once('D:\\detha\\project-ci-magang\\public\\index.php')
ERROR - 2024-05-07 05:57:23 --> mysqli_sql_exception: Column 'DEWAN_PAROKI' cannot be null in D:\detha\project-ci-magang\system\Database\MySQLi\Connection.php:295
Stack trace:
#0 D:\detha\project-ci-magang\system\Database\MySQLi\Connection.php(295): mysqli->query('INSERT INTO `pr...', 0)
#1 D:\detha\project-ci-magang\system\Database\BaseConnection.php(692): CodeIgniter\Database\MySQLi\Connection->execute('INSERT INTO `pr...')
#2 D:\detha\project-ci-magang\system\Database\BaseConnection.php(606): CodeIgniter\Database\BaseConnection->simpleQuery('INSERT INTO `pr...')
#3 D:\detha\project-ci-magang\system\Database\BaseBuilder.php(2309): CodeIgniter\Database\BaseConnection->query('INSERT INTO `pr...', Array, false)
#4 D:\detha\project-ci-magang\system\Model.php(330): CodeIgniter\Database\BaseBuilder->insert()
#5 D:\detha\project-ci-magang\system\BaseModel.php(782): CodeIgniter\Model->doInsert(Array)
#6 D:\detha\project-ci-magang\system\Model.php(730): CodeIgniter\BaseModel->insert(Array, false)
#7 D:\detha\project-ci-magang\system\BaseModel.php(692): CodeIgniter\Model->insert(Array, false)
#8 D:\detha\project-ci-magang\app\Models\AgendaModel.php(20): CodeIgniter\BaseModel->save(Array)
#9 D:\detha\project-ci-magang\app\Controllers\Agenda.php(72): App\Models\AgendaModel->tambah(Array)
#10 D:\detha\project-ci-magang\system\CodeIgniter.php(934): App\Controllers\Agenda->submit()
#11 D:\detha\project-ci-magang\system\CodeIgniter.php(499): CodeIgniter\CodeIgniter->runController(Object(App\Controllers\Agenda))
#12 D:\detha\project-ci-magang\system\CodeIgniter.php(368): CodeIgniter\CodeIgniter->handleRequest(NULL, Object(Config\Cache), false)
#13 D:\detha\project-ci-magang\public\index.php(67): CodeIgniter\CodeIgniter->run()
#14 D:\detha\project-ci-magang\system\Commands\Server\rewrite.php(47): require_once('D:\\detha\\projec...')
#15 {main}
CRITICAL - 2024-05-07 05:57:23 --> Column 'DEWAN_PAROKI' cannot be null
in SYSTEMPATH\Database\MySQLi\Connection.php on line 295.
 1 SYSTEMPATH\Database\MySQLi\Connection.php(295): mysqli->query('INSERT INTO `programasi` (`BIDANG`, `SASARAN_STRATEGIS`, `INDIKATOR`, `TARGET`, `ASUMSI`, `RESIKO`, `KEGIATAN_UTAMA`, `WAKTU`, `SWADAYA`, `DEWAN_PAROKI`, `SUBSIDI_KAS`, `SUMBER_LAIN`, `TOTAL_BIAYA`, `PENANGGUNG_JAWAB`, `KETERANGAN`) VALUES (\'bidang\', \'sasaran\', \'indi\', \'target\', \'asumsi\', \'resiko\', \'utama\', \'waktu\', \'8000000\', NULL, NULL, NULL, 8000000, \'aku\', \'\')', 0)
 2 SYSTEMPATH\Database\BaseConnection.php(692): CodeIgniter\Database\MySQLi\Connection->execute('INSERT INTO `programasi` (`BIDANG`, `SASARAN_STRATEGIS`, `INDIKATOR`, `TARGET`, `ASUMSI`, `RESIKO`, `KEGIATAN_UTAMA`, `WAKTU`, `SWADAYA`, `DEWAN_PAROKI`, `SUBSIDI_KAS`, `SUMBER_LAIN`, `TOTAL_BIAYA`, `PENANGGUNG_JAWAB`, `KETERANGAN`) VALUES (\'bidang\', \'sasaran\', \'indi\', \'target\', \'asumsi\', \'resiko\', \'utama\', \'waktu\', \'8000000\', NULL, NULL, NULL, 8000000, \'aku\', \'\')')
 3 SYSTEMPATH\Database\BaseConnection.php(606): CodeIgniter\Database\BaseConnection->simpleQuery('INSERT INTO `programasi` (`BIDANG`, `SASARAN_STRATEGIS`, `INDIKATOR`, `TARGET`, `ASUMSI`, `RESIKO`, `KEGIATAN_UTAMA`, `WAKTU`, `SWADAYA`, `DEWAN_PAROKI`, `SUBSIDI_KAS`, `SUMBER_LAIN`, `TOTAL_BIAYA`, `PENANGGUNG_JAWAB`, `KETERANGAN`) VALUES (\'bidang\', \'sasaran\', \'indi\', \'target\', \'asumsi\', \'resiko\', \'utama\', \'waktu\', \'8000000\', NULL, NULL, NULL, 8000000, \'aku\', \'\')')
 4 SYSTEMPATH\Database\BaseBuilder.php(2309): CodeIgniter\Database\BaseConnection->query('INSERT INTO `programasi` (`BIDANG`, `SASARAN_STRATEGIS`, `INDIKATOR`, `TARGET`, `ASUMSI`, `RESIKO`, `KEGIATAN_UTAMA`, `WAKTU`, `SWADAYA`, `DEWAN_PAROKI`, `SUBSIDI_KAS`, `SUMBER_LAIN`, `TOTAL_BIAYA`, `PENANGGUNG_JAWAB`, `KETERANGAN`) VALUES (:BIDANG:, :SASARAN_STRATEGIS:, :INDIKATOR:, :TARGET:, :ASUMSI:, :RESIKO:, :KEGIATAN_UTAMA:, :WAKTU:, :SWADAYA:, :DEWAN_PAROKI:, :SUBSIDI_KAS:, :SUMBER_LAIN:, :TOTAL_BIAYA:, :PENANGGUNG_JAWAB:, :KETERANGAN:)', [...], false)
 5 SYSTEMPATH\Model.php(330): CodeIgniter\Database\BaseBuilder->insert()
 6 SYSTEMPATH\BaseModel.php(782): CodeIgniter\Model->doInsert([...])
 7 SYSTEMPATH\Model.php(730): CodeIgniter\BaseModel->insert([...], false)
 8 SYSTEMPATH\BaseModel.php(692): CodeIgniter\Model->insert([...], false)
 9 APPPATH\Models\AgendaModel.php(20): CodeIgniter\BaseModel->save([...])
10 APPPATH\Controllers\Agenda.php(72): App\Models\AgendaModel->tambah([...])
11 SYSTEMPATH\CodeIgniter.php(934): App\Controllers\Agenda->submit()
12 SYSTEMPATH\CodeIgniter.php(499): CodeIgniter\CodeIgniter->runController(Object(App\Controllers\Agenda))
13 SYSTEMPATH\CodeIgniter.php(368): CodeIgniter\CodeIgniter->handleRequest(null, Object(Config\Cache), false)
14 FCPATH\index.php(67): CodeIgniter\CodeIgniter->run()
15 SYSTEMPATH\Commands\Server\rewrite.php(47): require_once('D:\\detha\\project-ci-magang\\public\\index.php')
ERROR - 2024-05-07 05:59:33 --> mysqli_sql_exception: Column 'DEWAN_PAROKI' cannot be null in D:\detha\project-ci-magang\system\Database\MySQLi\Connection.php:295
Stack trace:
#0 D:\detha\project-ci-magang\system\Database\MySQLi\Connection.php(295): mysqli->query('INSERT INTO `pr...', 0)
#1 D:\detha\project-ci-magang\system\Database\BaseConnection.php(692): CodeIgniter\Database\MySQLi\Connection->execute('INSERT INTO `pr...')
#2 D:\detha\project-ci-magang\system\Database\BaseConnection.php(606): CodeIgniter\Database\BaseConnection->simpleQuery('INSERT INTO `pr...')
#3 D:\detha\project-ci-magang\system\Database\BaseBuilder.php(2309): CodeIgniter\Database\BaseConnection->query('INSERT INTO `pr...', Array, false)
#4 D:\detha\project-ci-magang\system\Model.php(330): CodeIgniter\Database\BaseBuilder->insert()
#5 D:\detha\project-ci-magang\system\BaseModel.php(782): CodeIgniter\Model->doInsert(Array)
#6 D:\detha\project-ci-magang\system\Model.php(730): CodeIgniter\BaseModel->insert(Array, false)
#7 D:\detha\project-ci-magang\system\BaseModel.php(692): CodeIgniter\Model->insert(Array, false)
#8 D:\detha\project-ci-magang\app\Models\AgendaModel.php(20): CodeIgniter\BaseModel->save(Array)
#9 D:\detha\project-ci-magang\app\Controllers\Agenda.php(72): App\Models\AgendaModel->tambah(Array)
#10 D:\detha\project-ci-magang\system\CodeIgniter.php(934): App\Controllers\Agenda->submit()
#11 D:\detha\project-ci-magang\system\CodeIgniter.php(499): CodeIgniter\CodeIgniter->runController(Object(App\Controllers\Agenda))
#12 D:\detha\project-ci-magang\system\CodeIgniter.php(368): CodeIgniter\CodeIgniter->handleRequest(NULL, Object(Config\Cache), false)
#13 D:\detha\project-ci-magang\public\index.php(67): CodeIgniter\CodeIgniter->run()
#14 D:\detha\project-ci-magang\system\Commands\Server\rewrite.php(47): require_once('D:\\detha\\projec...')
#15 {main}
CRITICAL - 2024-05-07 05:59:33 --> Column 'DEWAN_PAROKI' cannot be null
in SYSTEMPATH\Database\MySQLi\Connection.php on line 295.
 1 SYSTEMPATH\Database\MySQLi\Connection.php(295): mysqli->query('INSERT INTO `programasi` (`BIDANG`, `SASARAN_STRATEGIS`, `INDIKATOR`, `TARGET`, `ASUMSI`, `RESIKO`, `KEGIATAN_UTAMA`, `WAKTU`, `SWADAYA`, `DEWAN_PAROKI`, `SUBSIDI_KAS`, `SUMBER_LAIN`, `TOTAL_BIAYA`, `PENANGGUNG_JAWAB`, `KETERANGAN`) VALUES (\'bidang\', \'sasaran\', \'indi\', \'target\', \'asumsi\', \'resiko\', \'utama\', \'waktu\', \'8000000\', NULL, NULL, NULL, 8000000, \'aku\', \'\')', 0)
 2 SYSTEMPATH\Database\BaseConnection.php(692): CodeIgniter\Database\MySQLi\Connection->execute('INSERT INTO `programasi` (`BIDANG`, `SASARAN_STRATEGIS`, `INDIKATOR`, `TARGET`, `ASUMSI`, `RESIKO`, `KEGIATAN_UTAMA`, `WAKTU`, `SWADAYA`, `DEWAN_PAROKI`, `SUBSIDI_KAS`, `SUMBER_LAIN`, `TOTAL_BIAYA`, `PENANGGUNG_JAWAB`, `KETERANGAN`) VALUES (\'bidang\', \'sasaran\', \'indi\', \'target\', \'asumsi\', \'resiko\', \'utama\', \'waktu\', \'8000000\', NULL, NULL, NULL, 8000000, \'aku\', \'\')')
 3 SYSTEMPATH\Database\BaseConnection.php(606): CodeIgniter\Database\BaseConnection->simpleQuery('INSERT INTO `programasi` (`BIDANG`, `SASARAN_STRATEGIS`, `INDIKATOR`, `TARGET`, `ASUMSI`, `RESIKO`, `KEGIATAN_UTAMA`, `WAKTU`, `SWADAYA`, `DEWAN_PAROKI`, `SUBSIDI_KAS`, `SUMBER_LAIN`, `TOTAL_BIAYA`, `PENANGGUNG_JAWAB`, `KETERANGAN`) VALUES (\'bidang\', \'sasaran\', \'indi\', \'target\', \'asumsi\', \'resiko\', \'utama\', \'waktu\', \'8000000\', NULL, NULL, NULL, 8000000, \'aku\', \'\')')
 4 SYSTEMPATH\Database\BaseBuilder.php(2309): CodeIgniter\Database\BaseConnection->query('INSERT INTO `programasi` (`BIDANG`, `SASARAN_STRATEGIS`, `INDIKATOR`, `TARGET`, `ASUMSI`, `RESIKO`, `KEGIATAN_UTAMA`, `WAKTU`, `SWADAYA`, `DEWAN_PAROKI`, `SUBSIDI_KAS`, `SUMBER_LAIN`, `TOTAL_BIAYA`, `PENANGGUNG_JAWAB`, `KETERANGAN`) VALUES (:BIDANG:, :SASARAN_STRATEGIS:, :INDIKATOR:, :TARGET:, :ASUMSI:, :RESIKO:, :KEGIATAN_UTAMA:, :WAKTU:, :SWADAYA:, :DEWAN_PAROKI:, :SUBSIDI_KAS:, :SUMBER_LAIN:, :TOTAL_BIAYA:, :PENANGGUNG_JAWAB:, :KETERANGAN:)', [...], false)
 5 SYSTEMPATH\Model.php(330): CodeIgniter\Database\BaseBuilder->insert()
 6 SYSTEMPATH\BaseModel.php(782): CodeIgniter\Model->doInsert([...])
 7 SYSTEMPATH\Model.php(730): CodeIgniter\BaseModel->insert([...], false)
 8 SYSTEMPATH\BaseModel.php(692): CodeIgniter\Model->insert([...], false)
 9 APPPATH\Models\AgendaModel.php(20): CodeIgniter\BaseModel->save([...])
10 APPPATH\Controllers\Agenda.php(72): App\Models\AgendaModel->tambah([...])
11 SYSTEMPATH\CodeIgniter.php(934): App\Controllers\Agenda->submit()
12 SYSTEMPATH\CodeIgniter.php(499): CodeIgniter\CodeIgniter->runController(Object(App\Controllers\Agenda))
13 SYSTEMPATH\CodeIgniter.php(368): CodeIgniter\CodeIgniter->handleRequest(null, Object(Config\Cache), false)
14 FCPATH\index.php(67): CodeIgniter\CodeIgniter->run()
15 SYSTEMPATH\Commands\Server\rewrite.php(47): require_once('D:\\detha\\project-ci-magang\\public\\index.php')
ERROR - 2024-05-07 06:02:28 --> mysqli_sql_exception: Column 'DEWAN_PAROKI' cannot be null in D:\detha\project-ci-magang\system\Database\MySQLi\Connection.php:295
Stack trace:
#0 D:\detha\project-ci-magang\system\Database\MySQLi\Connection.php(295): mysqli->query('INSERT INTO `pr...', 0)
#1 D:\detha\project-ci-magang\system\Database\BaseConnection.php(692): CodeIgniter\Database\MySQLi\Connection->execute('INSERT INTO `pr...')
#2 D:\detha\project-ci-magang\system\Database\BaseConnection.php(606): CodeIgniter\Database\BaseConnection->simpleQuery('INSERT INTO `pr...')
#3 D:\detha\project-ci-magang\system\Database\BaseBuilder.php(2309): CodeIgniter\Database\BaseConnection->query('INSERT INTO `pr...', Array, false)
#4 D:\detha\project-ci-magang\system\Model.php(330): CodeIgniter\Database\BaseBuilder->insert()
#5 D:\detha\project-ci-magang\system\BaseModel.php(782): CodeIgniter\Model->doInsert(Array)
#6 D:\detha\project-ci-magang\system\Model.php(730): CodeIgniter\BaseModel->insert(Array, false)
#7 D:\detha\project-ci-magang\system\BaseModel.php(692): CodeIgniter\Model->insert(Array, false)
#8 D:\detha\project-ci-magang\app\Models\AgendaModel.php(20): CodeIgniter\BaseModel->save(Array)
#9 D:\detha\project-ci-magang\app\Controllers\Agenda.php(72): App\Models\AgendaModel->tambah(Array)
#10 D:\detha\project-ci-magang\system\CodeIgniter.php(934): App\Controllers\Agenda->submit()
#11 D:\detha\project-ci-magang\system\CodeIgniter.php(499): CodeIgniter\CodeIgniter->runController(Object(App\Controllers\Agenda))
#12 D:\detha\project-ci-magang\system\CodeIgniter.php(368): CodeIgniter\CodeIgniter->handleRequest(NULL, Object(Config\Cache), false)
#13 D:\detha\project-ci-magang\public\index.php(67): CodeIgniter\CodeIgniter->run()
#14 D:\detha\project-ci-magang\system\Commands\Server\rewrite.php(47): require_once('D:\\detha\\projec...')
#15 {main}
CRITICAL - 2024-05-07 06:02:28 --> Column 'DEWAN_PAROKI' cannot be null
in SYSTEMPATH\Database\MySQLi\Connection.php on line 295.
 1 SYSTEMPATH\Database\MySQLi\Connection.php(295): mysqli->query('INSERT INTO `programasi` (`BIDANG`, `SASARAN_STRATEGIS`, `INDIKATOR`, `TARGET`, `ASUMSI`, `RESIKO`, `KEGIATAN_UTAMA`, `WAKTU`, `SWADAYA`, `DEWAN_PAROKI`, `SUBSIDI_KAS`, `SUMBER_LAIN`, `TOTAL_BIAYA`, `PENANGGUNG_JAWAB`, `KETERANGAN`) VALUES (\'bidang\', \'sasaran\', \'indi\', \'target\', \'asumsi\', \'resiko\', \'utama\', \'waktu\', \'8000000\', NULL, NULL, NULL, 8000000, \'aku\', \'yyy\')', 0)
 2 SYSTEMPATH\Database\BaseConnection.php(692): CodeIgniter\Database\MySQLi\Connection->execute('INSERT INTO `programasi` (`BIDANG`, `SASARAN_STRATEGIS`, `INDIKATOR`, `TARGET`, `ASUMSI`, `RESIKO`, `KEGIATAN_UTAMA`, `WAKTU`, `SWADAYA`, `DEWAN_PAROKI`, `SUBSIDI_KAS`, `SUMBER_LAIN`, `TOTAL_BIAYA`, `PENANGGUNG_JAWAB`, `KETERANGAN`) VALUES (\'bidang\', \'sasaran\', \'indi\', \'target\', \'asumsi\', \'resiko\', \'utama\', \'waktu\', \'8000000\', NULL, NULL, NULL, 8000000, \'aku\', \'yyy\')')
 3 SYSTEMPATH\Database\BaseConnection.php(606): CodeIgniter\Database\BaseConnection->simpleQuery('INSERT INTO `programasi` (`BIDANG`, `SASARAN_STRATEGIS`, `INDIKATOR`, `TARGET`, `ASUMSI`, `RESIKO`, `KEGIATAN_UTAMA`, `WAKTU`, `SWADAYA`, `DEWAN_PAROKI`, `SUBSIDI_KAS`, `SUMBER_LAIN`, `TOTAL_BIAYA`, `PENANGGUNG_JAWAB`, `KETERANGAN`) VALUES (\'bidang\', \'sasaran\', \'indi\', \'target\', \'asumsi\', \'resiko\', \'utama\', \'waktu\', \'8000000\', NULL, NULL, NULL, 8000000, \'aku\', \'yyy\')')
 4 SYSTEMPATH\Database\BaseBuilder.php(2309): CodeIgniter\Database\BaseConnection->query('INSERT INTO `programasi` (`BIDANG`, `SASARAN_STRATEGIS`, `INDIKATOR`, `TARGET`, `ASUMSI`, `RESIKO`, `KEGIATAN_UTAMA`, `WAKTU`, `SWADAYA`, `DEWAN_PAROKI`, `SUBSIDI_KAS`, `SUMBER_LAIN`, `TOTAL_BIAYA`, `PENANGGUNG_JAWAB`, `KETERANGAN`) VALUES (:BIDANG:, :SASARAN_STRATEGIS:, :INDIKATOR:, :TARGET:, :ASUMSI:, :RESIKO:, :KEGIATAN_UTAMA:, :WAKTU:, :SWADAYA:, :DEWAN_PAROKI:, :SUBSIDI_KAS:, :SUMBER_LAIN:, :TOTAL_BIAYA:, :PENANGGUNG_JAWAB:, :KETERANGAN:)', [...], false)
 5 SYSTEMPATH\Model.php(330): CodeIgniter\Database\BaseBuilder->insert()
 6 SYSTEMPATH\BaseModel.php(782): CodeIgniter\Model->doInsert([...])
 7 SYSTEMPATH\Model.php(730): CodeIgniter\BaseModel->insert([...], false)
 8 SYSTEMPATH\BaseModel.php(692): CodeIgniter\Model->insert([...], false)
 9 APPPATH\Models\AgendaModel.php(20): CodeIgniter\BaseModel->save([...])
10 APPPATH\Controllers\Agenda.php(72): App\Models\AgendaModel->tambah([...])
11 SYSTEMPATH\CodeIgniter.php(934): App\Controllers\Agenda->submit()
12 SYSTEMPATH\CodeIgniter.php(499): CodeIgniter\CodeIgniter->runController(Object(App\Controllers\Agenda))
13 SYSTEMPATH\CodeIgniter.php(368): CodeIgniter\CodeIgniter->handleRequest(null, Object(Config\Cache), false)
14 FCPATH\index.php(67): CodeIgniter\CodeIgniter->run()
15 SYSTEMPATH\Commands\Server\rewrite.php(47): require_once('D:\\detha\\project-ci-magang\\public\\index.php')
ERROR - 2024-05-07 06:10:57 --> mysqli_sql_exception: Column 'BIDANG' cannot be null in D:\detha\project-ci-magang\system\Database\MySQLi\Connection.php:295
Stack trace:
#0 D:\detha\project-ci-magang\system\Database\MySQLi\Connection.php(295): mysqli->query('INSERT INTO `pr...', 0)
#1 D:\detha\project-ci-magang\system\Database\BaseConnection.php(692): CodeIgniter\Database\MySQLi\Connection->execute('INSERT INTO `pr...')
#2 D:\detha\project-ci-magang\system\Database\BaseConnection.php(606): CodeIgniter\Database\BaseConnection->simpleQuery('INSERT INTO `pr...')
#3 D:\detha\project-ci-magang\system\Database\BaseBuilder.php(2309): CodeIgniter\Database\BaseConnection->query('INSERT INTO `pr...', Array, false)
#4 D:\detha\project-ci-magang\system\Model.php(330): CodeIgniter\Database\BaseBuilder->insert()
#5 D:\detha\project-ci-magang\system\BaseModel.php(782): CodeIgniter\Model->doInsert(Array)
#6 D:\detha\project-ci-magang\system\Model.php(730): CodeIgniter\BaseModel->insert(Array, false)
#7 D:\detha\project-ci-magang\system\BaseModel.php(692): CodeIgniter\Model->insert(Array, false)
#8 D:\detha\project-ci-magang\app\Models\AgendaModel.php(20): CodeIgniter\BaseModel->save(Array)
#9 D:\detha\project-ci-magang\app\Controllers\Agenda.php(74): App\Models\AgendaModel->tambah(Array)
#10 D:\detha\project-ci-magang\system\CodeIgniter.php(934): App\Controllers\Agenda->submit()
#11 D:\detha\project-ci-magang\system\CodeIgniter.php(499): CodeIgniter\CodeIgniter->runController(Object(App\Controllers\Agenda))
#12 D:\detha\project-ci-magang\system\CodeIgniter.php(368): CodeIgniter\CodeIgniter->handleRequest(NULL, Object(Config\Cache), false)
#13 D:\detha\project-ci-magang\public\index.php(67): CodeIgniter\CodeIgniter->run()
#14 D:\detha\project-ci-magang\system\Commands\Server\rewrite.php(47): require_once('D:\\detha\\projec...')
#15 {main}
CRITICAL - 2024-05-07 06:10:57 --> Column 'BIDANG' cannot be null
in SYSTEMPATH\Database\MySQLi\Connection.php on line 295.
 1 SYSTEMPATH\Database\MySQLi\Connection.php(295): mysqli->query('INSERT INTO `programasi` (`BIDANG`, `SASARAN_STRATEGIS`, `INDIKATOR`, `TARGET`, `ASUMSI`, `RESIKO`, `KEGIATAN_UTAMA`, `WAKTU`, `SWADAYA`, `DEWAN_PAROKI`, `SUBSIDI_KAS`, `SUMBER_LAIN`, `PENANGGUNG_JAWAB`, `KETERANGAN`) VALUES (NULL, NULL, NULL, NULL, NULL, NULL, NULL, NULL, NULL, NULL, NULL, NULL, NULL, NULL)', 0)
 2 SYSTEMPATH\Database\BaseConnection.php(692): CodeIgniter\Database\MySQLi\Connection->execute('INSERT INTO `programasi` (`BIDANG`, `SASARAN_STRATEGIS`, `INDIKATOR`, `TARGET`, `ASUMSI`, `RESIKO`, `KEGIATAN_UTAMA`, `WAKTU`, `SWADAYA`, `DEWAN_PAROKI`, `SUBSIDI_KAS`, `SUMBER_LAIN`, `PENANGGUNG_JAWAB`, `KETERANGAN`) VALUES (NULL, NULL, NULL, NULL, NULL, NULL, NULL, NULL, NULL, NULL, NULL, NULL, NULL, NULL)')
 3 SYSTEMPATH\Database\BaseConnection.php(606): CodeIgniter\Database\BaseConnection->simpleQuery('INSERT INTO `programasi` (`BIDANG`, `SASARAN_STRATEGIS`, `INDIKATOR`, `TARGET`, `ASUMSI`, `RESIKO`, `KEGIATAN_UTAMA`, `WAKTU`, `SWADAYA`, `DEWAN_PAROKI`, `SUBSIDI_KAS`, `SUMBER_LAIN`, `PENANGGUNG_JAWAB`, `KETERANGAN`) VALUES (NULL, NULL, NULL, NULL, NULL, NULL, NULL, NULL, NULL, NULL, NULL, NULL, NULL, NULL)')
 4 SYSTEMPATH\Database\BaseBuilder.php(2309): CodeIgniter\Database\BaseConnection->query('INSERT INTO `programasi` (`BIDANG`, `SASARAN_STRATEGIS`, `INDIKATOR`, `TARGET`, `ASUMSI`, `RESIKO`, `KEGIATAN_UTAMA`, `WAKTU`, `SWADAYA`, `DEWAN_PAROKI`, `SUBSIDI_KAS`, `SUMBER_LAIN`, `PENANGGUNG_JAWAB`, `KETERANGAN`) VALUES (:BIDANG:, :SASARAN_STRATEGIS:, :INDIKATOR:, :TARGET:, :ASUMSI:, :RESIKO:, :KEGIATAN_UTAMA:, :WAKTU:, :SWADAYA:, :DEWAN_PAROKI:, :SUBSIDI_KAS:, :SUMBER_LAIN:, :PENANGGUNG_JAWAB:, :KETERANGAN:)', [...], false)
 5 SYSTEMPATH\Model.php(330): CodeIgniter\Database\BaseBuilder->insert()
 6 SYSTEMPATH\BaseModel.php(782): CodeIgniter\Model->doInsert([...])
 7 SYSTEMPATH\Model.php(730): CodeIgniter\BaseModel->insert([...], false)
 8 SYSTEMPATH\BaseModel.php(692): CodeIgniter\Model->insert([...], false)
 9 APPPATH\Models\AgendaModel.php(20): CodeIgniter\BaseModel->save([...])
10 APPPATH\Controllers\Agenda.php(74): App\Models\AgendaModel->tambah([...])
11 SYSTEMPATH\CodeIgniter.php(934): App\Controllers\Agenda->submit()
12 SYSTEMPATH\CodeIgniter.php(499): CodeIgniter\CodeIgniter->runController(Object(App\Controllers\Agenda))
13 SYSTEMPATH\CodeIgniter.php(368): CodeIgniter\CodeIgniter->handleRequest(null, Object(Config\Cache), false)
14 FCPATH\index.php(67): CodeIgniter\CodeIgniter->run()
15 SYSTEMPATH\Commands\Server\rewrite.php(47): require_once('D:\\detha\\project-ci-magang\\public\\index.php')
ERROR - 2024-05-07 06:11:35 --> mysqli_sql_exception: Column 'BIDANG' cannot be null in D:\detha\project-ci-magang\system\Database\MySQLi\Connection.php:295
Stack trace:
#0 D:\detha\project-ci-magang\system\Database\MySQLi\Connection.php(295): mysqli->query('INSERT INTO `pr...', 0)
#1 D:\detha\project-ci-magang\system\Database\BaseConnection.php(692): CodeIgniter\Database\MySQLi\Connection->execute('INSERT INTO `pr...')
#2 D:\detha\project-ci-magang\system\Database\BaseConnection.php(606): CodeIgniter\Database\BaseConnection->simpleQuery('INSERT INTO `pr...')
#3 D:\detha\project-ci-magang\system\Database\BaseBuilder.php(2309): CodeIgniter\Database\BaseConnection->query('INSERT INTO `pr...', Array, false)
#4 D:\detha\project-ci-magang\system\Model.php(330): CodeIgniter\Database\BaseBuilder->insert()
#5 D:\detha\project-ci-magang\system\BaseModel.php(782): CodeIgniter\Model->doInsert(Array)
#6 D:\detha\project-ci-magang\system\Model.php(730): CodeIgniter\BaseModel->insert(Array, false)
#7 D:\detha\project-ci-magang\system\BaseModel.php(692): CodeIgniter\Model->insert(Array, false)
#8 D:\detha\project-ci-magang\app\Models\AgendaModel.php(20): CodeIgniter\BaseModel->save(Array)
#9 D:\detha\project-ci-magang\app\Controllers\Agenda.php(74): App\Models\AgendaModel->tambah(Array)
#10 D:\detha\project-ci-magang\system\CodeIgniter.php(934): App\Controllers\Agenda->submit()
#11 D:\detha\project-ci-magang\system\CodeIgniter.php(499): CodeIgniter\CodeIgniter->runController(Object(App\Controllers\Agenda))
#12 D:\detha\project-ci-magang\system\CodeIgniter.php(368): CodeIgniter\CodeIgniter->handleRequest(NULL, Object(Config\Cache), false)
#13 D:\detha\project-ci-magang\public\index.php(67): CodeIgniter\CodeIgniter->run()
#14 D:\detha\project-ci-magang\system\Commands\Server\rewrite.php(47): require_once('D:\\detha\\projec...')
#15 {main}
CRITICAL - 2024-05-07 06:11:35 --> Column 'BIDANG' cannot be null
in SYSTEMPATH\Database\MySQLi\Connection.php on line 295.
 1 SYSTEMPATH\Database\MySQLi\Connection.php(295): mysqli->query('INSERT INTO `programasi` (`BIDANG`, `SASARAN_STRATEGIS`, `INDIKATOR`, `TARGET`, `ASUMSI`, `RESIKO`, `KEGIATAN_UTAMA`, `WAKTU`, `SWADAYA`, `DEWAN_PAROKI`, `SUBSIDI_KAS`, `SUMBER_LAIN`, `TOTAL_BIAYA`, `PENANGGUNG_JAWAB`, `KETERANGAN`) VALUES (NULL, NULL, NULL, NULL, NULL, NULL, NULL, NULL, NULL, NULL, NULL, NULL, NULL, NULL, NULL)', 0)
 2 SYSTEMPATH\Database\BaseConnection.php(692): CodeIgniter\Database\MySQLi\Connection->execute('INSERT INTO `programasi` (`BIDANG`, `SASARAN_STRATEGIS`, `INDIKATOR`, `TARGET`, `ASUMSI`, `RESIKO`, `KEGIATAN_UTAMA`, `WAKTU`, `SWADAYA`, `DEWAN_PAROKI`, `SUBSIDI_KAS`, `SUMBER_LAIN`, `TOTAL_BIAYA`, `PENANGGUNG_JAWAB`, `KETERANGAN`) VALUES (NULL, NULL, NULL, NULL, NULL, NULL, NULL, NULL, NULL, NULL, NULL, NULL, NULL, NULL, NULL)')
 3 SYSTEMPATH\Database\BaseConnection.php(606): CodeIgniter\Database\BaseConnection->simpleQuery('INSERT INTO `programasi` (`BIDANG`, `SASARAN_STRATEGIS`, `INDIKATOR`, `TARGET`, `ASUMSI`, `RESIKO`, `KEGIATAN_UTAMA`, `WAKTU`, `SWADAYA`, `DEWAN_PAROKI`, `SUBSIDI_KAS`, `SUMBER_LAIN`, `TOTAL_BIAYA`, `PENANGGUNG_JAWAB`, `KETERANGAN`) VALUES (NULL, NULL, NULL, NULL, NULL, NULL, NULL, NULL, NULL, NULL, NULL, NULL, NULL, NULL, NULL)')
 4 SYSTEMPATH\Database\BaseBuilder.php(2309): CodeIgniter\Database\BaseConnection->query('INSERT INTO `programasi` (`BIDANG`, `SASARAN_STRATEGIS`, `INDIKATOR`, `TARGET`, `ASUMSI`, `RESIKO`, `KEGIATAN_UTAMA`, `WAKTU`, `SWADAYA`, `DEWAN_PAROKI`, `SUBSIDI_KAS`, `SUMBER_LAIN`, `TOTAL_BIAYA`, `PENANGGUNG_JAWAB`, `KETERANGAN`) VALUES (:BIDANG:, :SASARAN_STRATEGIS:, :INDIKATOR:, :TARGET:, :ASUMSI:, :RESIKO:, :KEGIATAN_UTAMA:, :WAKTU:, :SWADAYA:, :DEWAN_PAROKI:, :SUBSIDI_KAS:, :SUMBER_LAIN:, :TOTAL_BIAYA:, :PENANGGUNG_JAWAB:, :KETERANGAN:)', [...], false)
 5 SYSTEMPATH\Model.php(330): CodeIgniter\Database\BaseBuilder->insert()
 6 SYSTEMPATH\BaseModel.php(782): CodeIgniter\Model->doInsert([...])
 7 SYSTEMPATH\Model.php(730): CodeIgniter\BaseModel->insert([...], false)
 8 SYSTEMPATH\BaseModel.php(692): CodeIgniter\Model->insert([...], false)
 9 APPPATH\Models\AgendaModel.php(20): CodeIgniter\BaseModel->save([...])
10 APPPATH\Controllers\Agenda.php(74): App\Models\AgendaModel->tambah([...])
11 SYSTEMPATH\CodeIgniter.php(934): App\Controllers\Agenda->submit()
12 SYSTEMPATH\CodeIgniter.php(499): CodeIgniter\CodeIgniter->runController(Object(App\Controllers\Agenda))
13 SYSTEMPATH\CodeIgniter.php(368): CodeIgniter\CodeIgniter->handleRequest(null, Object(Config\Cache), false)
14 FCPATH\index.php(67): CodeIgniter\CodeIgniter->run()
15 SYSTEMPATH\Commands\Server\rewrite.php(47): require_once('D:\\detha\\project-ci-magang\\public\\index.php')
ERROR - 2024-05-07 06:11:40 --> mysqli_sql_exception: Column 'BIDANG' cannot be null in D:\detha\project-ci-magang\system\Database\MySQLi\Connection.php:295
Stack trace:
#0 D:\detha\project-ci-magang\system\Database\MySQLi\Connection.php(295): mysqli->query('INSERT INTO `pr...', 0)
#1 D:\detha\project-ci-magang\system\Database\BaseConnection.php(692): CodeIgniter\Database\MySQLi\Connection->execute('INSERT INTO `pr...')
#2 D:\detha\project-ci-magang\system\Database\BaseConnection.php(606): CodeIgniter\Database\BaseConnection->simpleQuery('INSERT INTO `pr...')
#3 D:\detha\project-ci-magang\system\Database\BaseBuilder.php(2309): CodeIgniter\Database\BaseConnection->query('INSERT INTO `pr...', Array, false)
#4 D:\detha\project-ci-magang\system\Model.php(330): CodeIgniter\Database\BaseBuilder->insert()
#5 D:\detha\project-ci-magang\system\BaseModel.php(782): CodeIgniter\Model->doInsert(Array)
#6 D:\detha\project-ci-magang\system\Model.php(730): CodeIgniter\BaseModel->insert(Array, false)
#7 D:\detha\project-ci-magang\system\BaseModel.php(692): CodeIgniter\Model->insert(Array, false)
#8 D:\detha\project-ci-magang\app\Models\AgendaModel.php(20): CodeIgniter\BaseModel->save(Array)
#9 D:\detha\project-ci-magang\app\Controllers\Agenda.php(74): App\Models\AgendaModel->tambah(Array)
#10 D:\detha\project-ci-magang\system\CodeIgniter.php(934): App\Controllers\Agenda->submit()
#11 D:\detha\project-ci-magang\system\CodeIgniter.php(499): CodeIgniter\CodeIgniter->runController(Object(App\Controllers\Agenda))
#12 D:\detha\project-ci-magang\system\CodeIgniter.php(368): CodeIgniter\CodeIgniter->handleRequest(NULL, Object(Config\Cache), false)
#13 D:\detha\project-ci-magang\public\index.php(67): CodeIgniter\CodeIgniter->run()
#14 D:\detha\project-ci-magang\system\Commands\Server\rewrite.php(47): require_once('D:\\detha\\projec...')
#15 {main}
CRITICAL - 2024-05-07 06:11:40 --> Column 'BIDANG' cannot be null
in SYSTEMPATH\Database\MySQLi\Connection.php on line 295.
 1 SYSTEMPATH\Database\MySQLi\Connection.php(295): mysqli->query('INSERT INTO `programasi` (`BIDANG`, `SASARAN_STRATEGIS`, `INDIKATOR`, `TARGET`, `ASUMSI`, `RESIKO`, `KEGIATAN_UTAMA`, `WAKTU`, `SWADAYA`, `DEWAN_PAROKI`, `SUBSIDI_KAS`, `SUMBER_LAIN`, `TOTAL_BIAYA`, `PENANGGUNG_JAWAB`, `KETERANGAN`) VALUES (NULL, NULL, NULL, NULL, NULL, NULL, NULL, NULL, NULL, NULL, NULL, NULL, NULL, NULL, NULL)', 0)
 2 SYSTEMPATH\Database\BaseConnection.php(692): CodeIgniter\Database\MySQLi\Connection->execute('INSERT INTO `programasi` (`BIDANG`, `SASARAN_STRATEGIS`, `INDIKATOR`, `TARGET`, `ASUMSI`, `RESIKO`, `KEGIATAN_UTAMA`, `WAKTU`, `SWADAYA`, `DEWAN_PAROKI`, `SUBSIDI_KAS`, `SUMBER_LAIN`, `TOTAL_BIAYA`, `PENANGGUNG_JAWAB`, `KETERANGAN`) VALUES (NULL, NULL, NULL, NULL, NULL, NULL, NULL, NULL, NULL, NULL, NULL, NULL, NULL, NULL, NULL)')
 3 SYSTEMPATH\Database\BaseConnection.php(606): CodeIgniter\Database\BaseConnection->simpleQuery('INSERT INTO `programasi` (`BIDANG`, `SASARAN_STRATEGIS`, `INDIKATOR`, `TARGET`, `ASUMSI`, `RESIKO`, `KEGIATAN_UTAMA`, `WAKTU`, `SWADAYA`, `DEWAN_PAROKI`, `SUBSIDI_KAS`, `SUMBER_LAIN`, `TOTAL_BIAYA`, `PENANGGUNG_JAWAB`, `KETERANGAN`) VALUES (NULL, NULL, NULL, NULL, NULL, NULL, NULL, NULL, NULL, NULL, NULL, NULL, NULL, NULL, NULL)')
 4 SYSTEMPATH\Database\BaseBuilder.php(2309): CodeIgniter\Database\BaseConnection->query('INSERT INTO `programasi` (`BIDANG`, `SASARAN_STRATEGIS`, `INDIKATOR`, `TARGET`, `ASUMSI`, `RESIKO`, `KEGIATAN_UTAMA`, `WAKTU`, `SWADAYA`, `DEWAN_PAROKI`, `SUBSIDI_KAS`, `SUMBER_LAIN`, `TOTAL_BIAYA`, `PENANGGUNG_JAWAB`, `KETERANGAN`) VALUES (:BIDANG:, :SASARAN_STRATEGIS:, :INDIKATOR:, :TARGET:, :ASUMSI:, :RESIKO:, :KEGIATAN_UTAMA:, :WAKTU:, :SWADAYA:, :DEWAN_PAROKI:, :SUBSIDI_KAS:, :SUMBER_LAIN:, :TOTAL_BIAYA:, :PENANGGUNG_JAWAB:, :KETERANGAN:)', [...], false)
 5 SYSTEMPATH\Model.php(330): CodeIgniter\Database\BaseBuilder->insert()
 6 SYSTEMPATH\BaseModel.php(782): CodeIgniter\Model->doInsert([...])
 7 SYSTEMPATH\Model.php(730): CodeIgniter\BaseModel->insert([...], false)
 8 SYSTEMPATH\BaseModel.php(692): CodeIgniter\Model->insert([...], false)
 9 APPPATH\Models\AgendaModel.php(20): CodeIgniter\BaseModel->save([...])
10 APPPATH\Controllers\Agenda.php(74): App\Models\AgendaModel->tambah([...])
11 SYSTEMPATH\CodeIgniter.php(934): App\Controllers\Agenda->submit()
12 SYSTEMPATH\CodeIgniter.php(499): CodeIgniter\CodeIgniter->runController(Object(App\Controllers\Agenda))
13 SYSTEMPATH\CodeIgniter.php(368): CodeIgniter\CodeIgniter->handleRequest(null, Object(Config\Cache), false)
14 FCPATH\index.php(67): CodeIgniter\CodeIgniter->run()
15 SYSTEMPATH\Commands\Server\rewrite.php(47): require_once('D:\\detha\\project-ci-magang\\public\\index.php')
ERROR - 2024-05-07 06:13:23 --> mysqli_sql_exception: Column 'BIDANG' cannot be null in D:\detha\project-ci-magang\system\Database\MySQLi\Connection.php:295
Stack trace:
#0 D:\detha\project-ci-magang\system\Database\MySQLi\Connection.php(295): mysqli->query('INSERT INTO `pr...', 0)
#1 D:\detha\project-ci-magang\system\Database\BaseConnection.php(692): CodeIgniter\Database\MySQLi\Connection->execute('INSERT INTO `pr...')
#2 D:\detha\project-ci-magang\system\Database\BaseConnection.php(606): CodeIgniter\Database\BaseConnection->simpleQuery('INSERT INTO `pr...')
#3 D:\detha\project-ci-magang\system\Database\BaseBuilder.php(2309): CodeIgniter\Database\BaseConnection->query('INSERT INTO `pr...', Array, false)
#4 D:\detha\project-ci-magang\system\Model.php(330): CodeIgniter\Database\BaseBuilder->insert()
#5 D:\detha\project-ci-magang\system\BaseModel.php(782): CodeIgniter\Model->doInsert(Array)
#6 D:\detha\project-ci-magang\system\Model.php(730): CodeIgniter\BaseModel->insert(Array, false)
#7 D:\detha\project-ci-magang\system\BaseModel.php(692): CodeIgniter\Model->insert(Array, false)
#8 D:\detha\project-ci-magang\app\Models\AgendaModel.php(20): CodeIgniter\BaseModel->save(Array)
#9 D:\detha\project-ci-magang\app\Controllers\Agenda.php(74): App\Models\AgendaModel->tambah(Array)
#10 D:\detha\project-ci-magang\system\CodeIgniter.php(934): App\Controllers\Agenda->submit()
#11 D:\detha\project-ci-magang\system\CodeIgniter.php(499): CodeIgniter\CodeIgniter->runController(Object(App\Controllers\Agenda))
#12 D:\detha\project-ci-magang\system\CodeIgniter.php(368): CodeIgniter\CodeIgniter->handleRequest(NULL, Object(Config\Cache), false)
#13 D:\detha\project-ci-magang\public\index.php(67): CodeIgniter\CodeIgniter->run()
#14 D:\detha\project-ci-magang\system\Commands\Server\rewrite.php(47): require_once('D:\\detha\\projec...')
#15 {main}
CRITICAL - 2024-05-07 06:13:23 --> Column 'BIDANG' cannot be null
in SYSTEMPATH\Database\MySQLi\Connection.php on line 295.
 1 SYSTEMPATH\Database\MySQLi\Connection.php(295): mysqli->query('INSERT INTO `programasi` (`BIDANG`, `SASARAN_STRATEGIS`, `INDIKATOR`, `TARGET`, `ASUMSI`, `RESIKO`, `KEGIATAN_UTAMA`, `WAKTU`, `SWADAYA`, `DEWAN_PAROKI`, `SUBSIDI_KAS`, `SUMBER_LAIN`, `TOTAL_BIAYA`, `PENANGGUNG_JAWAB`, `KETERANGAN`) VALUES (NULL, NULL, NULL, NULL, NULL, NULL, NULL, NULL, NULL, NULL, NULL, NULL, NULL, NULL, NULL)', 0)
 2 SYSTEMPATH\Database\BaseConnection.php(692): CodeIgniter\Database\MySQLi\Connection->execute('INSERT INTO `programasi` (`BIDANG`, `SASARAN_STRATEGIS`, `INDIKATOR`, `TARGET`, `ASUMSI`, `RESIKO`, `KEGIATAN_UTAMA`, `WAKTU`, `SWADAYA`, `DEWAN_PAROKI`, `SUBSIDI_KAS`, `SUMBER_LAIN`, `TOTAL_BIAYA`, `PENANGGUNG_JAWAB`, `KETERANGAN`) VALUES (NULL, NULL, NULL, NULL, NULL, NULL, NULL, NULL, NULL, NULL, NULL, NULL, NULL, NULL, NULL)')
 3 SYSTEMPATH\Database\BaseConnection.php(606): CodeIgniter\Database\BaseConnection->simpleQuery('INSERT INTO `programasi` (`BIDANG`, `SASARAN_STRATEGIS`, `INDIKATOR`, `TARGET`, `ASUMSI`, `RESIKO`, `KEGIATAN_UTAMA`, `WAKTU`, `SWADAYA`, `DEWAN_PAROKI`, `SUBSIDI_KAS`, `SUMBER_LAIN`, `TOTAL_BIAYA`, `PENANGGUNG_JAWAB`, `KETERANGAN`) VALUES (NULL, NULL, NULL, NULL, NULL, NULL, NULL, NULL, NULL, NULL, NULL, NULL, NULL, NULL, NULL)')
 4 SYSTEMPATH\Database\BaseBuilder.php(2309): CodeIgniter\Database\BaseConnection->query('INSERT INTO `programasi` (`BIDANG`, `SASARAN_STRATEGIS`, `INDIKATOR`, `TARGET`, `ASUMSI`, `RESIKO`, `KEGIATAN_UTAMA`, `WAKTU`, `SWADAYA`, `DEWAN_PAROKI`, `SUBSIDI_KAS`, `SUMBER_LAIN`, `TOTAL_BIAYA`, `PENANGGUNG_JAWAB`, `KETERANGAN`) VALUES (:BIDANG:, :SASARAN_STRATEGIS:, :INDIKATOR:, :TARGET:, :ASUMSI:, :RESIKO:, :KEGIATAN_UTAMA:, :WAKTU:, :SWADAYA:, :DEWAN_PAROKI:, :SUBSIDI_KAS:, :SUMBER_LAIN:, :TOTAL_BIAYA:, :PENANGGUNG_JAWAB:, :KETERANGAN:)', [...], false)
 5 SYSTEMPATH\Model.php(330): CodeIgniter\Database\BaseBuilder->insert()
 6 SYSTEMPATH\BaseModel.php(782): CodeIgniter\Model->doInsert([...])
 7 SYSTEMPATH\Model.php(730): CodeIgniter\BaseModel->insert([...], false)
 8 SYSTEMPATH\BaseModel.php(692): CodeIgniter\Model->insert([...], false)
 9 APPPATH\Models\AgendaModel.php(20): CodeIgniter\BaseModel->save([...])
10 APPPATH\Controllers\Agenda.php(74): App\Models\AgendaModel->tambah([...])
11 SYSTEMPATH\CodeIgniter.php(934): App\Controllers\Agenda->submit()
12 SYSTEMPATH\CodeIgniter.php(499): CodeIgniter\CodeIgniter->runController(Object(App\Controllers\Agenda))
13 SYSTEMPATH\CodeIgniter.php(368): CodeIgniter\CodeIgniter->handleRequest(null, Object(Config\Cache), false)
14 FCPATH\index.php(67): CodeIgniter\CodeIgniter->run()
15 SYSTEMPATH\Commands\Server\rewrite.php(47): require_once('D:\\detha\\project-ci-magang\\public\\index.php')
CRITICAL - 2024-05-07 06:20:59 --> Call to a member function isValid() on null
in APPPATH\Controllers\Agenda.php on line 33.
 1 SYSTEMPATH\CodeIgniter.php(934): App\Controllers\Agenda->submit()
 2 SYSTEMPATH\CodeIgniter.php(499): CodeIgniter\CodeIgniter->runController(Object(App\Controllers\Agenda))
 3 SYSTEMPATH\CodeIgniter.php(368): CodeIgniter\CodeIgniter->handleRequest(null, Object(Config\Cache), false)
 4 FCPATH\index.php(67): CodeIgniter\CodeIgniter->run()
 5 SYSTEMPATH\Commands\Server\rewrite.php(47): require_once('D:\\detha\\project-ci-magang\\public\\index.php')
INFO - 2024-05-07 06:51:55 --> Session: Class initialized using 'CodeIgniter\Session\Handlers\FileHandler' driver.
INFO - 2024-05-07 06:51:55 --> Session: Class initialized using 'CodeIgniter\Session\Handlers\FileHandler' driver.
INFO - 2024-05-07 07:21:01 --> Session: Class initialized using 'CodeIgniter\Session\Handlers\FileHandler' driver.
CRITICAL - 2024-05-07 08:05:23 --> Call to undefined method App\Models\UserModel::tambah
in SYSTEMPATH\Model.php on line 842.
 1 APPPATH\Controllers\DPPH.php(37): CodeIgniter\Model->__call('tambah', [...])
 2 SYSTEMPATH\CodeIgniter.php(934): App\Controllers\DPPH->submit()
 3 SYSTEMPATH\CodeIgniter.php(499): CodeIgniter\CodeIgniter->runController(Object(App\Controllers\DPPH))
 4 SYSTEMPATH\CodeIgniter.php(368): CodeIgniter\CodeIgniter->handleRequest(null, Object(Config\Cache), false)
 5 FCPATH\index.php(67): CodeIgniter\CodeIgniter->run()
 6 SYSTEMPATH\Commands\Server\rewrite.php(47): require_once('D:\\detha\\project-ci-magang\\public\\index.php')
INFO - 2024-05-07 08:14:55 --> Session: Class initialized using 'CodeIgniter\Session\Handlers\FileHandler' driver.
INFO - 2024-05-07 08:14:55 --> Session: Class initialized using 'CodeIgniter\Session\Handlers\FileHandler' driver.
INFO - 2024-05-07 08:38:23 --> Session: Class initialized using 'CodeIgniter\Session\Handlers\FileHandler' driver.
INFO - 2024-05-07 08:38:23 --> Session: Class initialized using 'CodeIgniter\Session\Handlers\FileHandler' driver.
