ERROR - 2024-05-21 04:00:01 --> mysqli_sql_exception: Table 'gereja.laporan' doesn't exist in D:\detha\KULIAH\KP\project-ci-magang\system\Database\MySQLi\Connection.php:295
Stack trace:
#0 D:\detha\KULIAH\KP\project-ci-magang\system\Database\MySQLi\Connection.php(295): mysqli->query('SELECT *\nFROM `...', 0)
#1 D:\detha\KULIAH\KP\project-ci-magang\system\Database\BaseConnection.php(692): CodeIgniter\Database\MySQLi\Connection->execute('SELECT *\nFROM `...')
#2 D:\detha\KULIAH\KP\project-ci-magang\system\Database\BaseConnection.php(606): CodeIgniter\Database\BaseConnection->simpleQuery('SELECT *\nFROM `...')
#3 D:\detha\KULIAH\KP\project-ci-magang\system\Database\BaseBuilder.php(1616): CodeIgniter\Database\BaseConnection->query('SELECT *\nFROM `...', Array, false)
#4 D:\detha\KULIAH\KP\project-ci-magang\system\Model.php(241): CodeIgniter\Database\BaseBuilder->get()
#5 D:\detha\KULIAH\KP\project-ci-magang\system\BaseModel.php(618): CodeIgniter\Model->doFindAll(0, 0)
#6 D:\detha\KULIAH\KP\project-ci-magang\app\Controllers\Laporan.php(17): CodeIgniter\BaseModel->findAll()
#7 D:\detha\KULIAH\KP\project-ci-magang\system\CodeIgniter.php(934): App\Controllers\Laporan->getAllLaporan()
#8 D:\detha\KULIAH\KP\project-ci-magang\system\CodeIgniter.php(499): CodeIgniter\CodeIgniter->runController(Object(App\Controllers\Laporan))
#9 D:\detha\KULIAH\KP\project-ci-magang\system\CodeIgniter.php(368): CodeIgniter\CodeIgniter->handleRequest(NULL, Object(Config\Cache), false)
#10 D:\detha\KULIAH\KP\project-ci-magang\public\index.php(67): CodeIgniter\CodeIgniter->run()
#11 D:\detha\KULIAH\KP\project-ci-magang\system\Commands\Server\rewrite.php(47): require_once('D:\\detha\\KULIAH...')
#12 {main}
CRITICAL - 2024-05-21 04:00:01 --> Table 'gereja.laporan' doesn't exist
in SYSTEMPATH\Database\MySQLi\Connection.php on line 295.
 1 SYSTEMPATH\Database\MySQLi\Connection.php(295): mysqli->query('SELECT *
FROM `laporan`', 0)
 2 SYSTEMPATH\Database\BaseConnection.php(692): CodeIgniter\Database\MySQLi\Connection->execute('SELECT *
FROM `laporan`')
 3 SYSTEMPATH\Database\BaseConnection.php(606): CodeIgniter\Database\BaseConnection->simpleQuery('SELECT *
FROM `laporan`')
 4 SYSTEMPATH\Database\BaseBuilder.php(1616): CodeIgniter\Database\BaseConnection->query('SELECT *
FROM `laporan`', [], false)
 5 SYSTEMPATH\Model.php(241): CodeIgniter\Database\BaseBuilder->get()
 6 SYSTEMPATH\BaseModel.php(618): CodeIgniter\Model->doFindAll(0, 0)
 7 APPPATH\Controllers\Laporan.php(17): CodeIgniter\BaseModel->findAll()
 8 SYSTEMPATH\CodeIgniter.php(934): App\Controllers\Laporan->getAllLaporan()
 9 SYSTEMPATH\CodeIgniter.php(499): CodeIgniter\CodeIgniter->runController(Object(App\Controllers\Laporan))
10 SYSTEMPATH\CodeIgniter.php(368): CodeIgniter\CodeIgniter->handleRequest(null, Object(Config\Cache), false)
11 FCPATH\index.php(67): CodeIgniter\CodeIgniter->run()
12 SYSTEMPATH\Commands\Server\rewrite.php(47): require_once('D:\\detha\\KULIAH\\KP\\project-ci-magang\\public\\index.php')
ERROR - 2024-05-21 04:00:40 --> mysqli_sql_exception: Table 'gereja.laporan' doesn't exist in D:\detha\KULIAH\KP\project-ci-magang\system\Database\MySQLi\Connection.php:295
Stack trace:
#0 D:\detha\KULIAH\KP\project-ci-magang\system\Database\MySQLi\Connection.php(295): mysqli->query('SELECT *\nFROM `...', 0)
#1 D:\detha\KULIAH\KP\project-ci-magang\system\Database\BaseConnection.php(692): CodeIgniter\Database\MySQLi\Connection->execute('SELECT *\nFROM `...')
#2 D:\detha\KULIAH\KP\project-ci-magang\system\Database\BaseConnection.php(606): CodeIgniter\Database\BaseConnection->simpleQuery('SELECT *\nFROM `...')
#3 D:\detha\KULIAH\KP\project-ci-magang\system\Database\BaseBuilder.php(1616): CodeIgniter\Database\BaseConnection->query('SELECT *\nFROM `...', Array, false)
#4 D:\detha\KULIAH\KP\project-ci-magang\system\Model.php(241): CodeIgniter\Database\BaseBuilder->get()
#5 D:\detha\KULIAH\KP\project-ci-magang\system\BaseModel.php(618): CodeIgniter\Model->doFindAll(0, 0)
#6 D:\detha\KULIAH\KP\project-ci-magang\app\Controllers\Laporan.php(17): CodeIgniter\BaseModel->findAll()
#7 D:\detha\KULIAH\KP\project-ci-magang\system\CodeIgniter.php(934): App\Controllers\Laporan->getAllLaporan()
#8 D:\detha\KULIAH\KP\project-ci-magang\system\CodeIgniter.php(499): CodeIgniter\CodeIgniter->runController(Object(App\Controllers\Laporan))
#9 D:\detha\KULIAH\KP\project-ci-magang\system\CodeIgniter.php(368): CodeIgniter\CodeIgniter->handleRequest(NULL, Object(Config\Cache), false)
#10 D:\detha\KULIAH\KP\project-ci-magang\public\index.php(67): CodeIgniter\CodeIgniter->run()
#11 D:\detha\KULIAH\KP\project-ci-magang\system\Commands\Server\rewrite.php(47): require_once('D:\\detha\\KULIAH...')
#12 {main}
CRITICAL - 2024-05-21 04:00:40 --> Table 'gereja.laporan' doesn't exist
in SYSTEMPATH\Database\MySQLi\Connection.php on line 295.
 1 SYSTEMPATH\Database\MySQLi\Connection.php(295): mysqli->query('SELECT *
FROM `laporan`', 0)
 2 SYSTEMPATH\Database\BaseConnection.php(692): CodeIgniter\Database\MySQLi\Connection->execute('SELECT *
FROM `laporan`')
 3 SYSTEMPATH\Database\BaseConnection.php(606): CodeIgniter\Database\BaseConnection->simpleQuery('SELECT *
FROM `laporan`')
 4 SYSTEMPATH\Database\BaseBuilder.php(1616): CodeIgniter\Database\BaseConnection->query('SELECT *
FROM `laporan`', [], false)
 5 SYSTEMPATH\Model.php(241): CodeIgniter\Database\BaseBuilder->get()
 6 SYSTEMPATH\BaseModel.php(618): CodeIgniter\Model->doFindAll(0, 0)
 7 APPPATH\Controllers\Laporan.php(17): CodeIgniter\BaseModel->findAll()
 8 SYSTEMPATH\CodeIgniter.php(934): App\Controllers\Laporan->getAllLaporan()
 9 SYSTEMPATH\CodeIgniter.php(499): CodeIgniter\CodeIgniter->runController(Object(App\Controllers\Laporan))
10 SYSTEMPATH\CodeIgniter.php(368): CodeIgniter\CodeIgniter->handleRequest(null, Object(Config\Cache), false)
11 FCPATH\index.php(67): CodeIgniter\CodeIgniter->run()
12 SYSTEMPATH\Commands\Server\rewrite.php(47): require_once('D:\\detha\\KULIAH\\KP\\project-ci-magang\\public\\index.php')
