ERROR - 2024-04-22 04:07:30 --> Error connecting to the database: mysqli_sql_exception: No connection could be made because the target machine actively refused it in D:\detha\project-kp\system\Database\MySQLi\Connection.php:173
Stack trace:
#0 D:\detha\project-kp\system\Database\MySQLi\Connection.php(173): mysqli->real_connect('localhost', 'root', Object(SensitiveParameterValue), 'gereja', 3306, '', 0)
#1 D:\detha\project-kp\system\Database\BaseConnection.php(391): CodeIgniter\Database\MySQLi\Connection->connect(false)
#2 D:\detha\project-kp\system\Database\BaseConnection.php(574): CodeIgniter\Database\BaseConnection->initialize()
#3 D:\detha\project-kp\system\Database\BaseBuilder.php(1616): CodeIgniter\Database\BaseConnection->query('SELECT *\nFROM `...', Array, false)
#4 D:\detha\project-kp\system\Model.php(241): CodeIgniter\Database\BaseBuilder->get()
#5 D:\detha\project-kp\system\BaseModel.php(618): CodeIgniter\Model->doFindAll(0, 0)
#6 D:\detha\project-kp\app\Controllers\Monev.php(18): CodeIgniter\BaseModel->findAll()
#7 D:\detha\project-kp\system\CodeIgniter.php(934): App\Controllers\Monev->getAllMonev()
#8 D:\detha\project-kp\system\CodeIgniter.php(499): CodeIgniter\CodeIgniter->runController(Object(App\Controllers\Monev))
#9 D:\detha\project-kp\system\CodeIgniter.php(368): CodeIgniter\CodeIgniter->handleRequest(NULL, Object(Config\Cache), false)
#10 D:\detha\project-kp\public\index.php(67): CodeIgniter\CodeIgniter->run()
#11 D:\detha\project-kp\system\Commands\Server\rewrite.php(47): require_once('D:\\detha\\projec...')
#12 {main}

Next CodeIgniter\Database\Exceptions\DatabaseException: No connection could be made because the target machine actively refused it in D:\detha\project-kp\system\Database\MySQLi\Connection.php:218
Stack trace:
#0 D:\detha\project-kp\system\Database\BaseConnection.php(391): CodeIgniter\Database\MySQLi\Connection->connect(false)
#1 D:\detha\project-kp\system\Database\BaseConnection.php(574): CodeIgniter\Database\BaseConnection->initialize()
#2 D:\detha\project-kp\system\Database\BaseBuilder.php(1616): CodeIgniter\Database\BaseConnection->query('SELECT *\nFROM `...', Array, false)
#3 D:\detha\project-kp\system\Model.php(241): CodeIgniter\Database\BaseBuilder->get()
#4 D:\detha\project-kp\system\BaseModel.php(618): CodeIgniter\Model->doFindAll(0, 0)
#5 D:\detha\project-kp\app\Controllers\Monev.php(18): CodeIgniter\BaseModel->findAll()
#6 D:\detha\project-kp\system\CodeIgniter.php(934): App\Controllers\Monev->getAllMonev()
#7 D:\detha\project-kp\system\CodeIgniter.php(499): CodeIgniter\CodeIgniter->runController(Object(App\Controllers\Monev))
#8 D:\detha\project-kp\system\CodeIgniter.php(368): CodeIgniter\CodeIgniter->handleRequest(NULL, Object(Config\Cache), false)
#9 D:\detha\project-kp\public\index.php(67): CodeIgniter\CodeIgniter->run()
#10 D:\detha\project-kp\system\Commands\Server\rewrite.php(47): require_once('D:\\detha\\projec...')
#11 {main}
CRITICAL - 2024-04-22 04:07:30 --> Unable to connect to the database.
Main connection [MySQLi]: No connection could be made because the target machine actively refused it
in SYSTEMPATH\Database\BaseConnection.php on line 427.
 1 SYSTEMPATH\Database\BaseConnection.php(574): CodeIgniter\Database\BaseConnection->initialize()
 2 SYSTEMPATH\Database\BaseBuilder.php(1616): CodeIgniter\Database\BaseConnection->query('SELECT *
FROM `programasi`', [], false)
 3 SYSTEMPATH\Model.php(241): CodeIgniter\Database\BaseBuilder->get()
 4 SYSTEMPATH\BaseModel.php(618): CodeIgniter\Model->doFindAll(0, 0)
 5 APPPATH\Controllers\Monev.php(18): CodeIgniter\BaseModel->findAll()
 6 SYSTEMPATH\CodeIgniter.php(934): App\Controllers\Monev->getAllMonev()
 7 SYSTEMPATH\CodeIgniter.php(499): CodeIgniter\CodeIgniter->runController(Object(App\Controllers\Monev))
 8 SYSTEMPATH\CodeIgniter.php(368): CodeIgniter\CodeIgniter->handleRequest(null, Object(Config\Cache), false)
 9 FCPATH\index.php(67): CodeIgniter\CodeIgniter->run()
10 SYSTEMPATH\Commands\Server\rewrite.php(47): require_once('D:\\detha\\project-kp\\public\\index.php')
INFO - 2024-04-22 04:07:31 --> Session: Class initialized using 'CodeIgniter\Session\Handlers\FileHandler' driver.
INFO - 2024-04-22 04:07:31 --> Session: Class initialized using 'CodeIgniter\Session\Handlers\FileHandler' driver.
INFO - 2024-04-22 04:07:39 --> Session: Class initialized using 'CodeIgniter\Session\Handlers\FileHandler' driver.
INFO - 2024-04-22 04:07:40 --> Session: Class initialized using 'CodeIgniter\Session\Handlers\FileHandler' driver.
ERROR - 2024-04-22 04:07:52 --> Error connecting to the database: mysqli_sql_exception: No connection could be made because the target machine actively refused it in D:\detha\project-kp\system\Database\MySQLi\Connection.php:173
Stack trace:
#0 D:\detha\project-kp\system\Database\MySQLi\Connection.php(173): mysqli->real_connect('localhost', 'root', Object(SensitiveParameterValue), 'gereja', 3306, '', 0)
#1 D:\detha\project-kp\system\Database\BaseConnection.php(391): CodeIgniter\Database\MySQLi\Connection->connect(false)
#2 D:\detha\project-kp\system\Database\BaseConnection.php(574): CodeIgniter\Database\BaseConnection->initialize()
#3 D:\detha\project-kp\system\Database\BaseBuilder.php(1616): CodeIgniter\Database\BaseConnection->query('SELECT *\nFROM `...', Array, false)
#4 D:\detha\project-kp\system\Model.php(241): CodeIgniter\Database\BaseBuilder->get()
#5 D:\detha\project-kp\system\BaseModel.php(618): CodeIgniter\Model->doFindAll(0, 0)
#6 D:\detha\project-kp\app\Controllers\Agenda.php(18): CodeIgniter\BaseModel->findAll()
#7 D:\detha\project-kp\system\CodeIgniter.php(934): App\Controllers\Agenda->getAllAgenda()
#8 D:\detha\project-kp\system\CodeIgniter.php(499): CodeIgniter\CodeIgniter->runController(Object(App\Controllers\Agenda))
#9 D:\detha\project-kp\system\CodeIgniter.php(368): CodeIgniter\CodeIgniter->handleRequest(NULL, Object(Config\Cache), false)
#10 D:\detha\project-kp\public\index.php(67): CodeIgniter\CodeIgniter->run()
#11 D:\detha\project-kp\system\Commands\Server\rewrite.php(47): require_once('D:\\detha\\projec...')
#12 {main}

Next CodeIgniter\Database\Exceptions\DatabaseException: No connection could be made because the target machine actively refused it in D:\detha\project-kp\system\Database\MySQLi\Connection.php:218
Stack trace:
#0 D:\detha\project-kp\system\Database\BaseConnection.php(391): CodeIgniter\Database\MySQLi\Connection->connect(false)
#1 D:\detha\project-kp\system\Database\BaseConnection.php(574): CodeIgniter\Database\BaseConnection->initialize()
#2 D:\detha\project-kp\system\Database\BaseBuilder.php(1616): CodeIgniter\Database\BaseConnection->query('SELECT *\nFROM `...', Array, false)
#3 D:\detha\project-kp\system\Model.php(241): CodeIgniter\Database\BaseBuilder->get()
#4 D:\detha\project-kp\system\BaseModel.php(618): CodeIgniter\Model->doFindAll(0, 0)
#5 D:\detha\project-kp\app\Controllers\Agenda.php(18): CodeIgniter\BaseModel->findAll()
#6 D:\detha\project-kp\system\CodeIgniter.php(934): App\Controllers\Agenda->getAllAgenda()
#7 D:\detha\project-kp\system\CodeIgniter.php(499): CodeIgniter\CodeIgniter->runController(Object(App\Controllers\Agenda))
#8 D:\detha\project-kp\system\CodeIgniter.php(368): CodeIgniter\CodeIgniter->handleRequest(NULL, Object(Config\Cache), false)
#9 D:\detha\project-kp\public\index.php(67): CodeIgniter\CodeIgniter->run()
#10 D:\detha\project-kp\system\Commands\Server\rewrite.php(47): require_once('D:\\detha\\projec...')
#11 {main}
CRITICAL - 2024-04-22 04:07:52 --> Unable to connect to the database.
Main connection [MySQLi]: No connection could be made because the target machine actively refused it
in SYSTEMPATH\Database\BaseConnection.php on line 427.
 1 SYSTEMPATH\Database\BaseConnection.php(574): CodeIgniter\Database\BaseConnection->initialize()
 2 SYSTEMPATH\Database\BaseBuilder.php(1616): CodeIgniter\Database\BaseConnection->query('SELECT *
FROM `programasi`', [], false)
 3 SYSTEMPATH\Model.php(241): CodeIgniter\Database\BaseBuilder->get()
 4 SYSTEMPATH\BaseModel.php(618): CodeIgniter\Model->doFindAll(0, 0)
 5 APPPATH\Controllers\Agenda.php(18): CodeIgniter\BaseModel->findAll()
 6 SYSTEMPATH\CodeIgniter.php(934): App\Controllers\Agenda->getAllAgenda()
 7 SYSTEMPATH\CodeIgniter.php(499): CodeIgniter\CodeIgniter->runController(Object(App\Controllers\Agenda))
 8 SYSTEMPATH\CodeIgniter.php(368): CodeIgniter\CodeIgniter->handleRequest(null, Object(Config\Cache), false)
 9 FCPATH\index.php(67): CodeIgniter\CodeIgniter->run()
10 SYSTEMPATH\Commands\Server\rewrite.php(47): require_once('D:\\detha\\project-kp\\public\\index.php')
ERROR - 2024-04-22 04:09:20 --> Error connecting to the database: mysqli_sql_exception: No connection could be made because the target machine actively refused it in D:\detha\project-kp\system\Database\MySQLi\Connection.php:173
Stack trace:
#0 D:\detha\project-kp\system\Database\MySQLi\Connection.php(173): mysqli->real_connect('localhost', 'root', Object(SensitiveParameterValue), 'gereja', 3306, '', 0)
#1 D:\detha\project-kp\system\Database\BaseConnection.php(391): CodeIgniter\Database\MySQLi\Connection->connect(false)
#2 D:\detha\project-kp\system\Database\BaseConnection.php(574): CodeIgniter\Database\BaseConnection->initialize()
#3 D:\detha\project-kp\system\Database\BaseBuilder.php(1616): CodeIgniter\Database\BaseConnection->query('SELECT *\nFROM `...', Array, false)
#4 D:\detha\project-kp\system\Model.php(241): CodeIgniter\Database\BaseBuilder->get()
#5 D:\detha\project-kp\system\BaseModel.php(618): CodeIgniter\Model->doFindAll(0, 0)
#6 D:\detha\project-kp\app\Controllers\Agenda.php(18): CodeIgniter\BaseModel->findAll()
#7 D:\detha\project-kp\system\CodeIgniter.php(934): App\Controllers\Agenda->getAllAgenda()
#8 D:\detha\project-kp\system\CodeIgniter.php(499): CodeIgniter\CodeIgniter->runController(Object(App\Controllers\Agenda))
#9 D:\detha\project-kp\system\CodeIgniter.php(368): CodeIgniter\CodeIgniter->handleRequest(NULL, Object(Config\Cache), false)
#10 D:\detha\project-kp\public\index.php(67): CodeIgniter\CodeIgniter->run()
#11 D:\detha\project-kp\system\Commands\Server\rewrite.php(47): require_once('D:\\detha\\projec...')
#12 {main}

Next CodeIgniter\Database\Exceptions\DatabaseException: No connection could be made because the target machine actively refused it in D:\detha\project-kp\system\Database\MySQLi\Connection.php:218
Stack trace:
#0 D:\detha\project-kp\system\Database\BaseConnection.php(391): CodeIgniter\Database\MySQLi\Connection->connect(false)
#1 D:\detha\project-kp\system\Database\BaseConnection.php(574): CodeIgniter\Database\BaseConnection->initialize()
#2 D:\detha\project-kp\system\Database\BaseBuilder.php(1616): CodeIgniter\Database\BaseConnection->query('SELECT *\nFROM `...', Array, false)
#3 D:\detha\project-kp\system\Model.php(241): CodeIgniter\Database\BaseBuilder->get()
#4 D:\detha\project-kp\system\BaseModel.php(618): CodeIgniter\Model->doFindAll(0, 0)
#5 D:\detha\project-kp\app\Controllers\Agenda.php(18): CodeIgniter\BaseModel->findAll()
#6 D:\detha\project-kp\system\CodeIgniter.php(934): App\Controllers\Agenda->getAllAgenda()
#7 D:\detha\project-kp\system\CodeIgniter.php(499): CodeIgniter\CodeIgniter->runController(Object(App\Controllers\Agenda))
#8 D:\detha\project-kp\system\CodeIgniter.php(368): CodeIgniter\CodeIgniter->handleRequest(NULL, Object(Config\Cache), false)
#9 D:\detha\project-kp\public\index.php(67): CodeIgniter\CodeIgniter->run()
#10 D:\detha\project-kp\system\Commands\Server\rewrite.php(47): require_once('D:\\detha\\projec...')
#11 {main}
CRITICAL - 2024-04-22 04:09:20 --> Unable to connect to the database.
Main connection [MySQLi]: No connection could be made because the target machine actively refused it
in SYSTEMPATH\Database\BaseConnection.php on line 427.
 1 SYSTEMPATH\Database\BaseConnection.php(574): CodeIgniter\Database\BaseConnection->initialize()
 2 SYSTEMPATH\Database\BaseBuilder.php(1616): CodeIgniter\Database\BaseConnection->query('SELECT *
FROM `programasi`', [], false)
 3 SYSTEMPATH\Model.php(241): CodeIgniter\Database\BaseBuilder->get()
 4 SYSTEMPATH\BaseModel.php(618): CodeIgniter\Model->doFindAll(0, 0)
 5 APPPATH\Controllers\Agenda.php(18): CodeIgniter\BaseModel->findAll()
 6 SYSTEMPATH\CodeIgniter.php(934): App\Controllers\Agenda->getAllAgenda()
 7 SYSTEMPATH\CodeIgniter.php(499): CodeIgniter\CodeIgniter->runController(Object(App\Controllers\Agenda))
 8 SYSTEMPATH\CodeIgniter.php(368): CodeIgniter\CodeIgniter->handleRequest(null, Object(Config\Cache), false)
 9 FCPATH\index.php(67): CodeIgniter\CodeIgniter->run()
10 SYSTEMPATH\Commands\Server\rewrite.php(47): require_once('D:\\detha\\project-kp\\public\\index.php')
INFO - 2024-04-22 04:11:37 --> Session: Class initialized using 'CodeIgniter\Session\Handlers\FileHandler' driver.
INFO - 2024-04-22 04:11:38 --> Session: Class initialized using 'CodeIgniter\Session\Handlers\FileHandler' driver.
ERROR - 2024-04-22 04:11:49 --> Error connecting to the database: mysqli_sql_exception: No connection could be made because the target machine actively refused it in D:\detha\project-kp\system\Database\MySQLi\Connection.php:173
Stack trace:
#0 D:\detha\project-kp\system\Database\MySQLi\Connection.php(173): mysqli->real_connect('localhost', 'root', Object(SensitiveParameterValue), 'gereja', 3306, '', 0)
#1 D:\detha\project-kp\system\Database\BaseConnection.php(391): CodeIgniter\Database\MySQLi\Connection->connect(false)
#2 D:\detha\project-kp\system\Database\BaseConnection.php(574): CodeIgniter\Database\BaseConnection->initialize()
#3 D:\detha\project-kp\system\Database\BaseBuilder.php(1616): CodeIgniter\Database\BaseConnection->query('SELECT *\nFROM `...', Array, false)
#4 D:\detha\project-kp\system\Model.php(241): CodeIgniter\Database\BaseBuilder->get()
#5 D:\detha\project-kp\system\BaseModel.php(618): CodeIgniter\Model->doFindAll(0, 0)
#6 D:\detha\project-kp\app\Controllers\Agenda.php(18): CodeIgniter\BaseModel->findAll()
#7 D:\detha\project-kp\system\CodeIgniter.php(934): App\Controllers\Agenda->getAllAgenda()
#8 D:\detha\project-kp\system\CodeIgniter.php(499): CodeIgniter\CodeIgniter->runController(Object(App\Controllers\Agenda))
#9 D:\detha\project-kp\system\CodeIgniter.php(368): CodeIgniter\CodeIgniter->handleRequest(NULL, Object(Config\Cache), false)
#10 D:\detha\project-kp\public\index.php(67): CodeIgniter\CodeIgniter->run()
#11 D:\detha\project-kp\system\Commands\Server\rewrite.php(47): require_once('D:\\detha\\projec...')
#12 {main}

Next CodeIgniter\Database\Exceptions\DatabaseException: No connection could be made because the target machine actively refused it in D:\detha\project-kp\system\Database\MySQLi\Connection.php:218
Stack trace:
#0 D:\detha\project-kp\system\Database\BaseConnection.php(391): CodeIgniter\Database\MySQLi\Connection->connect(false)
#1 D:\detha\project-kp\system\Database\BaseConnection.php(574): CodeIgniter\Database\BaseConnection->initialize()
#2 D:\detha\project-kp\system\Database\BaseBuilder.php(1616): CodeIgniter\Database\BaseConnection->query('SELECT *\nFROM `...', Array, false)
#3 D:\detha\project-kp\system\Model.php(241): CodeIgniter\Database\BaseBuilder->get()
#4 D:\detha\project-kp\system\BaseModel.php(618): CodeIgniter\Model->doFindAll(0, 0)
#5 D:\detha\project-kp\app\Controllers\Agenda.php(18): CodeIgniter\BaseModel->findAll()
#6 D:\detha\project-kp\system\CodeIgniter.php(934): App\Controllers\Agenda->getAllAgenda()
#7 D:\detha\project-kp\system\CodeIgniter.php(499): CodeIgniter\CodeIgniter->runController(Object(App\Controllers\Agenda))
#8 D:\detha\project-kp\system\CodeIgniter.php(368): CodeIgniter\CodeIgniter->handleRequest(NULL, Object(Config\Cache), false)
#9 D:\detha\project-kp\public\index.php(67): CodeIgniter\CodeIgniter->run()
#10 D:\detha\project-kp\system\Commands\Server\rewrite.php(47): require_once('D:\\detha\\projec...')
#11 {main}
CRITICAL - 2024-04-22 04:11:49 --> Unable to connect to the database.
Main connection [MySQLi]: No connection could be made because the target machine actively refused it
in SYSTEMPATH\Database\BaseConnection.php on line 427.
 1 SYSTEMPATH\Database\BaseConnection.php(574): CodeIgniter\Database\BaseConnection->initialize()
 2 SYSTEMPATH\Database\BaseBuilder.php(1616): CodeIgniter\Database\BaseConnection->query('SELECT *
FROM `programasi`', [], false)
 3 SYSTEMPATH\Model.php(241): CodeIgniter\Database\BaseBuilder->get()
 4 SYSTEMPATH\BaseModel.php(618): CodeIgniter\Model->doFindAll(0, 0)
 5 APPPATH\Controllers\Agenda.php(18): CodeIgniter\BaseModel->findAll()
 6 SYSTEMPATH\CodeIgniter.php(934): App\Controllers\Agenda->getAllAgenda()
 7 SYSTEMPATH\CodeIgniter.php(499): CodeIgniter\CodeIgniter->runController(Object(App\Controllers\Agenda))
 8 SYSTEMPATH\CodeIgniter.php(368): CodeIgniter\CodeIgniter->handleRequest(null, Object(Config\Cache), false)
 9 FCPATH\index.php(67): CodeIgniter\CodeIgniter->run()
10 SYSTEMPATH\Commands\Server\rewrite.php(47): require_once('D:\\detha\\project-kp\\public\\index.php')
INFO - 2024-04-22 04:13:02 --> Session: Class initialized using 'CodeIgniter\Session\Handlers\FileHandler' driver.
INFO - 2024-04-22 04:13:02 --> Session: Class initialized using 'CodeIgniter\Session\Handlers\FileHandler' driver.
ERROR - 2024-04-22 04:17:09 --> Error connecting to the database: mysqli_sql_exception: No connection could be made because the target machine actively refused it in D:\detha\project-kp\system\Database\MySQLi\Connection.php:173
Stack trace:
#0 D:\detha\project-kp\system\Database\MySQLi\Connection.php(173): mysqli->real_connect('localhost', 'root', Object(SensitiveParameterValue), 'gereja', 3306, '', 0)
#1 D:\detha\project-kp\system\Database\BaseConnection.php(391): CodeIgniter\Database\MySQLi\Connection->connect(false)
#2 D:\detha\project-kp\system\Database\BaseConnection.php(574): CodeIgniter\Database\BaseConnection->initialize()
#3 D:\detha\project-kp\system\Database\BaseBuilder.php(1616): CodeIgniter\Database\BaseConnection->query('SELECT *\nFROM `...', Array, false)
#4 D:\detha\project-kp\system\Model.php(241): CodeIgniter\Database\BaseBuilder->get()
#5 D:\detha\project-kp\system\BaseModel.php(618): CodeIgniter\Model->doFindAll(0, 0)
#6 D:\detha\project-kp\app\Controllers\Register.php(17): CodeIgniter\BaseModel->findAll()
#7 D:\detha\project-kp\system\CodeIgniter.php(934): App\Controllers\Register->getAllUser()
#8 D:\detha\project-kp\system\CodeIgniter.php(499): CodeIgniter\CodeIgniter->runController(Object(App\Controllers\Register))
#9 D:\detha\project-kp\system\CodeIgniter.php(368): CodeIgniter\CodeIgniter->handleRequest(NULL, Object(Config\Cache), false)
#10 D:\detha\project-kp\public\index.php(67): CodeIgniter\CodeIgniter->run()
#11 D:\detha\project-kp\system\Commands\Server\rewrite.php(47): require_once('D:\\detha\\projec...')
#12 {main}

Next CodeIgniter\Database\Exceptions\DatabaseException: No connection could be made because the target machine actively refused it in D:\detha\project-kp\system\Database\MySQLi\Connection.php:218
Stack trace:
#0 D:\detha\project-kp\system\Database\BaseConnection.php(391): CodeIgniter\Database\MySQLi\Connection->connect(false)
#1 D:\detha\project-kp\system\Database\BaseConnection.php(574): CodeIgniter\Database\BaseConnection->initialize()
#2 D:\detha\project-kp\system\Database\BaseBuilder.php(1616): CodeIgniter\Database\BaseConnection->query('SELECT *\nFROM `...', Array, false)
#3 D:\detha\project-kp\system\Model.php(241): CodeIgniter\Database\BaseBuilder->get()
#4 D:\detha\project-kp\system\BaseModel.php(618): CodeIgniter\Model->doFindAll(0, 0)
#5 D:\detha\project-kp\app\Controllers\Register.php(17): CodeIgniter\BaseModel->findAll()
#6 D:\detha\project-kp\system\CodeIgniter.php(934): App\Controllers\Register->getAllUser()
#7 D:\detha\project-kp\system\CodeIgniter.php(499): CodeIgniter\CodeIgniter->runController(Object(App\Controllers\Register))
#8 D:\detha\project-kp\system\CodeIgniter.php(368): CodeIgniter\CodeIgniter->handleRequest(NULL, Object(Config\Cache), false)
#9 D:\detha\project-kp\public\index.php(67): CodeIgniter\CodeIgniter->run()
#10 D:\detha\project-kp\system\Commands\Server\rewrite.php(47): require_once('D:\\detha\\projec...')
#11 {main}
CRITICAL - 2024-04-22 04:17:09 --> Unable to connect to the database.
Main connection [MySQLi]: No connection could be made because the target machine actively refused it
in SYSTEMPATH\Database\BaseConnection.php on line 427.
 1 SYSTEMPATH\Database\BaseConnection.php(574): CodeIgniter\Database\BaseConnection->initialize()
 2 SYSTEMPATH\Database\BaseBuilder.php(1616): CodeIgniter\Database\BaseConnection->query('SELECT *
FROM `login`', [], false)
 3 SYSTEMPATH\Model.php(241): CodeIgniter\Database\BaseBuilder->get()
 4 SYSTEMPATH\BaseModel.php(618): CodeIgniter\Model->doFindAll(0, 0)
 5 APPPATH\Controllers\Register.php(17): CodeIgniter\BaseModel->findAll()
 6 SYSTEMPATH\CodeIgniter.php(934): App\Controllers\Register->getAllUser()
 7 SYSTEMPATH\CodeIgniter.php(499): CodeIgniter\CodeIgniter->runController(Object(App\Controllers\Register))
 8 SYSTEMPATH\CodeIgniter.php(368): CodeIgniter\CodeIgniter->handleRequest(null, Object(Config\Cache), false)
 9 FCPATH\index.php(67): CodeIgniter\CodeIgniter->run()
10 SYSTEMPATH\Commands\Server\rewrite.php(47): require_once('D:\\detha\\project-kp\\public\\index.php')
INFO - 2024-04-22 04:21:13 --> Session: Class initialized using 'CodeIgniter\Session\Handlers\FileHandler' driver.
INFO - 2024-04-22 04:21:13 --> Session: Class initialized using 'CodeIgniter\Session\Handlers\FileHandler' driver.
INFO - 2024-04-22 06:01:38 --> Session: Class initialized using 'CodeIgniter\Session\Handlers\FileHandler' driver.
INFO - 2024-04-22 06:01:39 --> Session: Class initialized using 'CodeIgniter\Session\Handlers\FileHandler' driver.
