ERROR - 2024-05-22 12:28:01 --> mysqli_sql_exception: Table 'gereja.laporan' doesn't exist in D:\DOCUMENT\CODING LAIN\WORK\DETA\Gereja\system\Database\MySQLi\Connection.php:295
Stack trace:
#0 D:\DOCUMENT\CODING LAIN\WORK\DETA\Gereja\system\Database\MySQLi\Connection.php(295): mysqli->query('SELECT *\nFROM `...', 0)
#1 D:\DOCUMENT\CODING LAIN\WORK\DETA\Gereja\system\Database\BaseConnection.php(692): CodeIgniter\Database\MySQLi\Connection->execute('SELECT *\nFROM `...')
#2 D:\DOCUMENT\CODING LAIN\WORK\DETA\Gereja\system\Database\BaseConnection.php(606): CodeIgniter\Database\BaseConnection->simpleQuery('SELECT *\nFROM `...')
#3 D:\DOCUMENT\CODING LAIN\WORK\DETA\Gereja\system\Database\BaseBuilder.php(1616): CodeIgniter\Database\BaseConnection->query('SELECT *\nFROM `...', Array, false)
#4 D:\DOCUMENT\CODING LAIN\WORK\DETA\Gereja\system\Model.php(241): CodeIgniter\Database\BaseBuilder->get()
#5 D:\DOCUMENT\CODING LAIN\WORK\DETA\Gereja\system\BaseModel.php(618): CodeIgniter\Model->doFindAll(0, 0)
#6 D:\DOCUMENT\CODING LAIN\WORK\DETA\Gereja\app\Controllers\Laporan.php(17): CodeIgniter\BaseModel->findAll()
#7 D:\DOCUMENT\CODING LAIN\WORK\DETA\Gereja\system\CodeIgniter.php(934): App\Controllers\Laporan->getAllLaporan()
#8 D:\DOCUMENT\CODING LAIN\WORK\DETA\Gereja\system\CodeIgniter.php(499): CodeIgniter\CodeIgniter->runController(Object(App\Controllers\Laporan))
#9 D:\DOCUMENT\CODING LAIN\WORK\DETA\Gereja\system\CodeIgniter.php(368): CodeIgniter\CodeIgniter->handleRequest(NULL, Object(Config\Cache), false)
#10 D:\DOCUMENT\CODING LAIN\WORK\DETA\Gereja\public\index.php(67): CodeIgniter\CodeIgniter->run()
#11 D:\DOCUMENT\CODING LAIN\WORK\DETA\Gereja\system\Commands\Server\rewrite.php(47): require_once('D:\\DOCUMENT\\COD...')
#12 {main}
CRITICAL - 2024-05-22 12:28:01 --> Table 'gereja.laporan' doesn't exist
in SYSTEMPATH\Database\MySQLi\Connection.php on line 295.
 1 SYSTEMPATH\Database\MySQLi\Connection.php(295): mysqli->query('SELECT *
FROM `laporan`', 0)
 2 SYSTEMPATH\Database\BaseConnection.php(692): CodeIgniter\Database\MySQLi\Connection->execute('SELECT *
FROM `laporan`')
 3 SYSTEMPATH\Database\BaseConnection.php(606): CodeIgniter\Database\BaseConnection->simpleQuery('SELECT *
FROM `laporan`')
 4 SYSTEMPATH\Database\BaseBuilder.php(1616): CodeIgniter\Database\BaseConnection->query('SELECT *
FROM `laporan`', [], false)
 5 SYSTEMPATH\Model.php(241): CodeIgniter\Database\BaseBuilder->get()
 6 SYSTEMPATH\BaseModel.php(618): CodeIgniter\Model->doFindAll(0, 0)
 7 APPPATH\Controllers\Laporan.php(17): CodeIgniter\BaseModel->findAll()
 8 SYSTEMPATH\CodeIgniter.php(934): App\Controllers\Laporan->getAllLaporan()
 9 SYSTEMPATH\CodeIgniter.php(499): CodeIgniter\CodeIgniter->runController(Object(App\Controllers\Laporan))
10 SYSTEMPATH\CodeIgniter.php(368): CodeIgniter\CodeIgniter->handleRequest(null, Object(Config\Cache), false)
11 FCPATH\index.php(67): CodeIgniter\CodeIgniter->run()
12 SYSTEMPATH\Commands\Server\rewrite.php(47): require_once('D:\\belajarCi4\\Gereja\\public\\index.php')
ERROR - 2024-05-22 12:49:36 --> mysqli_sql_exception: Table 'gereja.laporan' doesn't exist in D:\belajarCi4\Gereja\system\Database\MySQLi\Connection.php:295
Stack trace:
#0 D:\belajarCi4\Gereja\system\Database\MySQLi\Connection.php(295): mysqli->query('SELECT *\nFROM `...', 0)
#1 D:\belajarCi4\Gereja\system\Database\BaseConnection.php(692): CodeIgniter\Database\MySQLi\Connection->execute('SELECT *\nFROM `...')
#2 D:\belajarCi4\Gereja\system\Database\BaseConnection.php(606): CodeIgniter\Database\BaseConnection->simpleQuery('SELECT *\nFROM `...')
#3 D:\belajarCi4\Gereja\system\Database\BaseBuilder.php(1616): CodeIgniter\Database\BaseConnection->query('SELECT *\nFROM `...', Array, false)
#4 D:\belajarCi4\Gereja\system\Model.php(241): CodeIgniter\Database\BaseBuilder->get()
#5 D:\belajarCi4\Gereja\system\BaseModel.php(618): CodeIgniter\Model->doFindAll(0, 0)
#6 D:\belajarCi4\Gereja\app\Controllers\Laporan.php(17): CodeIgniter\BaseModel->findAll()
#7 D:\belajarCi4\Gereja\system\CodeIgniter.php(934): App\Controllers\Laporan->getAllLaporan()
#8 D:\belajarCi4\Gereja\system\CodeIgniter.php(499): CodeIgniter\CodeIgniter->runController(Object(App\Controllers\Laporan))
#9 D:\belajarCi4\Gereja\system\CodeIgniter.php(368): CodeIgniter\CodeIgniter->handleRequest(NULL, Object(Config\Cache), false)
#10 D:\belajarCi4\Gereja\public\index.php(67): CodeIgniter\CodeIgniter->run()
#11 D:\belajarCi4\Gereja\system\Commands\Server\rewrite.php(47): require_once('D:\\belajarCi4\\G...')
#12 {main}
CRITICAL - 2024-05-22 12:49:36 --> Table 'gereja.laporan' doesn't exist
12 SYSTEMPATH\Commands\Server\rewrite.php(47): require_once('D:\\DOCUMENT\\CODING LAIN\\WORK\\DETA\\Gereja\\public\\index.php')
INFO - 2024-05-22 12:28:14 --> Session: Class initialized using 'CodeIgniter\Session\Handlers\FileHandler' driver.
INFO - 2024-05-22 12:28:14 --> Session: Class initialized using 'CodeIgniter\Session\Handlers\FileHandler' driver.
INFO - 2024-05-22 12:35:12 --> Session: Class initialized using 'CodeIgniter\Session\Handlers\FileHandler' driver.
INFO - 2024-05-22 12:35:12 --> Session: Class initialized using 'CodeIgniter\Session\Handlers\FileHandler' driver.
ERROR - 2024-05-22 12:35:21 --> mysqli_sql_exception: Table 'gereja.laporan' doesn't exist in D:\DOCUMENT\CODING LAIN\WORK\DETA\Gereja\system\Database\MySQLi\Connection.php:295
Stack trace:
#0 D:\DOCUMENT\CODING LAIN\WORK\DETA\Gereja\system\Database\MySQLi\Connection.php(295): mysqli->query('SELECT *\nFROM `...', 0)
#1 D:\DOCUMENT\CODING LAIN\WORK\DETA\Gereja\system\Database\BaseConnection.php(692): CodeIgniter\Database\MySQLi\Connection->execute('SELECT *\nFROM `...')
#2 D:\DOCUMENT\CODING LAIN\WORK\DETA\Gereja\system\Database\BaseConnection.php(606): CodeIgniter\Database\BaseConnection->simpleQuery('SELECT *\nFROM `...')
#3 D:\DOCUMENT\CODING LAIN\WORK\DETA\Gereja\system\Database\BaseBuilder.php(1616): CodeIgniter\Database\BaseConnection->query('SELECT *\nFROM `...', Array, false)
#4 D:\DOCUMENT\CODING LAIN\WORK\DETA\Gereja\system\Model.php(241): CodeIgniter\Database\BaseBuilder->get()
#5 D:\DOCUMENT\CODING LAIN\WORK\DETA\Gereja\system\BaseModel.php(618): CodeIgniter\Model->doFindAll(0, 0)
#6 D:\DOCUMENT\CODING LAIN\WORK\DETA\Gereja\app\Controllers\Laporan.php(17): CodeIgniter\BaseModel->findAll()
#7 D:\DOCUMENT\CODING LAIN\WORK\DETA\Gereja\system\CodeIgniter.php(934): App\Controllers\Laporan->getAllLaporan()
#8 D:\DOCUMENT\CODING LAIN\WORK\DETA\Gereja\system\CodeIgniter.php(499): CodeIgniter\CodeIgniter->runController(Object(App\Controllers\Laporan))
#9 D:\DOCUMENT\CODING LAIN\WORK\DETA\Gereja\system\CodeIgniter.php(368): CodeIgniter\CodeIgniter->handleRequest(NULL, Object(Config\Cache), false)
#10 D:\DOCUMENT\CODING LAIN\WORK\DETA\Gereja\public\index.php(67): CodeIgniter\CodeIgniter->run()
#11 D:\DOCUMENT\CODING LAIN\WORK\DETA\Gereja\system\Commands\Server\rewrite.php(47): require_once('D:\\DOCUMENT\\COD...')
#12 {main}
CRITICAL - 2024-05-22 12:35:21 --> Table 'gereja.laporan' doesn't exist
in SYSTEMPATH\Database\MySQLi\Connection.php on line 295.
 1 SYSTEMPATH\Database\MySQLi\Connection.php(295): mysqli->query('SELECT *
FROM `laporan`', 0)
 2 SYSTEMPATH\Database\BaseConnection.php(692): CodeIgniter\Database\MySQLi\Connection->execute('SELECT *
FROM `laporan`')
 3 SYSTEMPATH\Database\BaseConnection.php(606): CodeIgniter\Database\BaseConnection->simpleQuery('SELECT *
FROM `laporan`')
 4 SYSTEMPATH\Database\BaseBuilder.php(1616): CodeIgniter\Database\BaseConnection->query('SELECT *
FROM `laporan`', [], false)
 5 SYSTEMPATH\Model.php(241): CodeIgniter\Database\BaseBuilder->get()
 6 SYSTEMPATH\BaseModel.php(618): CodeIgniter\Model->doFindAll(0, 0)
 7 APPPATH\Controllers\Laporan.php(17): CodeIgniter\BaseModel->findAll()
 8 SYSTEMPATH\CodeIgniter.php(934): App\Controllers\Laporan->getAllLaporan()
 9 SYSTEMPATH\CodeIgniter.php(499): CodeIgniter\CodeIgniter->runController(Object(App\Controllers\Laporan))
10 SYSTEMPATH\CodeIgniter.php(368): CodeIgniter\CodeIgniter->handleRequest(null, Object(Config\Cache), false)
11 FCPATH\index.php(67): CodeIgniter\CodeIgniter->run()
12 SYSTEMPATH\Commands\Server\rewrite.php(47): require_once('D:\\belajarCi4\\Gereja\\public\\index.php')
CRITICAL - 2024-05-22 13:06:36 --> Undefined array key "id_bidang"
in APPPATH\Controllers\TimpelController.php on line 21.
 1 APPPATH\Controllers\TimpelController.php(21): CodeIgniter\Debug\Exceptions->errorHandler(2, 'Undefined array key "id_bidang"', 'D:\\belajarCi4\\Gereja\\app\\Controllers\\TimpelController.php', 21)
 2 SYSTEMPATH\CodeIgniter.php(934): App\Controllers\TimpelController->getTimpelById()
 3 SYSTEMPATH\CodeIgniter.php(499): CodeIgniter\CodeIgniter->runController(Object(App\Controllers\TimpelController))
 4 SYSTEMPATH\CodeIgniter.php(368): CodeIgniter\CodeIgniter->handleRequest(null, Object(Config\Cache), false)
 5 FCPATH\index.php(67): CodeIgniter\CodeIgniter->run()
 6 SYSTEMPATH\Commands\Server\rewrite.php(47): require_once('D:\\belajarCi4\\Gereja\\public\\index.php')
CRITICAL - 2024-05-22 13:17:18 --> Undefined array key "id_bidang"
in APPPATH\Controllers\TimpelController.php on line 21.
 1 APPPATH\Controllers\TimpelController.php(21): CodeIgniter\Debug\Exceptions->errorHandler(2, 'Undefined array key "id_bidang"', 'D:\\belajarCi4\\Gereja\\app\\Controllers\\TimpelController.php', 21)
 2 SYSTEMPATH\CodeIgniter.php(934): App\Controllers\TimpelController->getTimpelById()
 3 SYSTEMPATH\CodeIgniter.php(499): CodeIgniter\CodeIgniter->runController(Object(App\Controllers\TimpelController))
 4 SYSTEMPATH\CodeIgniter.php(368): CodeIgniter\CodeIgniter->handleRequest(null, Object(Config\Cache), false)
 5 FCPATH\index.php(67): CodeIgniter\CodeIgniter->run()
 6 SYSTEMPATH\Commands\Server\rewrite.php(47): require_once('D:\\belajarCi4\\Gereja\\public\\index.php')
ERROR - 2024-05-22 14:58:09 --> mysqli_sql_exception: Column 'id_bidang' in where clause is ambiguous in D:\belajarCi4\Gereja\system\Database\MySQLi\Connection.php:295
Stack trace:
#0 D:\belajarCi4\Gereja\system\Database\MySQLi\Connection.php(295): mysqli->query('SELECT `ID`, `S...', 0)
#1 D:\belajarCi4\Gereja\system\Database\BaseConnection.php(692): CodeIgniter\Database\MySQLi\Connection->execute('SELECT `ID`, `S...')
#2 D:\belajarCi4\Gereja\system\Database\BaseConnection.php(606): CodeIgniter\Database\BaseConnection->simpleQuery('SELECT `ID`, `S...')
#3 D:\belajarCi4\Gereja\system\Database\BaseBuilder.php(1616): CodeIgniter\Database\BaseConnection->query('SELECT `ID`, `S...', Array, false)
#4 D:\belajarCi4\Gereja\system\Model.php(241): CodeIgniter\Database\BaseBuilder->get()
#5 D:\belajarCi4\Gereja\system\BaseModel.php(618): CodeIgniter\Model->doFindAll(0, 0)
#6 D:\belajarCi4\Gereja\app\Models\AgendaModel.php(71): CodeIgniter\BaseModel->findAll()
#7 D:\belajarCi4\Gereja\app\Controllers\Agenda.php(140): App\Models\AgendaModel->cariData('1', '1', '1')
#8 D:\belajarCi4\Gereja\system\CodeIgniter.php(934): App\Controllers\Agenda->cariData()
#9 D:\belajarCi4\Gereja\system\CodeIgniter.php(499): CodeIgniter\CodeIgniter->runController(Object(App\Controllers\Agenda))
#10 D:\belajarCi4\Gereja\system\CodeIgniter.php(368): CodeIgniter\CodeIgniter->handleRequest(NULL, Object(Config\Cache), false)
#11 D:\belajarCi4\Gereja\public\index.php(67): CodeIgniter\CodeIgniter->run()
#12 D:\belajarCi4\Gereja\system\Commands\Server\rewrite.php(47): require_once('D:\\belajarCi4\\G...')
#13 {main}
CRITICAL - 2024-05-22 14:58:09 --> Column 'id_bidang' in where clause is ambiguous
in SYSTEMPATH\Database\MySQLi\Connection.php on line 295.
 1 SYSTEMPATH\Database\MySQLi\Connection.php(295): mysqli->query('SELECT `ID`, `SASARAN_STRATEGIS`, `INDIKATOR`, `bidang`.`nama_bidang` as `bidang`
FROM `programsi`
JOIN `bidang` ON `bidang`.`id_bidang` = `programsi`.`id_bidang`
WHERE `id_bidang` = \'1\'
AND YEAR(WAKTU) = \'1\'', 0)
 2 SYSTEMPATH\Database\BaseConnection.php(692): CodeIgniter\Database\MySQLi\Connection->execute('SELECT `ID`, `SASARAN_STRATEGIS`, `INDIKATOR`, `bidang`.`nama_bidang` as `bidang`
FROM `programsi`
JOIN `bidang` ON `bidang`.`id_bidang` = `programsi`.`id_bidang`
WHERE `id_bidang` = \'1\'
AND YEAR(WAKTU) = \'1\'')
 3 SYSTEMPATH\Database\BaseConnection.php(606): CodeIgniter\Database\BaseConnection->simpleQuery('SELECT `ID`, `SASARAN_STRATEGIS`, `INDIKATOR`, `bidang`.`nama_bidang` as `bidang`
FROM `programsi`
JOIN `bidang` ON `bidang`.`id_bidang` = `programsi`.`id_bidang`
WHERE `id_bidang` = \'1\'
AND YEAR(WAKTU) = \'1\'')
 4 SYSTEMPATH\Database\BaseBuilder.php(1616): CodeIgniter\Database\BaseConnection->query('SELECT `ID`, `SASARAN_STRATEGIS`, `INDIKATOR`, `bidang`.`nama_bidang` as `bidang`
FROM `programsi`
JOIN `bidang` ON `bidang`.`id_bidang` = `programsi`.`id_bidang`
WHERE `id_bidang` = :id_bidang:
AND YEAR(WAKTU) = :YEAR(WAKTU):', [...], false)
 5 SYSTEMPATH\Model.php(241): CodeIgniter\Database\BaseBuilder->get()
 6 SYSTEMPATH\BaseModel.php(618): CodeIgniter\Model->doFindAll(0, 0)
 7 APPPATH\Models\AgendaModel.php(71): CodeIgniter\BaseModel->findAll()
 8 APPPATH\Controllers\Agenda.php(140): App\Models\AgendaModel->cariData('1', '1', '1')
 9 SYSTEMPATH\CodeIgniter.php(934): App\Controllers\Agenda->cariData()
10 SYSTEMPATH\CodeIgniter.php(499): CodeIgniter\CodeIgniter->runController(Object(App\Controllers\Agenda))
11 SYSTEMPATH\CodeIgniter.php(368): CodeIgniter\CodeIgniter->handleRequest(null, Object(Config\Cache), false)
12 FCPATH\index.php(67): CodeIgniter\CodeIgniter->run()
13 SYSTEMPATH\Commands\Server\rewrite.php(47): require_once('D:\\belajarCi4\\Gereja\\public\\index.php')
ERROR - 2024-05-22 14:59:30 --> mysqli_sql_exception: Column 'id_bidang' in where clause is ambiguous in D:\belajarCi4\Gereja\system\Database\MySQLi\Connection.php:295
Stack trace:
#0 D:\belajarCi4\Gereja\system\Database\MySQLi\Connection.php(295): mysqli->query('SELECT `ID`, `S...', 0)
#1 D:\belajarCi4\Gereja\system\Database\BaseConnection.php(692): CodeIgniter\Database\MySQLi\Connection->execute('SELECT `ID`, `S...')
#2 D:\belajarCi4\Gereja\system\Database\BaseConnection.php(606): CodeIgniter\Database\BaseConnection->simpleQuery('SELECT `ID`, `S...')
#3 D:\belajarCi4\Gereja\system\Database\BaseBuilder.php(1616): CodeIgniter\Database\BaseConnection->query('SELECT `ID`, `S...', Array, false)
#4 D:\belajarCi4\Gereja\system\Model.php(241): CodeIgniter\Database\BaseBuilder->get()
#5 D:\belajarCi4\Gereja\system\BaseModel.php(618): CodeIgniter\Model->doFindAll(0, 0)
#6 D:\belajarCi4\Gereja\app\Models\AgendaModel.php(71): CodeIgniter\BaseModel->findAll()
#7 D:\belajarCi4\Gereja\app\Controllers\Agenda.php(140): App\Models\AgendaModel->cariData('1', '1', '1')
#8 D:\belajarCi4\Gereja\system\CodeIgniter.php(934): App\Controllers\Agenda->cariData()
#9 D:\belajarCi4\Gereja\system\CodeIgniter.php(499): CodeIgniter\CodeIgniter->runController(Object(App\Controllers\Agenda))
#10 D:\belajarCi4\Gereja\system\CodeIgniter.php(368): CodeIgniter\CodeIgniter->handleRequest(NULL, Object(Config\Cache), false)
#11 D:\belajarCi4\Gereja\public\index.php(67): CodeIgniter\CodeIgniter->run()
#12 D:\belajarCi4\Gereja\system\Commands\Server\rewrite.php(47): require_once('D:\\belajarCi4\\G...')
#13 {main}
CRITICAL - 2024-05-22 14:59:30 --> Column 'id_bidang' in where clause is ambiguous
in SYSTEMPATH\Database\MySQLi\Connection.php on line 295.
 1 SYSTEMPATH\Database\MySQLi\Connection.php(295): mysqli->query('SELECT `ID`, `SASARAN_STRATEGIS`, `INDIKATOR`, `bidang`.`nama_bidang` as `bidang`
FROM `programsi`
JOIN `bidang` ON `bidang`.`id_bidang` = `programsi`.`id_bidang`
WHERE `id_bidang` = \'1\'
AND YEAR(WAKTU) = \'1\'', 0)
 2 SYSTEMPATH\Database\BaseConnection.php(692): CodeIgniter\Database\MySQLi\Connection->execute('SELECT `ID`, `SASARAN_STRATEGIS`, `INDIKATOR`, `bidang`.`nama_bidang` as `bidang`
FROM `programsi`
JOIN `bidang` ON `bidang`.`id_bidang` = `programsi`.`id_bidang`
WHERE `id_bidang` = \'1\'
AND YEAR(WAKTU) = \'1\'')
 3 SYSTEMPATH\Database\BaseConnection.php(606): CodeIgniter\Database\BaseConnection->simpleQuery('SELECT `ID`, `SASARAN_STRATEGIS`, `INDIKATOR`, `bidang`.`nama_bidang` as `bidang`
FROM `programsi`
JOIN `bidang` ON `bidang`.`id_bidang` = `programsi`.`id_bidang`
WHERE `id_bidang` = \'1\'
AND YEAR(WAKTU) = \'1\'')
 4 SYSTEMPATH\Database\BaseBuilder.php(1616): CodeIgniter\Database\BaseConnection->query('SELECT `ID`, `SASARAN_STRATEGIS`, `INDIKATOR`, `bidang`.`nama_bidang` as `bidang`
FROM `programsi`
JOIN `bidang` ON `bidang`.`id_bidang` = `programsi`.`id_bidang`
WHERE `id_bidang` = :id_bidang:
AND YEAR(WAKTU) = :YEAR(WAKTU):', [...], false)
 5 SYSTEMPATH\Model.php(241): CodeIgniter\Database\BaseBuilder->get()
 6 SYSTEMPATH\BaseModel.php(618): CodeIgniter\Model->doFindAll(0, 0)
 7 APPPATH\Models\AgendaModel.php(71): CodeIgniter\BaseModel->findAll()
 8 APPPATH\Controllers\Agenda.php(140): App\Models\AgendaModel->cariData('1', '1', '1')
 9 SYSTEMPATH\CodeIgniter.php(934): App\Controllers\Agenda->cariData()
10 SYSTEMPATH\CodeIgniter.php(499): CodeIgniter\CodeIgniter->runController(Object(App\Controllers\Agenda))
11 SYSTEMPATH\CodeIgniter.php(368): CodeIgniter\CodeIgniter->handleRequest(null, Object(Config\Cache), false)
12 FCPATH\index.php(67): CodeIgniter\CodeIgniter->run()
13 SYSTEMPATH\Commands\Server\rewrite.php(47): require_once('D:\\belajarCi4\\Gereja\\public\\index.php')
ERROR - 2024-05-22 14:59:47 --> mysqli_sql_exception: Column 'id_bidang' in where clause is ambiguous in D:\belajarCi4\Gereja\system\Database\MySQLi\Connection.php:295
Stack trace:
#0 D:\belajarCi4\Gereja\system\Database\MySQLi\Connection.php(295): mysqli->query('SELECT `ID`, `S...', 0)
#1 D:\belajarCi4\Gereja\system\Database\BaseConnection.php(692): CodeIgniter\Database\MySQLi\Connection->execute('SELECT `ID`, `S...')
#2 D:\belajarCi4\Gereja\system\Database\BaseConnection.php(606): CodeIgniter\Database\BaseConnection->simpleQuery('SELECT `ID`, `S...')
#3 D:\belajarCi4\Gereja\system\Database\BaseBuilder.php(1616): CodeIgniter\Database\BaseConnection->query('SELECT `ID`, `S...', Array, false)
#4 D:\belajarCi4\Gereja\system\Model.php(241): CodeIgniter\Database\BaseBuilder->get()
#5 D:\belajarCi4\Gereja\system\BaseModel.php(618): CodeIgniter\Model->doFindAll(0, 0)
#6 D:\belajarCi4\Gereja\app\Models\AgendaModel.php(71): CodeIgniter\BaseModel->findAll()
#7 D:\belajarCi4\Gereja\app\Controllers\Agenda.php(140): App\Models\AgendaModel->cariData('1', '1', '1')
#8 D:\belajarCi4\Gereja\system\CodeIgniter.php(934): App\Controllers\Agenda->cariData()
#9 D:\belajarCi4\Gereja\system\CodeIgniter.php(499): CodeIgniter\CodeIgniter->runController(Object(App\Controllers\Agenda))
#10 D:\belajarCi4\Gereja\system\CodeIgniter.php(368): CodeIgniter\CodeIgniter->handleRequest(NULL, Object(Config\Cache), false)
#11 D:\belajarCi4\Gereja\public\index.php(67): CodeIgniter\CodeIgniter->run()
#12 D:\belajarCi4\Gereja\system\Commands\Server\rewrite.php(47): require_once('D:\\belajarCi4\\G...')
#13 {main}
CRITICAL - 2024-05-22 14:59:47 --> Column 'id_bidang' in where clause is ambiguous
in SYSTEMPATH\Database\MySQLi\Connection.php on line 295.
 1 SYSTEMPATH\Database\MySQLi\Connection.php(295): mysqli->query('SELECT `ID`, `SASARAN_STRATEGIS`, `INDIKATOR`, `bidang`.`nama_bidang` as `bidang`
FROM `programsi`
JOIN `bidang` ON `bidang`.`id_bidang` = `programsi`.`id_bidang`
WHERE `id_bidang` = \'1\'
AND YEAR(WAKTU) = \'1\'', 0)
 2 SYSTEMPATH\Database\BaseConnection.php(692): CodeIgniter\Database\MySQLi\Connection->execute('SELECT `ID`, `SASARAN_STRATEGIS`, `INDIKATOR`, `bidang`.`nama_bidang` as `bidang`
FROM `programsi`
JOIN `bidang` ON `bidang`.`id_bidang` = `programsi`.`id_bidang`
WHERE `id_bidang` = \'1\'
AND YEAR(WAKTU) = \'1\'')
 3 SYSTEMPATH\Database\BaseConnection.php(606): CodeIgniter\Database\BaseConnection->simpleQuery('SELECT `ID`, `SASARAN_STRATEGIS`, `INDIKATOR`, `bidang`.`nama_bidang` as `bidang`
FROM `programsi`
JOIN `bidang` ON `bidang`.`id_bidang` = `programsi`.`id_bidang`
WHERE `id_bidang` = \'1\'
AND YEAR(WAKTU) = \'1\'')
 4 SYSTEMPATH\Database\BaseBuilder.php(1616): CodeIgniter\Database\BaseConnection->query('SELECT `ID`, `SASARAN_STRATEGIS`, `INDIKATOR`, `bidang`.`nama_bidang` as `bidang`
FROM `programsi`
JOIN `bidang` ON `bidang`.`id_bidang` = `programsi`.`id_bidang`
WHERE `id_bidang` = :id_bidang:
AND YEAR(WAKTU) = :YEAR(WAKTU):', [...], false)
 5 SYSTEMPATH\Model.php(241): CodeIgniter\Database\BaseBuilder->get()
 6 SYSTEMPATH\BaseModel.php(618): CodeIgniter\Model->doFindAll(0, 0)
 7 APPPATH\Models\AgendaModel.php(71): CodeIgniter\BaseModel->findAll()
 8 APPPATH\Controllers\Agenda.php(140): App\Models\AgendaModel->cariData('1', '1', '1')
 9 SYSTEMPATH\CodeIgniter.php(934): App\Controllers\Agenda->cariData()
10 SYSTEMPATH\CodeIgniter.php(499): CodeIgniter\CodeIgniter->runController(Object(App\Controllers\Agenda))
11 SYSTEMPATH\CodeIgniter.php(368): CodeIgniter\CodeIgniter->handleRequest(null, Object(Config\Cache), false)
12 FCPATH\index.php(67): CodeIgniter\CodeIgniter->run()
13 SYSTEMPATH\Commands\Server\rewrite.php(47): require_once('D:\\belajarCi4\\Gereja\\public\\index.php')
CRITICAL - 2024-05-22 15:00:17 --> Undefined array key "id_bidang"
in APPPATH\Controllers\Agenda.php on line 135.
 1 APPPATH\Controllers\Agenda.php(135): CodeIgniter\Debug\Exceptions->errorHandler(2, 'Undefined array key "id_bidang"', 'D:\\belajarCi4\\Gereja\\app\\Controllers\\Agenda.php', 135)
 2 SYSTEMPATH\CodeIgniter.php(934): App\Controllers\Agenda->cariData()
 3 SYSTEMPATH\CodeIgniter.php(499): CodeIgniter\CodeIgniter->runController(Object(App\Controllers\Agenda))
 4 SYSTEMPATH\CodeIgniter.php(368): CodeIgniter\CodeIgniter->handleRequest(null, Object(Config\Cache), false)
 5 FCPATH\index.php(67): CodeIgniter\CodeIgniter->run()
 6 SYSTEMPATH\Commands\Server\rewrite.php(47): require_once('D:\\belajarCi4\\Gereja\\public\\index.php')
CRITICAL - 2024-05-22 15:02:10 --> Undefined array key "id_bidang"
in APPPATH\Controllers\Agenda.php on line 135.
 1 APPPATH\Controllers\Agenda.php(135): CodeIgniter\Debug\Exceptions->errorHandler(2, 'Undefined array key "id_bidang"', 'D:\\belajarCi4\\Gereja\\app\\Controllers\\Agenda.php', 135)
 2 SYSTEMPATH\CodeIgniter.php(934): App\Controllers\Agenda->cariData()
 3 SYSTEMPATH\CodeIgniter.php(499): CodeIgniter\CodeIgniter->runController(Object(App\Controllers\Agenda))
 4 SYSTEMPATH\CodeIgniter.php(368): CodeIgniter\CodeIgniter->handleRequest(null, Object(Config\Cache), false)
 5 FCPATH\index.php(67): CodeIgniter\CodeIgniter->run()
 6 SYSTEMPATH\Commands\Server\rewrite.php(47): require_once('D:\\belajarCi4\\Gereja\\public\\index.php')
ERROR - 2024-05-22 15:03:06 --> mysqli_sql_exception: Column 'id_bidang' in where clause is ambiguous in D:\belajarCi4\Gereja\system\Database\MySQLi\Connection.php:295
Stack trace:
#0 D:\belajarCi4\Gereja\system\Database\MySQLi\Connection.php(295): mysqli->query('SELECT `ID`, `S...', 0)
#1 D:\belajarCi4\Gereja\system\Database\BaseConnection.php(692): CodeIgniter\Database\MySQLi\Connection->execute('SELECT `ID`, `S...')
#2 D:\belajarCi4\Gereja\system\Database\BaseConnection.php(606): CodeIgniter\Database\BaseConnection->simpleQuery('SELECT `ID`, `S...')
#3 D:\belajarCi4\Gereja\system\Database\BaseBuilder.php(1616): CodeIgniter\Database\BaseConnection->query('SELECT `ID`, `S...', Array, false)
#4 D:\belajarCi4\Gereja\system\Model.php(241): CodeIgniter\Database\BaseBuilder->get()
#5 D:\belajarCi4\Gereja\system\BaseModel.php(618): CodeIgniter\Model->doFindAll(0, 0)
#6 D:\belajarCi4\Gereja\app\Models\AgendaModel.php(71): CodeIgniter\BaseModel->findAll()
#7 D:\belajarCi4\Gereja\app\Controllers\Agenda.php(140): App\Models\AgendaModel->cariData('1', '1', '1')
#8 D:\belajarCi4\Gereja\system\CodeIgniter.php(934): App\Controllers\Agenda->cariData()
#9 D:\belajarCi4\Gereja\system\CodeIgniter.php(499): CodeIgniter\CodeIgniter->runController(Object(App\Controllers\Agenda))
#10 D:\belajarCi4\Gereja\system\CodeIgniter.php(368): CodeIgniter\CodeIgniter->handleRequest(NULL, Object(Config\Cache), false)
#11 D:\belajarCi4\Gereja\public\index.php(67): CodeIgniter\CodeIgniter->run()
#12 D:\belajarCi4\Gereja\system\Commands\Server\rewrite.php(47): require_once('D:\\belajarCi4\\G...')
#13 {main}
CRITICAL - 2024-05-22 15:03:06 --> Column 'id_bidang' in where clause is ambiguous
in SYSTEMPATH\Database\MySQLi\Connection.php on line 295.
 1 SYSTEMPATH\Database\MySQLi\Connection.php(295): mysqli->query('SELECT `ID`, `SASARAN_STRATEGIS`, `INDIKATOR`, `bidang`.`nama_bidang` as `bidang`
FROM `programsi`
JOIN `bidang` ON `bidang`.`id_bidang` = `programsi`.`id_bidang`
WHERE `id_bidang` = \'1\'
AND YEAR(WAKTU) = \'1\'', 0)
 2 SYSTEMPATH\Database\BaseConnection.php(692): CodeIgniter\Database\MySQLi\Connection->execute('SELECT `ID`, `SASARAN_STRATEGIS`, `INDIKATOR`, `bidang`.`nama_bidang` as `bidang`
FROM `programsi`
JOIN `bidang` ON `bidang`.`id_bidang` = `programsi`.`id_bidang`
WHERE `id_bidang` = \'1\'
AND YEAR(WAKTU) = \'1\'')
 3 SYSTEMPATH\Database\BaseConnection.php(606): CodeIgniter\Database\BaseConnection->simpleQuery('SELECT `ID`, `SASARAN_STRATEGIS`, `INDIKATOR`, `bidang`.`nama_bidang` as `bidang`
FROM `programsi`
JOIN `bidang` ON `bidang`.`id_bidang` = `programsi`.`id_bidang`
WHERE `id_bidang` = \'1\'
AND YEAR(WAKTU) = \'1\'')
 4 SYSTEMPATH\Database\BaseBuilder.php(1616): CodeIgniter\Database\BaseConnection->query('SELECT `ID`, `SASARAN_STRATEGIS`, `INDIKATOR`, `bidang`.`nama_bidang` as `bidang`
FROM `programsi`
JOIN `bidang` ON `bidang`.`id_bidang` = `programsi`.`id_bidang`
WHERE `id_bidang` = :id_bidang:
AND YEAR(WAKTU) = :YEAR(WAKTU):', [...], false)
 5 SYSTEMPATH\Model.php(241): CodeIgniter\Database\BaseBuilder->get()
 6 SYSTEMPATH\BaseModel.php(618): CodeIgniter\Model->doFindAll(0, 0)
 7 APPPATH\Models\AgendaModel.php(71): CodeIgniter\BaseModel->findAll()
 8 APPPATH\Controllers\Agenda.php(140): App\Models\AgendaModel->cariData('1', '1', '1')
 9 SYSTEMPATH\CodeIgniter.php(934): App\Controllers\Agenda->cariData()
10 SYSTEMPATH\CodeIgniter.php(499): CodeIgniter\CodeIgniter->runController(Object(App\Controllers\Agenda))
11 SYSTEMPATH\CodeIgniter.php(368): CodeIgniter\CodeIgniter->handleRequest(null, Object(Config\Cache), false)
12 FCPATH\index.php(67): CodeIgniter\CodeIgniter->run()
13 SYSTEMPATH\Commands\Server\rewrite.php(47): require_once('D:\\belajarCi4\\Gereja\\public\\index.php')
ERROR - 2024-05-22 15:04:25 --> mysqli_sql_exception: Column 'id_bidang' in where clause is ambiguous in D:\belajarCi4\Gereja\system\Database\MySQLi\Connection.php:295
Stack trace:
#0 D:\belajarCi4\Gereja\system\Database\MySQLi\Connection.php(295): mysqli->query('SELECT `ID`, `S...', 0)
#1 D:\belajarCi4\Gereja\system\Database\BaseConnection.php(692): CodeIgniter\Database\MySQLi\Connection->execute('SELECT `ID`, `S...')
#2 D:\belajarCi4\Gereja\system\Database\BaseConnection.php(606): CodeIgniter\Database\BaseConnection->simpleQuery('SELECT `ID`, `S...')
#3 D:\belajarCi4\Gereja\system\Database\BaseBuilder.php(1616): CodeIgniter\Database\BaseConnection->query('SELECT `ID`, `S...', Array, false)
#4 D:\belajarCi4\Gereja\system\Model.php(241): CodeIgniter\Database\BaseBuilder->get()
#5 D:\belajarCi4\Gereja\system\BaseModel.php(618): CodeIgniter\Model->doFindAll(0, 0)
#6 D:\belajarCi4\Gereja\app\Models\AgendaModel.php(71): CodeIgniter\BaseModel->findAll()
#7 D:\belajarCi4\Gereja\app\Controllers\Agenda.php(140): App\Models\AgendaModel->cariData('1', '1', '1')
#8 D:\belajarCi4\Gereja\system\CodeIgniter.php(934): App\Controllers\Agenda->cariData()
#9 D:\belajarCi4\Gereja\system\CodeIgniter.php(499): CodeIgniter\CodeIgniter->runController(Object(App\Controllers\Agenda))
#10 D:\belajarCi4\Gereja\system\CodeIgniter.php(368): CodeIgniter\CodeIgniter->handleRequest(NULL, Object(Config\Cache), false)
#11 D:\belajarCi4\Gereja\public\index.php(67): CodeIgniter\CodeIgniter->run()
#12 D:\belajarCi4\Gereja\system\Commands\Server\rewrite.php(47): require_once('D:\\belajarCi4\\G...')
#13 {main}
CRITICAL - 2024-05-22 15:04:25 --> Column 'id_bidang' in where clause is ambiguous
in SYSTEMPATH\Database\MySQLi\Connection.php on line 295.
 1 SYSTEMPATH\Database\MySQLi\Connection.php(295): mysqli->query('SELECT `ID`, `SASARAN_STRATEGIS`, `INDIKATOR`, `bidang`.`nama_bidang` as `bidang`
FROM `programsi`
JOIN `bidang` ON `bidang`.`id_bidang` = `programsi`.`id_bidang`
WHERE `id_bidang` = \'1\'
AND YEAR(WAKTU) = \'1\'', 0)
 2 SYSTEMPATH\Database\BaseConnection.php(692): CodeIgniter\Database\MySQLi\Connection->execute('SELECT `ID`, `SASARAN_STRATEGIS`, `INDIKATOR`, `bidang`.`nama_bidang` as `bidang`
FROM `programsi`
JOIN `bidang` ON `bidang`.`id_bidang` = `programsi`.`id_bidang`
WHERE `id_bidang` = \'1\'
AND YEAR(WAKTU) = \'1\'')
 3 SYSTEMPATH\Database\BaseConnection.php(606): CodeIgniter\Database\BaseConnection->simpleQuery('SELECT `ID`, `SASARAN_STRATEGIS`, `INDIKATOR`, `bidang`.`nama_bidang` as `bidang`
FROM `programsi`
JOIN `bidang` ON `bidang`.`id_bidang` = `programsi`.`id_bidang`
WHERE `id_bidang` = \'1\'
AND YEAR(WAKTU) = \'1\'')
 4 SYSTEMPATH\Database\BaseBuilder.php(1616): CodeIgniter\Database\BaseConnection->query('SELECT `ID`, `SASARAN_STRATEGIS`, `INDIKATOR`, `bidang`.`nama_bidang` as `bidang`
FROM `programsi`
JOIN `bidang` ON `bidang`.`id_bidang` = `programsi`.`id_bidang`
WHERE `id_bidang` = :id_bidang:
AND YEAR(WAKTU) = :YEAR(WAKTU):', [...], false)
 5 SYSTEMPATH\Model.php(241): CodeIgniter\Database\BaseBuilder->get()
 6 SYSTEMPATH\BaseModel.php(618): CodeIgniter\Model->doFindAll(0, 0)
 7 APPPATH\Models\AgendaModel.php(71): CodeIgniter\BaseModel->findAll()
 8 APPPATH\Controllers\Agenda.php(140): App\Models\AgendaModel->cariData('1', '1', '1')
 9 SYSTEMPATH\CodeIgniter.php(934): App\Controllers\Agenda->cariData()
10 SYSTEMPATH\CodeIgniter.php(499): CodeIgniter\CodeIgniter->runController(Object(App\Controllers\Agenda))
11 SYSTEMPATH\CodeIgniter.php(368): CodeIgniter\CodeIgniter->handleRequest(null, Object(Config\Cache), false)
12 FCPATH\index.php(67): CodeIgniter\CodeIgniter->run()
13 SYSTEMPATH\Commands\Server\rewrite.php(47): require_once('D:\\belajarCi4\\Gereja\\public\\index.php')
ERROR - 2024-05-22 15:09:32 --> mysqli_sql_exception: Column 'id_bidang' in where clause is ambiguous in D:\belajarCi4\Gereja\system\Database\MySQLi\Connection.php:295
Stack trace:
#0 D:\belajarCi4\Gereja\system\Database\MySQLi\Connection.php(295): mysqli->query('SELECT `ID`, `S...', 0)
#1 D:\belajarCi4\Gereja\system\Database\BaseConnection.php(692): CodeIgniter\Database\MySQLi\Connection->execute('SELECT `ID`, `S...')
#2 D:\belajarCi4\Gereja\system\Database\BaseConnection.php(606): CodeIgniter\Database\BaseConnection->simpleQuery('SELECT `ID`, `S...')
#3 D:\belajarCi4\Gereja\system\Database\BaseBuilder.php(1616): CodeIgniter\Database\BaseConnection->query('SELECT `ID`, `S...', Array, false)
#4 D:\belajarCi4\Gereja\system\Model.php(241): CodeIgniter\Database\BaseBuilder->get()
#5 D:\belajarCi4\Gereja\system\BaseModel.php(618): CodeIgniter\Model->doFindAll(0, 0)
#6 D:\belajarCi4\Gereja\app\Models\AgendaModel.php(71): CodeIgniter\BaseModel->findAll()
#7 D:\belajarCi4\Gereja\app\Controllers\Agenda.php(140): App\Models\AgendaModel->cariData('1', '1', '1')
#8 D:\belajarCi4\Gereja\system\CodeIgniter.php(934): App\Controllers\Agenda->cariData()
#9 D:\belajarCi4\Gereja\system\CodeIgniter.php(499): CodeIgniter\CodeIgniter->runController(Object(App\Controllers\Agenda))
#10 D:\belajarCi4\Gereja\system\CodeIgniter.php(368): CodeIgniter\CodeIgniter->handleRequest(NULL, Object(Config\Cache), false)
#11 D:\belajarCi4\Gereja\public\index.php(67): CodeIgniter\CodeIgniter->run()
#12 D:\belajarCi4\Gereja\system\Commands\Server\rewrite.php(47): require_once('D:\\belajarCi4\\G...')
#13 {main}
CRITICAL - 2024-05-22 15:09:32 --> Column 'id_bidang' in where clause is ambiguous
in SYSTEMPATH\Database\MySQLi\Connection.php on line 295.
 1 SYSTEMPATH\Database\MySQLi\Connection.php(295): mysqli->query('SELECT `ID`, `SASARAN_STRATEGIS`, `INDIKATOR`, `bidang`.`nama_bidang` as `bidang`
FROM `programsi`
JOIN `bidang` ON `bidang`.`id_bidang` = `programsi`.`id_bidang`
WHERE `id_bidang` = \'1\'
AND YEAR(WAKTU) = \'1\'', 0)
 2 SYSTEMPATH\Database\BaseConnection.php(692): CodeIgniter\Database\MySQLi\Connection->execute('SELECT `ID`, `SASARAN_STRATEGIS`, `INDIKATOR`, `bidang`.`nama_bidang` as `bidang`
FROM `programsi`
JOIN `bidang` ON `bidang`.`id_bidang` = `programsi`.`id_bidang`
WHERE `id_bidang` = \'1\'
AND YEAR(WAKTU) = \'1\'')
 3 SYSTEMPATH\Database\BaseConnection.php(606): CodeIgniter\Database\BaseConnection->simpleQuery('SELECT `ID`, `SASARAN_STRATEGIS`, `INDIKATOR`, `bidang`.`nama_bidang` as `bidang`
FROM `programsi`
JOIN `bidang` ON `bidang`.`id_bidang` = `programsi`.`id_bidang`
WHERE `id_bidang` = \'1\'
AND YEAR(WAKTU) = \'1\'')
 4 SYSTEMPATH\Database\BaseBuilder.php(1616): CodeIgniter\Database\BaseConnection->query('SELECT `ID`, `SASARAN_STRATEGIS`, `INDIKATOR`, `bidang`.`nama_bidang` as `bidang`
FROM `programsi`
JOIN `bidang` ON `bidang`.`id_bidang` = `programsi`.`id_bidang`
WHERE `id_bidang` = :id_bidang:
AND YEAR(WAKTU) = :YEAR(WAKTU):', [...], false)
 5 SYSTEMPATH\Model.php(241): CodeIgniter\Database\BaseBuilder->get()
 6 SYSTEMPATH\BaseModel.php(618): CodeIgniter\Model->doFindAll(0, 0)
 7 APPPATH\Models\AgendaModel.php(71): CodeIgniter\BaseModel->findAll()
 8 APPPATH\Controllers\Agenda.php(140): App\Models\AgendaModel->cariData('1', '1', '1')
 9 SYSTEMPATH\CodeIgniter.php(934): App\Controllers\Agenda->cariData()
10 SYSTEMPATH\CodeIgniter.php(499): CodeIgniter\CodeIgniter->runController(Object(App\Controllers\Agenda))
11 SYSTEMPATH\CodeIgniter.php(368): CodeIgniter\CodeIgniter->handleRequest(null, Object(Config\Cache), false)
12 FCPATH\index.php(67): CodeIgniter\CodeIgniter->run()
13 SYSTEMPATH\Commands\Server\rewrite.php(47): require_once('D:\\belajarCi4\\Gereja\\public\\index.php')
ERROR - 2024-05-22 15:09:54 --> mysqli_sql_exception: Column 'id_bidang' in where clause is ambiguous in D:\belajarCi4\Gereja\system\Database\MySQLi\Connection.php:295
Stack trace:
#0 D:\belajarCi4\Gereja\system\Database\MySQLi\Connection.php(295): mysqli->query('SELECT `ID`, `S...', 0)
#1 D:\belajarCi4\Gereja\system\Database\BaseConnection.php(692): CodeIgniter\Database\MySQLi\Connection->execute('SELECT `ID`, `S...')
#2 D:\belajarCi4\Gereja\system\Database\BaseConnection.php(606): CodeIgniter\Database\BaseConnection->simpleQuery('SELECT `ID`, `S...')
#3 D:\belajarCi4\Gereja\system\Database\BaseBuilder.php(1616): CodeIgniter\Database\BaseConnection->query('SELECT `ID`, `S...', Array, false)
#4 D:\belajarCi4\Gereja\system\Model.php(241): CodeIgniter\Database\BaseBuilder->get()
#5 D:\belajarCi4\Gereja\system\BaseModel.php(618): CodeIgniter\Model->doFindAll(0, 0)
#6 D:\belajarCi4\Gereja\app\Models\AgendaModel.php(71): CodeIgniter\BaseModel->findAll()
#7 D:\belajarCi4\Gereja\app\Controllers\Agenda.php(140): App\Models\AgendaModel->cariData('1', '1', '1')
#8 D:\belajarCi4\Gereja\system\CodeIgniter.php(934): App\Controllers\Agenda->cariData()
#9 D:\belajarCi4\Gereja\system\CodeIgniter.php(499): CodeIgniter\CodeIgniter->runController(Object(App\Controllers\Agenda))
#10 D:\belajarCi4\Gereja\system\CodeIgniter.php(368): CodeIgniter\CodeIgniter->handleRequest(NULL, Object(Config\Cache), false)
#11 D:\belajarCi4\Gereja\public\index.php(67): CodeIgniter\CodeIgniter->run()
#12 D:\belajarCi4\Gereja\system\Commands\Server\rewrite.php(47): require_once('D:\\belajarCi4\\G...')
#13 {main}
CRITICAL - 2024-05-22 15:09:54 --> Column 'id_bidang' in where clause is ambiguous
in SYSTEMPATH\Database\MySQLi\Connection.php on line 295.
 1 SYSTEMPATH\Database\MySQLi\Connection.php(295): mysqli->query('SELECT `ID`, `SASARAN_STRATEGIS`, `INDIKATOR`, `bidang`.`nama_bidang` as `bidang`
FROM `programsi`
JOIN `bidang` ON `bidang`.`id_bidang` = `programsi`.`id_bidang`
WHERE `id_bidang` = \'1\'
AND YEAR(WAKTU) = \'1\'', 0)
 2 SYSTEMPATH\Database\BaseConnection.php(692): CodeIgniter\Database\MySQLi\Connection->execute('SELECT `ID`, `SASARAN_STRATEGIS`, `INDIKATOR`, `bidang`.`nama_bidang` as `bidang`
FROM `programsi`
JOIN `bidang` ON `bidang`.`id_bidang` = `programsi`.`id_bidang`
WHERE `id_bidang` = \'1\'
AND YEAR(WAKTU) = \'1\'')
 3 SYSTEMPATH\Database\BaseConnection.php(606): CodeIgniter\Database\BaseConnection->simpleQuery('SELECT `ID`, `SASARAN_STRATEGIS`, `INDIKATOR`, `bidang`.`nama_bidang` as `bidang`
FROM `programsi`
JOIN `bidang` ON `bidang`.`id_bidang` = `programsi`.`id_bidang`
WHERE `id_bidang` = \'1\'
AND YEAR(WAKTU) = \'1\'')
 4 SYSTEMPATH\Database\BaseBuilder.php(1616): CodeIgniter\Database\BaseConnection->query('SELECT `ID`, `SASARAN_STRATEGIS`, `INDIKATOR`, `bidang`.`nama_bidang` as `bidang`
FROM `programsi`
JOIN `bidang` ON `bidang`.`id_bidang` = `programsi`.`id_bidang`
WHERE `id_bidang` = :id_bidang:
AND YEAR(WAKTU) = :YEAR(WAKTU):', [...], false)
 5 SYSTEMPATH\Model.php(241): CodeIgniter\Database\BaseBuilder->get()
 6 SYSTEMPATH\BaseModel.php(618): CodeIgniter\Model->doFindAll(0, 0)
 7 APPPATH\Models\AgendaModel.php(71): CodeIgniter\BaseModel->findAll()
 8 APPPATH\Controllers\Agenda.php(140): App\Models\AgendaModel->cariData('1', '1', '1')
 9 SYSTEMPATH\CodeIgniter.php(934): App\Controllers\Agenda->cariData()
10 SYSTEMPATH\CodeIgniter.php(499): CodeIgniter\CodeIgniter->runController(Object(App\Controllers\Agenda))
11 SYSTEMPATH\CodeIgniter.php(368): CodeIgniter\CodeIgniter->handleRequest(null, Object(Config\Cache), false)
12 FCPATH\index.php(67): CodeIgniter\CodeIgniter->run()
13 SYSTEMPATH\Commands\Server\rewrite.php(47): require_once('D:\\belajarCi4\\Gereja\\public\\index.php')
12 SYSTEMPATH\Commands\Server\rewrite.php(47): require_once('D:\\DOCUMENT\\CODING LAIN\\WORK\\DETA\\Gereja\\public\\index.php')
ERROR - 2024-05-22 12:37:08 --> mysqli_sql_exception: Table 'gereja.laporan' doesn't exist in D:\DOCUMENT\CODING LAIN\WORK\DETA\Gereja\system\Database\MySQLi\Connection.php:295
Stack trace:
#0 D:\DOCUMENT\CODING LAIN\WORK\DETA\Gereja\system\Database\MySQLi\Connection.php(295): mysqli->query('SELECT *\nFROM `...', 0)
#1 D:\DOCUMENT\CODING LAIN\WORK\DETA\Gereja\system\Database\BaseConnection.php(692): CodeIgniter\Database\MySQLi\Connection->execute('SELECT *\nFROM `...')
#2 D:\DOCUMENT\CODING LAIN\WORK\DETA\Gereja\system\Database\BaseConnection.php(606): CodeIgniter\Database\BaseConnection->simpleQuery('SELECT *\nFROM `...')
#3 D:\DOCUMENT\CODING LAIN\WORK\DETA\Gereja\system\Database\BaseBuilder.php(1616): CodeIgniter\Database\BaseConnection->query('SELECT *\nFROM `...', Array, false)
#4 D:\DOCUMENT\CODING LAIN\WORK\DETA\Gereja\system\Model.php(241): CodeIgniter\Database\BaseBuilder->get()
#5 D:\DOCUMENT\CODING LAIN\WORK\DETA\Gereja\system\BaseModel.php(618): CodeIgniter\Model->doFindAll(0, 0)
#6 D:\DOCUMENT\CODING LAIN\WORK\DETA\Gereja\app\Controllers\Laporan.php(17): CodeIgniter\BaseModel->findAll()
#7 D:\DOCUMENT\CODING LAIN\WORK\DETA\Gereja\system\CodeIgniter.php(934): App\Controllers\Laporan->getAllLaporan()
#8 D:\DOCUMENT\CODING LAIN\WORK\DETA\Gereja\system\CodeIgniter.php(499): CodeIgniter\CodeIgniter->runController(Object(App\Controllers\Laporan))
#9 D:\DOCUMENT\CODING LAIN\WORK\DETA\Gereja\system\CodeIgniter.php(368): CodeIgniter\CodeIgniter->handleRequest(NULL, Object(Config\Cache), false)
#10 D:\DOCUMENT\CODING LAIN\WORK\DETA\Gereja\public\index.php(67): CodeIgniter\CodeIgniter->run()
#11 D:\DOCUMENT\CODING LAIN\WORK\DETA\Gereja\system\Commands\Server\rewrite.php(47): require_once('D:\\DOCUMENT\\COD...')
#12 {main}
CRITICAL - 2024-05-22 12:37:08 --> Table 'gereja.laporan' doesn't exist
in SYSTEMPATH\Database\MySQLi\Connection.php on line 295.
 1 SYSTEMPATH\Database\MySQLi\Connection.php(295): mysqli->query('SELECT *
FROM `laporan`', 0)
 2 SYSTEMPATH\Database\BaseConnection.php(692): CodeIgniter\Database\MySQLi\Connection->execute('SELECT *
FROM `laporan`')
 3 SYSTEMPATH\Database\BaseConnection.php(606): CodeIgniter\Database\BaseConnection->simpleQuery('SELECT *
FROM `laporan`')
 4 SYSTEMPATH\Database\BaseBuilder.php(1616): CodeIgniter\Database\BaseConnection->query('SELECT *
FROM `laporan`', [], false)
 5 SYSTEMPATH\Model.php(241): CodeIgniter\Database\BaseBuilder->get()
 6 SYSTEMPATH\BaseModel.php(618): CodeIgniter\Model->doFindAll(0, 0)
 7 APPPATH\Controllers\Laporan.php(17): CodeIgniter\BaseModel->findAll()
 8 SYSTEMPATH\CodeIgniter.php(934): App\Controllers\Laporan->getAllLaporan()
 9 SYSTEMPATH\CodeIgniter.php(499): CodeIgniter\CodeIgniter->runController(Object(App\Controllers\Laporan))
10 SYSTEMPATH\CodeIgniter.php(368): CodeIgniter\CodeIgniter->handleRequest(null, Object(Config\Cache), false)
11 FCPATH\index.php(67): CodeIgniter\CodeIgniter->run()
12 SYSTEMPATH\Commands\Server\rewrite.php(47): require_once('D:\\DOCUMENT\\CODING LAIN\\WORK\\DETA\\Gereja\\public\\index.php')
ERROR - 2024-05-22 12:37:10 --> mysqli_sql_exception: Table 'gereja.laporan' doesn't exist in D:\DOCUMENT\CODING LAIN\WORK\DETA\Gereja\system\Database\MySQLi\Connection.php:295
Stack trace:
#0 D:\DOCUMENT\CODING LAIN\WORK\DETA\Gereja\system\Database\MySQLi\Connection.php(295): mysqli->query('SELECT *\nFROM `...', 0)
#1 D:\DOCUMENT\CODING LAIN\WORK\DETA\Gereja\system\Database\BaseConnection.php(692): CodeIgniter\Database\MySQLi\Connection->execute('SELECT *\nFROM `...')
#2 D:\DOCUMENT\CODING LAIN\WORK\DETA\Gereja\system\Database\BaseConnection.php(606): CodeIgniter\Database\BaseConnection->simpleQuery('SELECT *\nFROM `...')
#3 D:\DOCUMENT\CODING LAIN\WORK\DETA\Gereja\system\Database\BaseBuilder.php(1616): CodeIgniter\Database\BaseConnection->query('SELECT *\nFROM `...', Array, false)
#4 D:\DOCUMENT\CODING LAIN\WORK\DETA\Gereja\system\Model.php(241): CodeIgniter\Database\BaseBuilder->get()
#5 D:\DOCUMENT\CODING LAIN\WORK\DETA\Gereja\system\BaseModel.php(618): CodeIgniter\Model->doFindAll(0, 0)
#6 D:\DOCUMENT\CODING LAIN\WORK\DETA\Gereja\app\Controllers\Laporan.php(17): CodeIgniter\BaseModel->findAll()
#7 D:\DOCUMENT\CODING LAIN\WORK\DETA\Gereja\system\CodeIgniter.php(934): App\Controllers\Laporan->getAllLaporan()
#8 D:\DOCUMENT\CODING LAIN\WORK\DETA\Gereja\system\CodeIgniter.php(499): CodeIgniter\CodeIgniter->runController(Object(App\Controllers\Laporan))
#9 D:\DOCUMENT\CODING LAIN\WORK\DETA\Gereja\system\CodeIgniter.php(368): CodeIgniter\CodeIgniter->handleRequest(NULL, Object(Config\Cache), false)
#10 D:\DOCUMENT\CODING LAIN\WORK\DETA\Gereja\public\index.php(67): CodeIgniter\CodeIgniter->run()
#11 D:\DOCUMENT\CODING LAIN\WORK\DETA\Gereja\system\Commands\Server\rewrite.php(47): require_once('D:\\DOCUMENT\\COD...')
#12 {main}
CRITICAL - 2024-05-22 12:37:10 --> Table 'gereja.laporan' doesn't exist
in SYSTEMPATH\Database\MySQLi\Connection.php on line 295.
 1 SYSTEMPATH\Database\MySQLi\Connection.php(295): mysqli->query('SELECT *
FROM `laporan`', 0)
 2 SYSTEMPATH\Database\BaseConnection.php(692): CodeIgniter\Database\MySQLi\Connection->execute('SELECT *
FROM `laporan`')
 3 SYSTEMPATH\Database\BaseConnection.php(606): CodeIgniter\Database\BaseConnection->simpleQuery('SELECT *
FROM `laporan`')
 4 SYSTEMPATH\Database\BaseBuilder.php(1616): CodeIgniter\Database\BaseConnection->query('SELECT *
FROM `laporan`', [], false)
 5 SYSTEMPATH\Model.php(241): CodeIgniter\Database\BaseBuilder->get()
 6 SYSTEMPATH\BaseModel.php(618): CodeIgniter\Model->doFindAll(0, 0)
 7 APPPATH\Controllers\Laporan.php(17): CodeIgniter\BaseModel->findAll()
 8 SYSTEMPATH\CodeIgniter.php(934): App\Controllers\Laporan->getAllLaporan()
 9 SYSTEMPATH\CodeIgniter.php(499): CodeIgniter\CodeIgniter->runController(Object(App\Controllers\Laporan))
10 SYSTEMPATH\CodeIgniter.php(368): CodeIgniter\CodeIgniter->handleRequest(null, Object(Config\Cache), false)
11 FCPATH\index.php(67): CodeIgniter\CodeIgniter->run()
12 SYSTEMPATH\Commands\Server\rewrite.php(47): require_once('D:\\DOCUMENT\\CODING LAIN\\WORK\\DETA\\Gereja\\public\\index.php')
ERROR - 2024-05-22 12:41:33 --> mysqli_sql_exception: Table 'gereja.laporan' doesn't exist in D:\DOCUMENT\CODING LAIN\WORK\DETA\Gereja\system\Database\MySQLi\Connection.php:295
Stack trace:
#0 D:\DOCUMENT\CODING LAIN\WORK\DETA\Gereja\system\Database\MySQLi\Connection.php(295): mysqli->query('SELECT *\nFROM `...', 0)
#1 D:\DOCUMENT\CODING LAIN\WORK\DETA\Gereja\system\Database\BaseConnection.php(692): CodeIgniter\Database\MySQLi\Connection->execute('SELECT *\nFROM `...')
#2 D:\DOCUMENT\CODING LAIN\WORK\DETA\Gereja\system\Database\BaseConnection.php(606): CodeIgniter\Database\BaseConnection->simpleQuery('SELECT *\nFROM `...')
#3 D:\DOCUMENT\CODING LAIN\WORK\DETA\Gereja\system\Database\BaseBuilder.php(1616): CodeIgniter\Database\BaseConnection->query('SELECT *\nFROM `...', Array, false)
#4 D:\DOCUMENT\CODING LAIN\WORK\DETA\Gereja\system\Model.php(241): CodeIgniter\Database\BaseBuilder->get()
#5 D:\DOCUMENT\CODING LAIN\WORK\DETA\Gereja\system\BaseModel.php(618): CodeIgniter\Model->doFindAll(0, 0)
#6 D:\DOCUMENT\CODING LAIN\WORK\DETA\Gereja\app\Controllers\Laporan.php(17): CodeIgniter\BaseModel->findAll()
#7 D:\DOCUMENT\CODING LAIN\WORK\DETA\Gereja\system\CodeIgniter.php(934): App\Controllers\Laporan->getAllLaporan()
#8 D:\DOCUMENT\CODING LAIN\WORK\DETA\Gereja\system\CodeIgniter.php(499): CodeIgniter\CodeIgniter->runController(Object(App\Controllers\Laporan))
#9 D:\DOCUMENT\CODING LAIN\WORK\DETA\Gereja\system\CodeIgniter.php(368): CodeIgniter\CodeIgniter->handleRequest(NULL, Object(Config\Cache), false)
#10 D:\DOCUMENT\CODING LAIN\WORK\DETA\Gereja\public\index.php(67): CodeIgniter\CodeIgniter->run()
#11 D:\DOCUMENT\CODING LAIN\WORK\DETA\Gereja\system\Commands\Server\rewrite.php(47): require_once('D:\\DOCUMENT\\COD...')
#12 {main}
CRITICAL - 2024-05-22 12:41:33 --> Table 'gereja.laporan' doesn't exist
in SYSTEMPATH\Database\MySQLi\Connection.php on line 295.
 1 SYSTEMPATH\Database\MySQLi\Connection.php(295): mysqli->query('SELECT *
FROM `laporan`', 0)
 2 SYSTEMPATH\Database\BaseConnection.php(692): CodeIgniter\Database\MySQLi\Connection->execute('SELECT *
FROM `laporan`')
 3 SYSTEMPATH\Database\BaseConnection.php(606): CodeIgniter\Database\BaseConnection->simpleQuery('SELECT *
FROM `laporan`')
 4 SYSTEMPATH\Database\BaseBuilder.php(1616): CodeIgniter\Database\BaseConnection->query('SELECT *
FROM `laporan`', [], false)
 5 SYSTEMPATH\Model.php(241): CodeIgniter\Database\BaseBuilder->get()
 6 SYSTEMPATH\BaseModel.php(618): CodeIgniter\Model->doFindAll(0, 0)
 7 APPPATH\Controllers\Laporan.php(17): CodeIgniter\BaseModel->findAll()
 8 SYSTEMPATH\CodeIgniter.php(934): App\Controllers\Laporan->getAllLaporan()
 9 SYSTEMPATH\CodeIgniter.php(499): CodeIgniter\CodeIgniter->runController(Object(App\Controllers\Laporan))
10 SYSTEMPATH\CodeIgniter.php(368): CodeIgniter\CodeIgniter->handleRequest(null, Object(Config\Cache), false)
11 FCPATH\index.php(67): CodeIgniter\CodeIgniter->run()
12 SYSTEMPATH\Commands\Server\rewrite.php(47): require_once('D:\\DOCUMENT\\CODING LAIN\\WORK\\DETA\\Gereja\\public\\index.php')
INFO - 2024-05-22 12:42:56 --> Session: Class initialized using 'CodeIgniter\Session\Handlers\FileHandler' driver.
INFO - 2024-05-22 12:54:15 --> Session: Class initialized using 'CodeIgniter\Session\Handlers\FileHandler' driver.
INFO - 2024-05-22 12:54:15 --> Session: Class initialized using 'CodeIgniter\Session\Handlers\FileHandler' driver.
INFO - 2024-05-22 12:55:20 --> Session: Class initialized using 'CodeIgniter\Session\Handlers\FileHandler' driver.
INFO - 2024-05-22 12:55:22 --> Session: Class initialized using 'CodeIgniter\Session\Handlers\FileHandler' driver.
INFO - 2024-05-22 12:55:43 --> Session: Class initialized using 'CodeIgniter\Session\Handlers\FileHandler' driver.
INFO - 2024-05-22 12:55:43 --> Session: Class initialized using 'CodeIgniter\Session\Handlers\FileHandler' driver.
INFO - 2024-05-22 12:56:49 --> Session: Class initialized using 'CodeIgniter\Session\Handlers\FileHandler' driver.
INFO - 2024-05-22 12:58:02 --> Session: Class initialized using 'CodeIgniter\Session\Handlers\FileHandler' driver.
INFO - 2024-05-22 12:58:04 --> Session: Class initialized using 'CodeIgniter\Session\Handlers\FileHandler' driver.
ERROR - 2024-05-22 12:58:40 --> mysqli_sql_exception: Table 'gereja.laporan' doesn't exist in D:\DOCUMENT\CODING LAIN\WORK\DETA\Gereja\system\Database\MySQLi\Connection.php:295
Stack trace:
#0 D:\DOCUMENT\CODING LAIN\WORK\DETA\Gereja\system\Database\MySQLi\Connection.php(295): mysqli->query('SELECT *\nFROM `...', 0)
#1 D:\DOCUMENT\CODING LAIN\WORK\DETA\Gereja\system\Database\BaseConnection.php(692): CodeIgniter\Database\MySQLi\Connection->execute('SELECT *\nFROM `...')
#2 D:\DOCUMENT\CODING LAIN\WORK\DETA\Gereja\system\Database\BaseConnection.php(606): CodeIgniter\Database\BaseConnection->simpleQuery('SELECT *\nFROM `...')
#3 D:\DOCUMENT\CODING LAIN\WORK\DETA\Gereja\system\Database\BaseBuilder.php(1616): CodeIgniter\Database\BaseConnection->query('SELECT *\nFROM `...', Array, false)
#4 D:\DOCUMENT\CODING LAIN\WORK\DETA\Gereja\system\Model.php(241): CodeIgniter\Database\BaseBuilder->get()
#5 D:\DOCUMENT\CODING LAIN\WORK\DETA\Gereja\system\BaseModel.php(618): CodeIgniter\Model->doFindAll(0, 0)
#6 D:\DOCUMENT\CODING LAIN\WORK\DETA\Gereja\app\Controllers\Laporan.php(18): CodeIgniter\BaseModel->findAll()
#7 D:\DOCUMENT\CODING LAIN\WORK\DETA\Gereja\system\CodeIgniter.php(934): App\Controllers\Laporan->getAllLaporan()
#8 D:\DOCUMENT\CODING LAIN\WORK\DETA\Gereja\system\CodeIgniter.php(499): CodeIgniter\CodeIgniter->runController(Object(App\Controllers\Laporan))
#9 D:\DOCUMENT\CODING LAIN\WORK\DETA\Gereja\system\CodeIgniter.php(368): CodeIgniter\CodeIgniter->handleRequest(NULL, Object(Config\Cache), false)
#10 D:\DOCUMENT\CODING LAIN\WORK\DETA\Gereja\public\index.php(67): CodeIgniter\CodeIgniter->run()
#11 D:\DOCUMENT\CODING LAIN\WORK\DETA\Gereja\system\Commands\Server\rewrite.php(47): require_once('D:\\DOCUMENT\\COD...')
#12 {main}
CRITICAL - 2024-05-22 12:58:40 --> Table 'gereja.laporan' doesn't exist
in SYSTEMPATH\Database\MySQLi\Connection.php on line 295.
 1 SYSTEMPATH\Database\MySQLi\Connection.php(295): mysqli->query('SELECT *
FROM `laporan`', 0)
 2 SYSTEMPATH\Database\BaseConnection.php(692): CodeIgniter\Database\MySQLi\Connection->execute('SELECT *
FROM `laporan`')
 3 SYSTEMPATH\Database\BaseConnection.php(606): CodeIgniter\Database\BaseConnection->simpleQuery('SELECT *
FROM `laporan`')
 4 SYSTEMPATH\Database\BaseBuilder.php(1616): CodeIgniter\Database\BaseConnection->query('SELECT *
FROM `laporan`', [], false)
 5 SYSTEMPATH\Model.php(241): CodeIgniter\Database\BaseBuilder->get()
 6 SYSTEMPATH\BaseModel.php(618): CodeIgniter\Model->doFindAll(0, 0)
 7 APPPATH\Controllers\Laporan.php(18): CodeIgniter\BaseModel->findAll()
 8 SYSTEMPATH\CodeIgniter.php(934): App\Controllers\Laporan->getAllLaporan()
 9 SYSTEMPATH\CodeIgniter.php(499): CodeIgniter\CodeIgniter->runController(Object(App\Controllers\Laporan))
10 SYSTEMPATH\CodeIgniter.php(368): CodeIgniter\CodeIgniter->handleRequest(null, Object(Config\Cache), false)
11 FCPATH\index.php(67): CodeIgniter\CodeIgniter->run()
12 SYSTEMPATH\Commands\Server\rewrite.php(47): require_once('D:\\DOCUMENT\\CODING LAIN\\WORK\\DETA\\Gereja\\public\\index.php')
INFO - 2024-05-22 12:58:47 --> Session: Class initialized using 'CodeIgniter\Session\Handlers\FileHandler' driver.
INFO - 2024-05-22 12:58:47 --> Session: Class initialized using 'CodeIgniter\Session\Handlers\FileHandler' driver.
INFO - 2024-05-22 12:58:51 --> Session: Class initialized using 'CodeIgniter\Session\Handlers\FileHandler' driver.
INFO - 2024-05-22 12:59:09 --> Session: Class initialized using 'CodeIgniter\Session\Handlers\FileHandler' driver.
INFO - 2024-05-22 12:59:09 --> Session: Class initialized using 'CodeIgniter\Session\Handlers\FileHandler' driver.
INFO - 2024-05-22 12:59:13 --> Session: Class initialized using 'CodeIgniter\Session\Handlers\FileHandler' driver.
ERROR - 2024-05-22 13:00:06 --> mysqli_sql_exception: Table 'gereja.laporan' doesn't exist in D:\DOCUMENT\CODING LAIN\WORK\DETA\Gereja\system\Database\MySQLi\Connection.php:295
Stack trace:
#0 D:\DOCUMENT\CODING LAIN\WORK\DETA\Gereja\system\Database\MySQLi\Connection.php(295): mysqli->query('SELECT *\nFROM `...', 0)
#1 D:\DOCUMENT\CODING LAIN\WORK\DETA\Gereja\system\Database\BaseConnection.php(692): CodeIgniter\Database\MySQLi\Connection->execute('SELECT *\nFROM `...')
#2 D:\DOCUMENT\CODING LAIN\WORK\DETA\Gereja\system\Database\BaseConnection.php(606): CodeIgniter\Database\BaseConnection->simpleQuery('SELECT *\nFROM `...')
#3 D:\DOCUMENT\CODING LAIN\WORK\DETA\Gereja\system\Database\BaseBuilder.php(1616): CodeIgniter\Database\BaseConnection->query('SELECT *\nFROM `...', Array, false)
#4 D:\DOCUMENT\CODING LAIN\WORK\DETA\Gereja\system\Model.php(241): CodeIgniter\Database\BaseBuilder->get()
#5 D:\DOCUMENT\CODING LAIN\WORK\DETA\Gereja\system\BaseModel.php(618): CodeIgniter\Model->doFindAll(0, 0)
#6 D:\DOCUMENT\CODING LAIN\WORK\DETA\Gereja\app\Controllers\Laporan.php(18): CodeIgniter\BaseModel->findAll()
#7 D:\DOCUMENT\CODING LAIN\WORK\DETA\Gereja\system\CodeIgniter.php(934): App\Controllers\Laporan->getAllLaporan()
#8 D:\DOCUMENT\CODING LAIN\WORK\DETA\Gereja\system\CodeIgniter.php(499): CodeIgniter\CodeIgniter->runController(Object(App\Controllers\Laporan))
#9 D:\DOCUMENT\CODING LAIN\WORK\DETA\Gereja\system\CodeIgniter.php(368): CodeIgniter\CodeIgniter->handleRequest(NULL, Object(Config\Cache), false)
#10 D:\DOCUMENT\CODING LAIN\WORK\DETA\Gereja\public\index.php(67): CodeIgniter\CodeIgniter->run()
#11 D:\DOCUMENT\CODING LAIN\WORK\DETA\Gereja\system\Commands\Server\rewrite.php(47): require_once('D:\\DOCUMENT\\COD...')
#12 {main}
CRITICAL - 2024-05-22 13:00:06 --> Table 'gereja.laporan' doesn't exist
in SYSTEMPATH\Database\MySQLi\Connection.php on line 295.
 1 SYSTEMPATH\Database\MySQLi\Connection.php(295): mysqli->query('SELECT *
FROM `laporan`', 0)
 2 SYSTEMPATH\Database\BaseConnection.php(692): CodeIgniter\Database\MySQLi\Connection->execute('SELECT *
FROM `laporan`')
 3 SYSTEMPATH\Database\BaseConnection.php(606): CodeIgniter\Database\BaseConnection->simpleQuery('SELECT *
FROM `laporan`')
 4 SYSTEMPATH\Database\BaseBuilder.php(1616): CodeIgniter\Database\BaseConnection->query('SELECT *
FROM `laporan`', [], false)
 5 SYSTEMPATH\Model.php(241): CodeIgniter\Database\BaseBuilder->get()
 6 SYSTEMPATH\BaseModel.php(618): CodeIgniter\Model->doFindAll(0, 0)
 7 APPPATH\Controllers\Laporan.php(18): CodeIgniter\BaseModel->findAll()
 8 SYSTEMPATH\CodeIgniter.php(934): App\Controllers\Laporan->getAllLaporan()
 9 SYSTEMPATH\CodeIgniter.php(499): CodeIgniter\CodeIgniter->runController(Object(App\Controllers\Laporan))
10 SYSTEMPATH\CodeIgniter.php(368): CodeIgniter\CodeIgniter->handleRequest(null, Object(Config\Cache), false)
11 FCPATH\index.php(67): CodeIgniter\CodeIgniter->run()
12 SYSTEMPATH\Commands\Server\rewrite.php(47): require_once('D:\\DOCUMENT\\CODING LAIN\\WORK\\DETA\\Gereja\\public\\index.php')
INFO - 2024-05-22 13:00:26 --> Session: Class initialized using 'CodeIgniter\Session\Handlers\FileHandler' driver.
INFO - 2024-05-22 13:00:26 --> Session: Class initialized using 'CodeIgniter\Session\Handlers\FileHandler' driver.
INFO - 2024-05-22 13:13:28 --> Session: Class initialized using 'CodeIgniter\Session\Handlers\FileHandler' driver.
INFO - 2024-05-22 13:14:58 --> Session: Class initialized using 'CodeIgniter\Session\Handlers\FileHandler' driver.
INFO - 2024-05-22 13:34:39 --> Session: Class initialized using 'CodeIgniter\Session\Handlers\FileHandler' driver.
INFO - 2024-05-22 13:34:39 --> Session: Class initialized using 'CodeIgniter\Session\Handlers\FileHandler' driver.
INFO - 2024-05-22 13:34:44 --> Session: Class initialized using 'CodeIgniter\Session\Handlers\FileHandler' driver.
ERROR - 2024-05-22 13:43:31 --> mysqli_sql_exception: Failed to open the referenced table 'tim_pelayanan' in D:\DOCUMENT\CODING LAIN\WORK\DETA\Gereja\system\Database\MySQLi\Connection.php:295
Stack trace:
#0 D:\DOCUMENT\CODING LAIN\WORK\DETA\Gereja\system\Database\MySQLi\Connection.php(295): mysqli->query('CREATE TABLE `p...', 0)
#1 D:\DOCUMENT\CODING LAIN\WORK\DETA\Gereja\system\Database\BaseConnection.php(692): CodeIgniter\Database\MySQLi\Connection->execute('CREATE TABLE `p...')
#2 D:\DOCUMENT\CODING LAIN\WORK\DETA\Gereja\system\Database\BaseConnection.php(606): CodeIgniter\Database\BaseConnection->simpleQuery('CREATE TABLE `p...')
#3 D:\DOCUMENT\CODING LAIN\WORK\DETA\Gereja\system\Database\Forge.php(546): CodeIgniter\Database\BaseConnection->query('CREATE TABLE `p...')
#4 D:\DOCUMENT\CODING LAIN\WORK\DETA\Gereja\app\Database\Migrations\2024-05-21-142444_ProgramasiMigration.php(107): CodeIgniter\Database\Forge->createTable('programsi')
#5 D:\DOCUMENT\CODING LAIN\WORK\DETA\Gereja\system\Database\MigrationRunner.php(877): App\Database\Migrations\ProgramasiMigration->up()
#6 D:\DOCUMENT\CODING LAIN\WORK\DETA\Gereja\system\Database\MigrationRunner.php(188): CodeIgniter\Database\MigrationRunner->migrate('up', Object(stdClass))
#7 D:\DOCUMENT\CODING LAIN\WORK\DETA\Gereja\system\Commands\Database\Migrate.php(84): CodeIgniter\Database\MigrationRunner->latest(NULL)
#8 D:\DOCUMENT\CODING LAIN\WORK\DETA\Gereja\system\CLI\Commands.php(65): CodeIgniter\Commands\Database\Migrate->run(Array)
#9 D:\DOCUMENT\CODING LAIN\WORK\DETA\Gereja\system\CLI\BaseCommand.php(114): CodeIgniter\CLI\Commands->run('migrate', Array)
#10 D:\DOCUMENT\CODING LAIN\WORK\DETA\Gereja\system\Commands\Database\MigrateRefresh.php(85): CodeIgniter\CLI\BaseCommand->call('migrate', Array)
#11 D:\DOCUMENT\CODING LAIN\WORK\DETA\Gereja\system\CLI\Commands.php(65): CodeIgniter\Commands\Database\MigrateRefresh->run(Array)
#12 D:\DOCUMENT\CODING LAIN\WORK\DETA\Gereja\system\CLI\Console.php(37): CodeIgniter\CLI\Commands->run('migrate:refresh', Array)
#13 D:\DOCUMENT\CODING LAIN\WORK\DETA\Gereja\spark(97): CodeIgniter\CLI\Console->run()
#14 {main}
ERROR - 2024-05-22 13:50:05 --> mysqli_sql_exception: Failed to open the referenced table 'tim_pelayanan' in D:\DOCUMENT\CODING LAIN\WORK\DETA\Gereja\system\Database\MySQLi\Connection.php:295
Stack trace:
#0 D:\DOCUMENT\CODING LAIN\WORK\DETA\Gereja\system\Database\MySQLi\Connection.php(295): mysqli->query('CREATE TABLE `t...', 0)
#1 D:\DOCUMENT\CODING LAIN\WORK\DETA\Gereja\system\Database\BaseConnection.php(692): CodeIgniter\Database\MySQLi\Connection->execute('CREATE TABLE `t...')
#2 D:\DOCUMENT\CODING LAIN\WORK\DETA\Gereja\system\Database\BaseConnection.php(606): CodeIgniter\Database\BaseConnection->simpleQuery('CREATE TABLE `t...')
#3 D:\DOCUMENT\CODING LAIN\WORK\DETA\Gereja\system\Database\Forge.php(546): CodeIgniter\Database\BaseConnection->query('CREATE TABLE `t...')
#4 D:\DOCUMENT\CODING LAIN\WORK\DETA\Gereja\app\Database\Migrations\2024-05-21-142444_ProgramasiMigration.php(107): CodeIgniter\Database\Forge->createTable('t_programsi')
#5 D:\DOCUMENT\CODING LAIN\WORK\DETA\Gereja\system\Database\MigrationRunner.php(877): App\Database\Migrations\ProgramasiMigration->up()
#6 D:\DOCUMENT\CODING LAIN\WORK\DETA\Gereja\system\Database\MigrationRunner.php(188): CodeIgniter\Database\MigrationRunner->migrate('up', Object(stdClass))
#7 D:\DOCUMENT\CODING LAIN\WORK\DETA\Gereja\system\Commands\Database\Migrate.php(84): CodeIgniter\Database\MigrationRunner->latest(NULL)
#8 D:\DOCUMENT\CODING LAIN\WORK\DETA\Gereja\system\CLI\Commands.php(65): CodeIgniter\Commands\Database\Migrate->run(Array)
#9 D:\DOCUMENT\CODING LAIN\WORK\DETA\Gereja\system\CLI\BaseCommand.php(114): CodeIgniter\CLI\Commands->run('migrate', Array)
#10 D:\DOCUMENT\CODING LAIN\WORK\DETA\Gereja\system\Commands\Database\MigrateRefresh.php(85): CodeIgniter\CLI\BaseCommand->call('migrate', Array)
#11 D:\DOCUMENT\CODING LAIN\WORK\DETA\Gereja\system\CLI\Commands.php(65): CodeIgniter\Commands\Database\MigrateRefresh->run(Array)
#12 D:\DOCUMENT\CODING LAIN\WORK\DETA\Gereja\system\CLI\Console.php(37): CodeIgniter\CLI\Commands->run('migrate:refresh', Array)
#13 D:\DOCUMENT\CODING LAIN\WORK\DETA\Gereja\spark(97): CodeIgniter\CLI\Console->run()
#14 {main}
ERROR - 2024-05-22 13:51:42 --> mysqli_sql_exception: Failed to open the referenced table 'tim_pelayanan' in D:\DOCUMENT\CODING LAIN\WORK\DETA\Gereja\system\Database\MySQLi\Connection.php:295
Stack trace:
#0 D:\DOCUMENT\CODING LAIN\WORK\DETA\Gereja\system\Database\MySQLi\Connection.php(295): mysqli->query('CREATE TABLE `t...', 0)
#1 D:\DOCUMENT\CODING LAIN\WORK\DETA\Gereja\system\Database\BaseConnection.php(692): CodeIgniter\Database\MySQLi\Connection->execute('CREATE TABLE `t...')
#2 D:\DOCUMENT\CODING LAIN\WORK\DETA\Gereja\system\Database\BaseConnection.php(606): CodeIgniter\Database\BaseConnection->simpleQuery('CREATE TABLE `t...')
#3 D:\DOCUMENT\CODING LAIN\WORK\DETA\Gereja\system\Database\Forge.php(546): CodeIgniter\Database\BaseConnection->query('CREATE TABLE `t...')
#4 D:\DOCUMENT\CODING LAIN\WORK\DETA\Gereja\app\Database\Migrations\2024-05-21-142444_ProgramasiMigration.php(107): CodeIgniter\Database\Forge->createTable('tim_programsi')
#5 D:\DOCUMENT\CODING LAIN\WORK\DETA\Gereja\system\Database\MigrationRunner.php(877): App\Database\Migrations\ProgramasiMigration->up()
#6 D:\DOCUMENT\CODING LAIN\WORK\DETA\Gereja\system\Database\MigrationRunner.php(188): CodeIgniter\Database\MigrationRunner->migrate('up', Object(stdClass))
#7 D:\DOCUMENT\CODING LAIN\WORK\DETA\Gereja\system\Commands\Database\Migrate.php(84): CodeIgniter\Database\MigrationRunner->latest(NULL)
#8 D:\DOCUMENT\CODING LAIN\WORK\DETA\Gereja\system\CLI\Commands.php(65): CodeIgniter\Commands\Database\Migrate->run(Array)
#9 D:\DOCUMENT\CODING LAIN\WORK\DETA\Gereja\system\CLI\BaseCommand.php(114): CodeIgniter\CLI\Commands->run('migrate', Array)
#10 D:\DOCUMENT\CODING LAIN\WORK\DETA\Gereja\system\Commands\Database\MigrateRefresh.php(85): CodeIgniter\CLI\BaseCommand->call('migrate', Array)
#11 D:\DOCUMENT\CODING LAIN\WORK\DETA\Gereja\system\CLI\Commands.php(65): CodeIgniter\Commands\Database\MigrateRefresh->run(Array)
#12 D:\DOCUMENT\CODING LAIN\WORK\DETA\Gereja\system\CLI\Console.php(37): CodeIgniter\CLI\Commands->run('migrate:refresh', Array)
#13 D:\DOCUMENT\CODING LAIN\WORK\DETA\Gereja\spark(97): CodeIgniter\CLI\Console->run()
#14 {main}
ERROR - 2024-05-22 13:52:53 --> mysqli_sql_exception: Failed to open the referenced table 'tim_pelayanan' in D:\DOCUMENT\CODING LAIN\WORK\DETA\Gereja\system\Database\MySQLi\Connection.php:295
Stack trace:
#0 D:\DOCUMENT\CODING LAIN\WORK\DETA\Gereja\system\Database\MySQLi\Connection.php(295): mysqli->query('CREATE TABLE `t...', 0)
#1 D:\DOCUMENT\CODING LAIN\WORK\DETA\Gereja\system\Database\BaseConnection.php(692): CodeIgniter\Database\MySQLi\Connection->execute('CREATE TABLE `t...')
#2 D:\DOCUMENT\CODING LAIN\WORK\DETA\Gereja\system\Database\BaseConnection.php(606): CodeIgniter\Database\BaseConnection->simpleQuery('CREATE TABLE `t...')
#3 D:\DOCUMENT\CODING LAIN\WORK\DETA\Gereja\system\Database\Forge.php(546): CodeIgniter\Database\BaseConnection->query('CREATE TABLE `t...')
#4 D:\DOCUMENT\CODING LAIN\WORK\DETA\Gereja\app\Database\Migrations\2024-05-21-142444_ProgramasiMigration.php(107): CodeIgniter\Database\Forge->createTable('tim_programsi')
#5 D:\DOCUMENT\CODING LAIN\WORK\DETA\Gereja\system\Database\MigrationRunner.php(877): App\Database\Migrations\ProgramasiMigration->up()
#6 D:\DOCUMENT\CODING LAIN\WORK\DETA\Gereja\system\Database\MigrationRunner.php(188): CodeIgniter\Database\MigrationRunner->migrate('up', Object(stdClass))
#7 D:\DOCUMENT\CODING LAIN\WORK\DETA\Gereja\system\Commands\Database\Migrate.php(84): CodeIgniter\Database\MigrationRunner->latest(NULL)
#8 D:\DOCUMENT\CODING LAIN\WORK\DETA\Gereja\system\CLI\Commands.php(65): CodeIgniter\Commands\Database\Migrate->run(Array)
#9 D:\DOCUMENT\CODING LAIN\WORK\DETA\Gereja\system\CLI\Console.php(37): CodeIgniter\CLI\Commands->run('migrate', Array)
#10 D:\DOCUMENT\CODING LAIN\WORK\DETA\Gereja\spark(97): CodeIgniter\CLI\Console->run()
#11 {main}
ERROR - 2024-05-22 13:55:18 --> mysqli_sql_exception: Unknown table 'programsi' in D:\DOCUMENT\CODING LAIN\WORK\DETA\Gereja\system\Database\MySQLi\Connection.php:295
Stack trace:
#0 D:\DOCUMENT\CODING LAIN\WORK\DETA\Gereja\system\Database\MySQLi\Connection.php(295): mysqli->query('SELECT `program...', 0)
#1 D:\DOCUMENT\CODING LAIN\WORK\DETA\Gereja\system\Database\BaseConnection.php(692): CodeIgniter\Database\MySQLi\Connection->execute('SELECT `program...')
#2 D:\DOCUMENT\CODING LAIN\WORK\DETA\Gereja\system\Database\BaseConnection.php(606): CodeIgniter\Database\BaseConnection->simpleQuery('SELECT `program...')
#3 D:\DOCUMENT\CODING LAIN\WORK\DETA\Gereja\system\Database\BaseBuilder.php(1616): CodeIgniter\Database\BaseConnection->query('SELECT `program...', Array, false)
#4 D:\DOCUMENT\CODING LAIN\WORK\DETA\Gereja\system\Model.php(241): CodeIgniter\Database\BaseBuilder->get()
#5 D:\DOCUMENT\CODING LAIN\WORK\DETA\Gereja\system\BaseModel.php(618): CodeIgniter\Model->doFindAll(0, 0)
#6 D:\DOCUMENT\CODING LAIN\WORK\DETA\Gereja\app\Models\AgendaModel.php(55): CodeIgniter\BaseModel->findAll()
#7 D:\DOCUMENT\CODING LAIN\WORK\DETA\Gereja\app\Controllers\Monev.php(39): App\Models\AgendaModel->getDetails()
#8 D:\DOCUMENT\CODING LAIN\WORK\DETA\Gereja\system\CodeIgniter.php(934): App\Controllers\Monev->index()
#9 D:\DOCUMENT\CODING LAIN\WORK\DETA\Gereja\system\CodeIgniter.php(499): CodeIgniter\CodeIgniter->runController(Object(App\Controllers\Monev))
#10 D:\DOCUMENT\CODING LAIN\WORK\DETA\Gereja\system\CodeIgniter.php(368): CodeIgniter\CodeIgniter->handleRequest(NULL, Object(Config\Cache), false)
#11 D:\DOCUMENT\CODING LAIN\WORK\DETA\Gereja\public\index.php(67): CodeIgniter\CodeIgniter->run()
#12 D:\DOCUMENT\CODING LAIN\WORK\DETA\Gereja\system\Commands\Server\rewrite.php(47): require_once('D:\\DOCUMENT\\COD...')
#13 {main}
CRITICAL - 2024-05-22 13:55:18 --> Unknown table 'programsi'
in SYSTEMPATH\Database\MySQLi\Connection.php on line 295.
 1 SYSTEMPATH\Database\MySQLi\Connection.php(295): mysqli->query('SELECT `programsi`.*, `bidang`.`nama_bidang`
FROM `tim_programsi`
JOIN `bidang` ON `bidang`.`id_bidang` = `programsi`.`id_bidang`', 0)
 2 SYSTEMPATH\Database\BaseConnection.php(692): CodeIgniter\Database\MySQLi\Connection->execute('SELECT `programsi`.*, `bidang`.`nama_bidang`
FROM `tim_programsi`
JOIN `bidang` ON `bidang`.`id_bidang` = `programsi`.`id_bidang`')
 3 SYSTEMPATH\Database\BaseConnection.php(606): CodeIgniter\Database\BaseConnection->simpleQuery('SELECT `programsi`.*, `bidang`.`nama_bidang`
FROM `tim_programsi`
JOIN `bidang` ON `bidang`.`id_bidang` = `programsi`.`id_bidang`')
 4 SYSTEMPATH\Database\BaseBuilder.php(1616): CodeIgniter\Database\BaseConnection->query('SELECT `programsi`.*, `bidang`.`nama_bidang`
FROM `tim_programsi`
JOIN `bidang` ON `bidang`.`id_bidang` = `programsi`.`id_bidang`', [], false)
 5 SYSTEMPATH\Model.php(241): CodeIgniter\Database\BaseBuilder->get()
 6 SYSTEMPATH\BaseModel.php(618): CodeIgniter\Model->doFindAll(0, 0)
 7 APPPATH\Models\AgendaModel.php(55): CodeIgniter\BaseModel->findAll()
 8 APPPATH\Controllers\Monev.php(39): App\Models\AgendaModel->getDetails()
 9 SYSTEMPATH\CodeIgniter.php(934): App\Controllers\Monev->index()
10 SYSTEMPATH\CodeIgniter.php(499): CodeIgniter\CodeIgniter->runController(Object(App\Controllers\Monev))
11 SYSTEMPATH\CodeIgniter.php(368): CodeIgniter\CodeIgniter->handleRequest(null, Object(Config\Cache), false)
12 FCPATH\index.php(67): CodeIgniter\CodeIgniter->run()
13 SYSTEMPATH\Commands\Server\rewrite.php(47): require_once('D:\\DOCUMENT\\CODING LAIN\\WORK\\DETA\\Gereja\\public\\index.php')
ERROR - 2024-05-22 13:56:10 --> mysqli_sql_exception: Unknown table 'programsi' in D:\DOCUMENT\CODING LAIN\WORK\DETA\Gereja\system\Database\MySQLi\Connection.php:295
Stack trace:
#0 D:\DOCUMENT\CODING LAIN\WORK\DETA\Gereja\system\Database\MySQLi\Connection.php(295): mysqli->query('SELECT `program...', 0)
#1 D:\DOCUMENT\CODING LAIN\WORK\DETA\Gereja\system\Database\BaseConnection.php(692): CodeIgniter\Database\MySQLi\Connection->execute('SELECT `program...')
#2 D:\DOCUMENT\CODING LAIN\WORK\DETA\Gereja\system\Database\BaseConnection.php(606): CodeIgniter\Database\BaseConnection->simpleQuery('SELECT `program...')
#3 D:\DOCUMENT\CODING LAIN\WORK\DETA\Gereja\system\Database\BaseBuilder.php(1616): CodeIgniter\Database\BaseConnection->query('SELECT `program...', Array, false)
#4 D:\DOCUMENT\CODING LAIN\WORK\DETA\Gereja\system\Model.php(241): CodeIgniter\Database\BaseBuilder->get()
#5 D:\DOCUMENT\CODING LAIN\WORK\DETA\Gereja\system\BaseModel.php(618): CodeIgniter\Model->doFindAll(0, 0)
#6 D:\DOCUMENT\CODING LAIN\WORK\DETA\Gereja\app\Models\AgendaModel.php(55): CodeIgniter\BaseModel->findAll()
#7 D:\DOCUMENT\CODING LAIN\WORK\DETA\Gereja\app\Controllers\Monev.php(39): App\Models\AgendaModel->getDetails()
#8 D:\DOCUMENT\CODING LAIN\WORK\DETA\Gereja\system\CodeIgniter.php(934): App\Controllers\Monev->index()
#9 D:\DOCUMENT\CODING LAIN\WORK\DETA\Gereja\system\CodeIgniter.php(499): CodeIgniter\CodeIgniter->runController(Object(App\Controllers\Monev))
#10 D:\DOCUMENT\CODING LAIN\WORK\DETA\Gereja\system\CodeIgniter.php(368): CodeIgniter\CodeIgniter->handleRequest(NULL, Object(Config\Cache), false)
#11 D:\DOCUMENT\CODING LAIN\WORK\DETA\Gereja\public\index.php(67): CodeIgniter\CodeIgniter->run()
#12 D:\DOCUMENT\CODING LAIN\WORK\DETA\Gereja\system\Commands\Server\rewrite.php(47): require_once('D:\\DOCUMENT\\COD...')
#13 {main}
CRITICAL - 2024-05-22 13:56:10 --> Unknown table 'programsi'
in SYSTEMPATH\Database\MySQLi\Connection.php on line 295.
 1 SYSTEMPATH\Database\MySQLi\Connection.php(295): mysqli->query('SELECT `programsi`.*, `bidang`.`nama_bidang`
FROM `tim_programsi`
JOIN `bidang` ON `bidang`.`id_bidang` = `programsi`.`id_bidang`', 0)
 2 SYSTEMPATH\Database\BaseConnection.php(692): CodeIgniter\Database\MySQLi\Connection->execute('SELECT `programsi`.*, `bidang`.`nama_bidang`
FROM `tim_programsi`
JOIN `bidang` ON `bidang`.`id_bidang` = `programsi`.`id_bidang`')
 3 SYSTEMPATH\Database\BaseConnection.php(606): CodeIgniter\Database\BaseConnection->simpleQuery('SELECT `programsi`.*, `bidang`.`nama_bidang`
FROM `tim_programsi`
JOIN `bidang` ON `bidang`.`id_bidang` = `programsi`.`id_bidang`')
 4 SYSTEMPATH\Database\BaseBuilder.php(1616): CodeIgniter\Database\BaseConnection->query('SELECT `programsi`.*, `bidang`.`nama_bidang`
FROM `tim_programsi`
JOIN `bidang` ON `bidang`.`id_bidang` = `programsi`.`id_bidang`', [], false)
 5 SYSTEMPATH\Model.php(241): CodeIgniter\Database\BaseBuilder->get()
 6 SYSTEMPATH\BaseModel.php(618): CodeIgniter\Model->doFindAll(0, 0)
 7 APPPATH\Models\AgendaModel.php(55): CodeIgniter\BaseModel->findAll()
 8 APPPATH\Controllers\Monev.php(39): App\Models\AgendaModel->getDetails()
 9 SYSTEMPATH\CodeIgniter.php(934): App\Controllers\Monev->index()
10 SYSTEMPATH\CodeIgniter.php(499): CodeIgniter\CodeIgniter->runController(Object(App\Controllers\Monev))
11 SYSTEMPATH\CodeIgniter.php(368): CodeIgniter\CodeIgniter->handleRequest(null, Object(Config\Cache), false)
12 FCPATH\index.php(67): CodeIgniter\CodeIgniter->run()
13 SYSTEMPATH\Commands\Server\rewrite.php(47): require_once('D:\\DOCUMENT\\CODING LAIN\\WORK\\DETA\\Gereja\\public\\index.php')
ERROR - 2024-05-22 13:56:23 --> mysqli_sql_exception: Unknown table 'programsi' in D:\DOCUMENT\CODING LAIN\WORK\DETA\Gereja\system\Database\MySQLi\Connection.php:295
Stack trace:
#0 D:\DOCUMENT\CODING LAIN\WORK\DETA\Gereja\system\Database\MySQLi\Connection.php(295): mysqli->query('SELECT `program...', 0)
#1 D:\DOCUMENT\CODING LAIN\WORK\DETA\Gereja\system\Database\BaseConnection.php(692): CodeIgniter\Database\MySQLi\Connection->execute('SELECT `program...')
#2 D:\DOCUMENT\CODING LAIN\WORK\DETA\Gereja\system\Database\BaseConnection.php(606): CodeIgniter\Database\BaseConnection->simpleQuery('SELECT `program...')
#3 D:\DOCUMENT\CODING LAIN\WORK\DETA\Gereja\system\Database\BaseBuilder.php(1616): CodeIgniter\Database\BaseConnection->query('SELECT `program...', Array, false)
#4 D:\DOCUMENT\CODING LAIN\WORK\DETA\Gereja\system\Model.php(241): CodeIgniter\Database\BaseBuilder->get()
#5 D:\DOCUMENT\CODING LAIN\WORK\DETA\Gereja\system\BaseModel.php(618): CodeIgniter\Model->doFindAll(0, 0)
#6 D:\DOCUMENT\CODING LAIN\WORK\DETA\Gereja\app\Models\AgendaModel.php(55): CodeIgniter\BaseModel->findAll()
#7 D:\DOCUMENT\CODING LAIN\WORK\DETA\Gereja\app\Controllers\Monev.php(39): App\Models\AgendaModel->getDetails()
#8 D:\DOCUMENT\CODING LAIN\WORK\DETA\Gereja\system\CodeIgniter.php(934): App\Controllers\Monev->index()
#9 D:\DOCUMENT\CODING LAIN\WORK\DETA\Gereja\system\CodeIgniter.php(499): CodeIgniter\CodeIgniter->runController(Object(App\Controllers\Monev))
#10 D:\DOCUMENT\CODING LAIN\WORK\DETA\Gereja\system\CodeIgniter.php(368): CodeIgniter\CodeIgniter->handleRequest(NULL, Object(Config\Cache), false)
#11 D:\DOCUMENT\CODING LAIN\WORK\DETA\Gereja\public\index.php(67): CodeIgniter\CodeIgniter->run()
#12 D:\DOCUMENT\CODING LAIN\WORK\DETA\Gereja\system\Commands\Server\rewrite.php(47): require_once('D:\\DOCUMENT\\COD...')
#13 {main}
CRITICAL - 2024-05-22 13:56:23 --> Unknown table 'programsi'
in SYSTEMPATH\Database\MySQLi\Connection.php on line 295.
 1 SYSTEMPATH\Database\MySQLi\Connection.php(295): mysqli->query('SELECT `programsi`.*, `bidang`.`nama_bidang`
FROM `tim_programsi`
JOIN `bidang` ON `bidang`.`id_bidang` = `programsi`.`id_bidang`', 0)
 2 SYSTEMPATH\Database\BaseConnection.php(692): CodeIgniter\Database\MySQLi\Connection->execute('SELECT `programsi`.*, `bidang`.`nama_bidang`
FROM `tim_programsi`
JOIN `bidang` ON `bidang`.`id_bidang` = `programsi`.`id_bidang`')
 3 SYSTEMPATH\Database\BaseConnection.php(606): CodeIgniter\Database\BaseConnection->simpleQuery('SELECT `programsi`.*, `bidang`.`nama_bidang`
FROM `tim_programsi`
JOIN `bidang` ON `bidang`.`id_bidang` = `programsi`.`id_bidang`')
 4 SYSTEMPATH\Database\BaseBuilder.php(1616): CodeIgniter\Database\BaseConnection->query('SELECT `programsi`.*, `bidang`.`nama_bidang`
FROM `tim_programsi`
JOIN `bidang` ON `bidang`.`id_bidang` = `programsi`.`id_bidang`', [], false)
 5 SYSTEMPATH\Model.php(241): CodeIgniter\Database\BaseBuilder->get()
 6 SYSTEMPATH\BaseModel.php(618): CodeIgniter\Model->doFindAll(0, 0)
 7 APPPATH\Models\AgendaModel.php(55): CodeIgniter\BaseModel->findAll()
 8 APPPATH\Controllers\Monev.php(39): App\Models\AgendaModel->getDetails()
 9 SYSTEMPATH\CodeIgniter.php(934): App\Controllers\Monev->index()
10 SYSTEMPATH\CodeIgniter.php(499): CodeIgniter\CodeIgniter->runController(Object(App\Controllers\Monev))
11 SYSTEMPATH\CodeIgniter.php(368): CodeIgniter\CodeIgniter->handleRequest(null, Object(Config\Cache), false)
12 FCPATH\index.php(67): CodeIgniter\CodeIgniter->run()
13 SYSTEMPATH\Commands\Server\rewrite.php(47): require_once('D:\\DOCUMENT\\CODING LAIN\\WORK\\DETA\\Gereja\\public\\index.php')
ERROR - 2024-05-22 13:56:24 --> mysqli_sql_exception: Unknown table 'programsi' in D:\DOCUMENT\CODING LAIN\WORK\DETA\Gereja\system\Database\MySQLi\Connection.php:295
Stack trace:
#0 D:\DOCUMENT\CODING LAIN\WORK\DETA\Gereja\system\Database\MySQLi\Connection.php(295): mysqli->query('SELECT `program...', 0)
#1 D:\DOCUMENT\CODING LAIN\WORK\DETA\Gereja\system\Database\BaseConnection.php(692): CodeIgniter\Database\MySQLi\Connection->execute('SELECT `program...')
#2 D:\DOCUMENT\CODING LAIN\WORK\DETA\Gereja\system\Database\BaseConnection.php(606): CodeIgniter\Database\BaseConnection->simpleQuery('SELECT `program...')
#3 D:\DOCUMENT\CODING LAIN\WORK\DETA\Gereja\system\Database\BaseBuilder.php(1616): CodeIgniter\Database\BaseConnection->query('SELECT `program...', Array, false)
#4 D:\DOCUMENT\CODING LAIN\WORK\DETA\Gereja\system\Model.php(241): CodeIgniter\Database\BaseBuilder->get()
#5 D:\DOCUMENT\CODING LAIN\WORK\DETA\Gereja\system\BaseModel.php(618): CodeIgniter\Model->doFindAll(0, 0)
#6 D:\DOCUMENT\CODING LAIN\WORK\DETA\Gereja\app\Models\AgendaModel.php(55): CodeIgniter\BaseModel->findAll()
#7 D:\DOCUMENT\CODING LAIN\WORK\DETA\Gereja\app\Controllers\Monev.php(39): App\Models\AgendaModel->getDetails()
#8 D:\DOCUMENT\CODING LAIN\WORK\DETA\Gereja\system\CodeIgniter.php(934): App\Controllers\Monev->index()
#9 D:\DOCUMENT\CODING LAIN\WORK\DETA\Gereja\system\CodeIgniter.php(499): CodeIgniter\CodeIgniter->runController(Object(App\Controllers\Monev))
#10 D:\DOCUMENT\CODING LAIN\WORK\DETA\Gereja\system\CodeIgniter.php(368): CodeIgniter\CodeIgniter->handleRequest(NULL, Object(Config\Cache), false)
#11 D:\DOCUMENT\CODING LAIN\WORK\DETA\Gereja\public\index.php(67): CodeIgniter\CodeIgniter->run()
#12 D:\DOCUMENT\CODING LAIN\WORK\DETA\Gereja\system\Commands\Server\rewrite.php(47): require_once('D:\\DOCUMENT\\COD...')
#13 {main}
CRITICAL - 2024-05-22 13:56:24 --> Unknown table 'programsi'
in SYSTEMPATH\Database\MySQLi\Connection.php on line 295.
 1 SYSTEMPATH\Database\MySQLi\Connection.php(295): mysqli->query('SELECT `programsi`.*, `bidang`.`nama_bidang`
FROM `tim_programsi`
JOIN `bidang` ON `bidang`.`id_bidang` = `programsi`.`id_bidang`', 0)
 2 SYSTEMPATH\Database\BaseConnection.php(692): CodeIgniter\Database\MySQLi\Connection->execute('SELECT `programsi`.*, `bidang`.`nama_bidang`
FROM `tim_programsi`
JOIN `bidang` ON `bidang`.`id_bidang` = `programsi`.`id_bidang`')
 3 SYSTEMPATH\Database\BaseConnection.php(606): CodeIgniter\Database\BaseConnection->simpleQuery('SELECT `programsi`.*, `bidang`.`nama_bidang`
FROM `tim_programsi`
JOIN `bidang` ON `bidang`.`id_bidang` = `programsi`.`id_bidang`')
 4 SYSTEMPATH\Database\BaseBuilder.php(1616): CodeIgniter\Database\BaseConnection->query('SELECT `programsi`.*, `bidang`.`nama_bidang`
FROM `tim_programsi`
JOIN `bidang` ON `bidang`.`id_bidang` = `programsi`.`id_bidang`', [], false)
 5 SYSTEMPATH\Model.php(241): CodeIgniter\Database\BaseBuilder->get()
 6 SYSTEMPATH\BaseModel.php(618): CodeIgniter\Model->doFindAll(0, 0)
 7 APPPATH\Models\AgendaModel.php(55): CodeIgniter\BaseModel->findAll()
 8 APPPATH\Controllers\Monev.php(39): App\Models\AgendaModel->getDetails()
 9 SYSTEMPATH\CodeIgniter.php(934): App\Controllers\Monev->index()
10 SYSTEMPATH\CodeIgniter.php(499): CodeIgniter\CodeIgniter->runController(Object(App\Controllers\Monev))
11 SYSTEMPATH\CodeIgniter.php(368): CodeIgniter\CodeIgniter->handleRequest(null, Object(Config\Cache), false)
12 FCPATH\index.php(67): CodeIgniter\CodeIgniter->run()
13 SYSTEMPATH\Commands\Server\rewrite.php(47): require_once('D:\\DOCUMENT\\CODING LAIN\\WORK\\DETA\\Gereja\\public\\index.php')
CRITICAL - 2024-05-22 14:11:52 --> Undefined array key "nama_pelayanan"
in APPPATH\Views\gereja\AGENDA.php on line 23.
 1 APPPATH\Views\gereja\AGENDA.php(23): CodeIgniter\Debug\Exceptions->errorHandler(2, 'Undefined array key "nama_pelayanan"', 'D:\\DOCUMENT\\CODING LAIN\\WORK\\DETA\\Gereja\\app\\Views\\gereja\\AGENDA.php', 23)
 2 SYSTEMPATH\View\View.php(213): include('D:\\DOCUMENT\\CODING LAIN\\WORK\\DETA\\Gereja\\app\\Views\\gereja\\AGENDA.php')
 3 SYSTEMPATH\View\View.php(216): CodeIgniter\View\View->CodeIgniter\View\{closure}()
 4 SYSTEMPATH\Common.php(1184): CodeIgniter\View\View->render('gereja/AGENDA', [], true)
 5 APPPATH\Controllers\Agenda.php(98): view('gereja/AGENDA')
 6 SYSTEMPATH\CodeIgniter.php(934): App\Controllers\Agenda->index()
 7 SYSTEMPATH\CodeIgniter.php(499): CodeIgniter\CodeIgniter->runController(Object(App\Controllers\Agenda))
 8 SYSTEMPATH\CodeIgniter.php(368): CodeIgniter\CodeIgniter->handleRequest(null, Object(Config\Cache), false)
 9 FCPATH\index.php(67): CodeIgniter\CodeIgniter->run()
10 SYSTEMPATH\Commands\Server\rewrite.php(47): require_once('D:\\DOCUMENT\\CODING LAIN\\WORK\\DETA\\Gereja\\public\\index.php')
ERROR - 2024-05-22 14:53:20 --> mysqli_sql_exception: Table 'gereja.laporan' doesn't exist in D:\DOCUMENT\CODING LAIN\WORK\DETA\Gereja\system\Database\MySQLi\Connection.php:295
Stack trace:
#0 D:\DOCUMENT\CODING LAIN\WORK\DETA\Gereja\system\Database\MySQLi\Connection.php(295): mysqli->query('SELECT *\nFROM `...', 0)
#1 D:\DOCUMENT\CODING LAIN\WORK\DETA\Gereja\system\Database\BaseConnection.php(692): CodeIgniter\Database\MySQLi\Connection->execute('SELECT *\nFROM `...')
#2 D:\DOCUMENT\CODING LAIN\WORK\DETA\Gereja\system\Database\BaseConnection.php(606): CodeIgniter\Database\BaseConnection->simpleQuery('SELECT *\nFROM `...')
#3 D:\DOCUMENT\CODING LAIN\WORK\DETA\Gereja\system\Database\BaseBuilder.php(1616): CodeIgniter\Database\BaseConnection->query('SELECT *\nFROM `...', Array, false)
#4 D:\DOCUMENT\CODING LAIN\WORK\DETA\Gereja\system\Model.php(241): CodeIgniter\Database\BaseBuilder->get()
#5 D:\DOCUMENT\CODING LAIN\WORK\DETA\Gereja\system\BaseModel.php(618): CodeIgniter\Model->doFindAll(0, 0)
#6 D:\DOCUMENT\CODING LAIN\WORK\DETA\Gereja\app\Controllers\Laporan.php(18): CodeIgniter\BaseModel->findAll()
#7 D:\DOCUMENT\CODING LAIN\WORK\DETA\Gereja\system\CodeIgniter.php(934): App\Controllers\Laporan->getAllLaporan()
#8 D:\DOCUMENT\CODING LAIN\WORK\DETA\Gereja\system\CodeIgniter.php(499): CodeIgniter\CodeIgniter->runController(Object(App\Controllers\Laporan))
#9 D:\DOCUMENT\CODING LAIN\WORK\DETA\Gereja\system\CodeIgniter.php(368): CodeIgniter\CodeIgniter->handleRequest(NULL, Object(Config\Cache), false)
#10 D:\DOCUMENT\CODING LAIN\WORK\DETA\Gereja\public\index.php(67): CodeIgniter\CodeIgniter->run()
#11 D:\DOCUMENT\CODING LAIN\WORK\DETA\Gereja\system\Commands\Server\rewrite.php(47): require_once('D:\\DOCUMENT\\COD...')
#12 {main}
CRITICAL - 2024-05-22 14:53:20 --> Table 'gereja.laporan' doesn't exist
in SYSTEMPATH\Database\MySQLi\Connection.php on line 295.
 1 SYSTEMPATH\Database\MySQLi\Connection.php(295): mysqli->query('SELECT *
FROM `laporan`', 0)
 2 SYSTEMPATH\Database\BaseConnection.php(692): CodeIgniter\Database\MySQLi\Connection->execute('SELECT *
FROM `laporan`')
 3 SYSTEMPATH\Database\BaseConnection.php(606): CodeIgniter\Database\BaseConnection->simpleQuery('SELECT *
FROM `laporan`')
 4 SYSTEMPATH\Database\BaseBuilder.php(1616): CodeIgniter\Database\BaseConnection->query('SELECT *
FROM `laporan`', [], false)
 5 SYSTEMPATH\Model.php(241): CodeIgniter\Database\BaseBuilder->get()
 6 SYSTEMPATH\BaseModel.php(618): CodeIgniter\Model->doFindAll(0, 0)
 7 APPPATH\Controllers\Laporan.php(18): CodeIgniter\BaseModel->findAll()
 8 SYSTEMPATH\CodeIgniter.php(934): App\Controllers\Laporan->getAllLaporan()
 9 SYSTEMPATH\CodeIgniter.php(499): CodeIgniter\CodeIgniter->runController(Object(App\Controllers\Laporan))
10 SYSTEMPATH\CodeIgniter.php(368): CodeIgniter\CodeIgniter->handleRequest(null, Object(Config\Cache), false)
11 FCPATH\index.php(67): CodeIgniter\CodeIgniter->run()
12 SYSTEMPATH\Commands\Server\rewrite.php(47): require_once('D:\\DOCUMENT\\CODING LAIN\\WORK\\DETA\\Gereja\\public\\index.php')
ERROR - 2024-05-22 15:03:09 --> mysqli_sql_exception: Table 'gereja.laporan' doesn't exist in D:\DOCUMENT\CODING LAIN\WORK\DETA\Gereja\system\Database\MySQLi\Connection.php:295
Stack trace:
#0 D:\DOCUMENT\CODING LAIN\WORK\DETA\Gereja\system\Database\MySQLi\Connection.php(295): mysqli->query('SELECT *\nFROM `...', 0)
#1 D:\DOCUMENT\CODING LAIN\WORK\DETA\Gereja\system\Database\BaseConnection.php(692): CodeIgniter\Database\MySQLi\Connection->execute('SELECT *\nFROM `...')
#2 D:\DOCUMENT\CODING LAIN\WORK\DETA\Gereja\system\Database\BaseConnection.php(606): CodeIgniter\Database\BaseConnection->simpleQuery('SELECT *\nFROM `...')
#3 D:\DOCUMENT\CODING LAIN\WORK\DETA\Gereja\system\Database\BaseBuilder.php(1616): CodeIgniter\Database\BaseConnection->query('SELECT *\nFROM `...', Array, false)
#4 D:\DOCUMENT\CODING LAIN\WORK\DETA\Gereja\system\Model.php(241): CodeIgniter\Database\BaseBuilder->get()
#5 D:\DOCUMENT\CODING LAIN\WORK\DETA\Gereja\system\BaseModel.php(618): CodeIgniter\Model->doFindAll(0, 0)
#6 D:\DOCUMENT\CODING LAIN\WORK\DETA\Gereja\app\Controllers\Laporan.php(18): CodeIgniter\BaseModel->findAll()
#7 D:\DOCUMENT\CODING LAIN\WORK\DETA\Gereja\system\CodeIgniter.php(934): App\Controllers\Laporan->getAllLaporan()
#8 D:\DOCUMENT\CODING LAIN\WORK\DETA\Gereja\system\CodeIgniter.php(499): CodeIgniter\CodeIgniter->runController(Object(App\Controllers\Laporan))
#9 D:\DOCUMENT\CODING LAIN\WORK\DETA\Gereja\system\CodeIgniter.php(368): CodeIgniter\CodeIgniter->handleRequest(NULL, Object(Config\Cache), false)
#10 D:\DOCUMENT\CODING LAIN\WORK\DETA\Gereja\public\index.php(67): CodeIgniter\CodeIgniter->run()
#11 D:\DOCUMENT\CODING LAIN\WORK\DETA\Gereja\system\Commands\Server\rewrite.php(47): require_once('D:\\DOCUMENT\\COD...')
#12 {main}
CRITICAL - 2024-05-22 15:03:09 --> Table 'gereja.laporan' doesn't exist
in SYSTEMPATH\Database\MySQLi\Connection.php on line 295.
 1 SYSTEMPATH\Database\MySQLi\Connection.php(295): mysqli->query('SELECT *
FROM `laporan`', 0)
 2 SYSTEMPATH\Database\BaseConnection.php(692): CodeIgniter\Database\MySQLi\Connection->execute('SELECT *
FROM `laporan`')
 3 SYSTEMPATH\Database\BaseConnection.php(606): CodeIgniter\Database\BaseConnection->simpleQuery('SELECT *
FROM `laporan`')
 4 SYSTEMPATH\Database\BaseBuilder.php(1616): CodeIgniter\Database\BaseConnection->query('SELECT *
FROM `laporan`', [], false)
 5 SYSTEMPATH\Model.php(241): CodeIgniter\Database\BaseBuilder->get()
 6 SYSTEMPATH\BaseModel.php(618): CodeIgniter\Model->doFindAll(0, 0)
 7 APPPATH\Controllers\Laporan.php(18): CodeIgniter\BaseModel->findAll()
 8 SYSTEMPATH\CodeIgniter.php(934): App\Controllers\Laporan->getAllLaporan()
 9 SYSTEMPATH\CodeIgniter.php(499): CodeIgniter\CodeIgniter->runController(Object(App\Controllers\Laporan))
10 SYSTEMPATH\CodeIgniter.php(368): CodeIgniter\CodeIgniter->handleRequest(null, Object(Config\Cache), false)
11 FCPATH\index.php(67): CodeIgniter\CodeIgniter->run()
12 SYSTEMPATH\Commands\Server\rewrite.php(47): require_once('D:\\DOCUMENT\\CODING LAIN\\WORK\\DETA\\Gereja\\public\\index.php')
ERROR - 2024-05-22 15:05:57 --> mysqli_sql_exception: Table 'gereja.laporan' doesn't exist in D:\DOCUMENT\CODING LAIN\WORK\DETA\Gereja\system\Database\MySQLi\Connection.php:295
Stack trace:
#0 D:\DOCUMENT\CODING LAIN\WORK\DETA\Gereja\system\Database\MySQLi\Connection.php(295): mysqli->query('SELECT *\nFROM `...', 0)
#1 D:\DOCUMENT\CODING LAIN\WORK\DETA\Gereja\system\Database\BaseConnection.php(692): CodeIgniter\Database\MySQLi\Connection->execute('SELECT *\nFROM `...')
#2 D:\DOCUMENT\CODING LAIN\WORK\DETA\Gereja\system\Database\BaseConnection.php(606): CodeIgniter\Database\BaseConnection->simpleQuery('SELECT *\nFROM `...')
#3 D:\DOCUMENT\CODING LAIN\WORK\DETA\Gereja\system\Database\BaseBuilder.php(1616): CodeIgniter\Database\BaseConnection->query('SELECT *\nFROM `...', Array, false)
#4 D:\DOCUMENT\CODING LAIN\WORK\DETA\Gereja\system\Model.php(241): CodeIgniter\Database\BaseBuilder->get()
#5 D:\DOCUMENT\CODING LAIN\WORK\DETA\Gereja\system\BaseModel.php(618): CodeIgniter\Model->doFindAll(0, 0)
#6 D:\DOCUMENT\CODING LAIN\WORK\DETA\Gereja\app\Controllers\Laporan.php(19): CodeIgniter\BaseModel->findAll()
#7 D:\DOCUMENT\CODING LAIN\WORK\DETA\Gereja\system\CodeIgniter.php(934): App\Controllers\Laporan->getAllLaporan()
#8 D:\DOCUMENT\CODING LAIN\WORK\DETA\Gereja\system\CodeIgniter.php(499): CodeIgniter\CodeIgniter->runController(Object(App\Controllers\Laporan))
#9 D:\DOCUMENT\CODING LAIN\WORK\DETA\Gereja\system\CodeIgniter.php(368): CodeIgniter\CodeIgniter->handleRequest(NULL, Object(Config\Cache), false)
#10 D:\DOCUMENT\CODING LAIN\WORK\DETA\Gereja\public\index.php(67): CodeIgniter\CodeIgniter->run()
#11 D:\DOCUMENT\CODING LAIN\WORK\DETA\Gereja\system\Commands\Server\rewrite.php(47): require_once('D:\\DOCUMENT\\COD...')
#12 {main}
CRITICAL - 2024-05-22 15:05:57 --> Table 'gereja.laporan' doesn't exist
in SYSTEMPATH\Database\MySQLi\Connection.php on line 295.
 1 SYSTEMPATH\Database\MySQLi\Connection.php(295): mysqli->query('SELECT *
FROM `laporan`', 0)
 2 SYSTEMPATH\Database\BaseConnection.php(692): CodeIgniter\Database\MySQLi\Connection->execute('SELECT *
FROM `laporan`')
 3 SYSTEMPATH\Database\BaseConnection.php(606): CodeIgniter\Database\BaseConnection->simpleQuery('SELECT *
FROM `laporan`')
 4 SYSTEMPATH\Database\BaseBuilder.php(1616): CodeIgniter\Database\BaseConnection->query('SELECT *
FROM `laporan`', [], false)
 5 SYSTEMPATH\Model.php(241): CodeIgniter\Database\BaseBuilder->get()
 6 SYSTEMPATH\BaseModel.php(618): CodeIgniter\Model->doFindAll(0, 0)
 7 APPPATH\Controllers\Laporan.php(19): CodeIgniter\BaseModel->findAll()
 8 SYSTEMPATH\CodeIgniter.php(934): App\Controllers\Laporan->getAllLaporan()
 9 SYSTEMPATH\CodeIgniter.php(499): CodeIgniter\CodeIgniter->runController(Object(App\Controllers\Laporan))
10 SYSTEMPATH\CodeIgniter.php(368): CodeIgniter\CodeIgniter->handleRequest(null, Object(Config\Cache), false)
11 FCPATH\index.php(67): CodeIgniter\CodeIgniter->run()
12 SYSTEMPATH\Commands\Server\rewrite.php(47): require_once('D:\\DOCUMENT\\CODING LAIN\\WORK\\DETA\\Gereja\\public\\index.php')
