INFO - 2024-03-26 07:51:19 --> Session: Class initialized using 'CodeIgniter\Session\Handlers\FileHandler' driver.
INFO - 2024-03-26 07:51:22 --> Session: Class initialized using 'CodeIgniter\Session\Handlers\FileHandler' driver.
ERROR - 2024-03-26 07:51:32 --> Error connecting to the database: mysqli_sql_exception: No connection could be made because the target machine actively refused it in D:\detha\KULIAH\KP\project-ci\system\Database\MySQLi\Connection.php:173
Stack trace:
#0 D:\detha\KULIAH\KP\project-ci\system\Database\MySQLi\Connection.php(173): mysqli->real_connect('localhost', 'root', Object(SensitiveParameterValue), 'gereja', 3306, '', 0)
#1 D:\detha\KULIAH\KP\project-ci\system\Database\BaseConnection.php(391): CodeIgniter\Database\MySQLi\Connection->connect(false)
#2 D:\detha\KULIAH\KP\project-ci\system\Database\BaseConnection.php(574): CodeIgniter\Database\BaseConnection->initialize()
#3 D:\detha\KULIAH\KP\project-ci\system\Database\BaseBuilder.php(1616): CodeIgniter\Database\BaseConnection->query('SELECT *\nFROM `...', Array, false)
#4 D:\detha\KULIAH\KP\project-ci\system\Model.php(268): CodeIgniter\Database\BaseBuilder->get()
#5 D:\detha\KULIAH\KP\project-ci\system\BaseModel.php(656): CodeIgniter\Model->doFirst()
#6 D:\detha\KULIAH\KP\project-ci\app\Models\UserModel.php(15): CodeIgniter\BaseModel->first()
#7 D:\detha\KULIAH\KP\project-ci\app\Controllers\Gereja.php(31): App\Models\UserModel->getUser('romo')
#8 D:\detha\KULIAH\KP\project-ci\system\CodeIgniter.php(934): App\Controllers\Gereja->check()
#9 D:\detha\KULIAH\KP\project-ci\system\CodeIgniter.php(499): CodeIgniter\CodeIgniter->runController(Object(App\Controllers\Gereja))
#10 D:\detha\KULIAH\KP\project-ci\system\CodeIgniter.php(368): CodeIgniter\CodeIgniter->handleRequest(NULL, Object(Config\Cache), false)
#11 D:\detha\KULIAH\KP\project-ci\public\index.php(67): CodeIgniter\CodeIgniter->run()
#12 D:\detha\KULIAH\KP\project-ci\system\Commands\Server\rewrite.php(47): require_once('D:\\detha\\KULIAH...')
#13 {main}

Next CodeIgniter\Database\Exceptions\DatabaseException: No connection could be made because the target machine actively refused it in D:\detha\KULIAH\KP\project-ci\system\Database\MySQLi\Connection.php:218
Stack trace:
#0 D:\detha\KULIAH\KP\project-ci\system\Database\BaseConnection.php(391): CodeIgniter\Database\MySQLi\Connection->connect(false)
#1 D:\detha\KULIAH\KP\project-ci\system\Database\BaseConnection.php(574): CodeIgniter\Database\BaseConnection->initialize()
#2 D:\detha\KULIAH\KP\project-ci\system\Database\BaseBuilder.php(1616): CodeIgniter\Database\BaseConnection->query('SELECT *\nFROM `...', Array, false)
#3 D:\detha\KULIAH\KP\project-ci\system\Model.php(268): CodeIgniter\Database\BaseBuilder->get()
#4 D:\detha\KULIAH\KP\project-ci\system\BaseModel.php(656): CodeIgniter\Model->doFirst()
#5 D:\detha\KULIAH\KP\project-ci\app\Models\UserModel.php(15): CodeIgniter\BaseModel->first()
#6 D:\detha\KULIAH\KP\project-ci\app\Controllers\Gereja.php(31): App\Models\UserModel->getUser('romo')
#7 D:\detha\KULIAH\KP\project-ci\system\CodeIgniter.php(934): App\Controllers\Gereja->check()
#8 D:\detha\KULIAH\KP\project-ci\system\CodeIgniter.php(499): CodeIgniter\CodeIgniter->runController(Object(App\Controllers\Gereja))
#9 D:\detha\KULIAH\KP\project-ci\system\CodeIgniter.php(368): CodeIgniter\CodeIgniter->handleRequest(NULL, Object(Config\Cache), false)
#10 D:\detha\KULIAH\KP\project-ci\public\index.php(67): CodeIgniter\CodeIgniter->run()
#11 D:\detha\KULIAH\KP\project-ci\system\Commands\Server\rewrite.php(47): require_once('D:\\detha\\KULIAH...')
#12 {main}
CRITICAL - 2024-03-26 07:51:32 --> Unable to connect to the database.
Main connection [MySQLi]: No connection could be made because the target machine actively refused it
in SYSTEMPATH\Database\BaseConnection.php on line 427.
 1 SYSTEMPATH\Database\BaseConnection.php(574): CodeIgniter\Database\BaseConnection->initialize()
 2 SYSTEMPATH\Database\BaseBuilder.php(1616): CodeIgniter\Database\BaseConnection->query('SELECT *
FROM `login`
WHERE `username` = :username:
 LIMIT 1', [...], false)
 3 SYSTEMPATH\Model.php(268): CodeIgniter\Database\BaseBuilder->get()
 4 SYSTEMPATH\BaseModel.php(656): CodeIgniter\Model->doFirst()
 5 APPPATH\Models\UserModel.php(15): CodeIgniter\BaseModel->first()
 6 APPPATH\Controllers\Gereja.php(31): App\Models\UserModel->getUser('romo')
 7 SYSTEMPATH\CodeIgniter.php(934): App\Controllers\Gereja->check()
 8 SYSTEMPATH\CodeIgniter.php(499): CodeIgniter\CodeIgniter->runController(Object(App\Controllers\Gereja))
 9 SYSTEMPATH\CodeIgniter.php(368): CodeIgniter\CodeIgniter->handleRequest(null, Object(Config\Cache), false)
10 FCPATH\index.php(67): CodeIgniter\CodeIgniter->run()
11 SYSTEMPATH\Commands\Server\rewrite.php(47): require_once('D:\\detha\\KULIAH\\KP\\project-ci\\public\\index.php')
ERROR - 2024-03-26 07:51:36 --> Error connecting to the database: mysqli_sql_exception: No connection could be made because the target machine actively refused it in D:\detha\KULIAH\KP\project-ci\system\Database\MySQLi\Connection.php:173
Stack trace:
#0 D:\detha\KULIAH\KP\project-ci\system\Database\MySQLi\Connection.php(173): mysqli->real_connect('localhost', 'root', Object(SensitiveParameterValue), 'gereja', 3306, '', 0)
#1 D:\detha\KULIAH\KP\project-ci\system\Database\BaseConnection.php(391): CodeIgniter\Database\MySQLi\Connection->connect(false)
#2 D:\detha\KULIAH\KP\project-ci\system\Database\BaseConnection.php(574): CodeIgniter\Database\BaseConnection->initialize()
#3 D:\detha\KULIAH\KP\project-ci\system\Database\BaseBuilder.php(1616): CodeIgniter\Database\BaseConnection->query('SELECT *\nFROM `...', Array, false)
#4 D:\detha\KULIAH\KP\project-ci\system\Model.php(268): CodeIgniter\Database\BaseBuilder->get()
#5 D:\detha\KULIAH\KP\project-ci\system\BaseModel.php(656): CodeIgniter\Model->doFirst()
#6 D:\detha\KULIAH\KP\project-ci\app\Models\UserModel.php(15): CodeIgniter\BaseModel->first()
#7 D:\detha\KULIAH\KP\project-ci\app\Controllers\Gereja.php(31): App\Models\UserModel->getUser('romo')
#8 D:\detha\KULIAH\KP\project-ci\system\CodeIgniter.php(934): App\Controllers\Gereja->check()
#9 D:\detha\KULIAH\KP\project-ci\system\CodeIgniter.php(499): CodeIgniter\CodeIgniter->runController(Object(App\Controllers\Gereja))
#10 D:\detha\KULIAH\KP\project-ci\system\CodeIgniter.php(368): CodeIgniter\CodeIgniter->handleRequest(NULL, Object(Config\Cache), false)
#11 D:\detha\KULIAH\KP\project-ci\public\index.php(67): CodeIgniter\CodeIgniter->run()
#12 D:\detha\KULIAH\KP\project-ci\system\Commands\Server\rewrite.php(47): require_once('D:\\detha\\KULIAH...')
#13 {main}

Next CodeIgniter\Database\Exceptions\DatabaseException: No connection could be made because the target machine actively refused it in D:\detha\KULIAH\KP\project-ci\system\Database\MySQLi\Connection.php:218
Stack trace:
#0 D:\detha\KULIAH\KP\project-ci\system\Database\BaseConnection.php(391): CodeIgniter\Database\MySQLi\Connection->connect(false)
#1 D:\detha\KULIAH\KP\project-ci\system\Database\BaseConnection.php(574): CodeIgniter\Database\BaseConnection->initialize()
#2 D:\detha\KULIAH\KP\project-ci\system\Database\BaseBuilder.php(1616): CodeIgniter\Database\BaseConnection->query('SELECT *\nFROM `...', Array, false)
#3 D:\detha\KULIAH\KP\project-ci\system\Model.php(268): CodeIgniter\Database\BaseBuilder->get()
#4 D:\detha\KULIAH\KP\project-ci\system\BaseModel.php(656): CodeIgniter\Model->doFirst()
#5 D:\detha\KULIAH\KP\project-ci\app\Models\UserModel.php(15): CodeIgniter\BaseModel->first()
#6 D:\detha\KULIAH\KP\project-ci\app\Controllers\Gereja.php(31): App\Models\UserModel->getUser('romo')
#7 D:\detha\KULIAH\KP\project-ci\system\CodeIgniter.php(934): App\Controllers\Gereja->check()
#8 D:\detha\KULIAH\KP\project-ci\system\CodeIgniter.php(499): CodeIgniter\CodeIgniter->runController(Object(App\Controllers\Gereja))
#9 D:\detha\KULIAH\KP\project-ci\system\CodeIgniter.php(368): CodeIgniter\CodeIgniter->handleRequest(NULL, Object(Config\Cache), false)
#10 D:\detha\KULIAH\KP\project-ci\public\index.php(67): CodeIgniter\CodeIgniter->run()
#11 D:\detha\KULIAH\KP\project-ci\system\Commands\Server\rewrite.php(47): require_once('D:\\detha\\KULIAH...')
#12 {main}
CRITICAL - 2024-03-26 07:51:36 --> Unable to connect to the database.
Main connection [MySQLi]: No connection could be made because the target machine actively refused it
in SYSTEMPATH\Database\BaseConnection.php on line 427.
 1 SYSTEMPATH\Database\BaseConnection.php(574): CodeIgniter\Database\BaseConnection->initialize()
 2 SYSTEMPATH\Database\BaseBuilder.php(1616): CodeIgniter\Database\BaseConnection->query('SELECT *
FROM `login`
WHERE `username` = :username:
 LIMIT 1', [...], false)
 3 SYSTEMPATH\Model.php(268): CodeIgniter\Database\BaseBuilder->get()
 4 SYSTEMPATH\BaseModel.php(656): CodeIgniter\Model->doFirst()
 5 APPPATH\Models\UserModel.php(15): CodeIgniter\BaseModel->first()
 6 APPPATH\Controllers\Gereja.php(31): App\Models\UserModel->getUser('romo')
 7 SYSTEMPATH\CodeIgniter.php(934): App\Controllers\Gereja->check()
 8 SYSTEMPATH\CodeIgniter.php(499): CodeIgniter\CodeIgniter->runController(Object(App\Controllers\Gereja))
 9 SYSTEMPATH\CodeIgniter.php(368): CodeIgniter\CodeIgniter->handleRequest(null, Object(Config\Cache), false)
10 FCPATH\index.php(67): CodeIgniter\CodeIgniter->run()
11 SYSTEMPATH\Commands\Server\rewrite.php(47): require_once('D:\\detha\\KULIAH\\KP\\project-ci\\public\\index.php')
INFO - 2024-03-26 07:52:13 --> Session: Class initialized using 'CodeIgniter\Session\Handlers\FileHandler' driver.
INFO - 2024-03-26 07:53:09 --> Session: Class initialized using 'CodeIgniter\Session\Handlers\FileHandler' driver.
INFO - 2024-03-26 07:53:11 --> Session: Class initialized using 'CodeIgniter\Session\Handlers\FileHandler' driver.
ERROR - 2024-03-26 07:53:22 --> Error connecting to the database: mysqli_sql_exception: No connection could be made because the target machine actively refused it in D:\detha\KULIAH\KP\project-ci\system\Database\MySQLi\Connection.php:173
Stack trace:
#0 D:\detha\KULIAH\KP\project-ci\system\Database\MySQLi\Connection.php(173): mysqli->real_connect('localhost', 'root', Object(SensitiveParameterValue), 'gereja', 3306, '', 0)
#1 D:\detha\KULIAH\KP\project-ci\system\Database\BaseConnection.php(391): CodeIgniter\Database\MySQLi\Connection->connect(false)
#2 D:\detha\KULIAH\KP\project-ci\system\Database\BaseConnection.php(574): CodeIgniter\Database\BaseConnection->initialize()
#3 D:\detha\KULIAH\KP\project-ci\system\Database\BaseBuilder.php(1616): CodeIgniter\Database\BaseConnection->query('SELECT *\nFROM `...', Array, false)
#4 D:\detha\KULIAH\KP\project-ci\system\Model.php(268): CodeIgniter\Database\BaseBuilder->get()
#5 D:\detha\KULIAH\KP\project-ci\system\BaseModel.php(656): CodeIgniter\Model->doFirst()
#6 D:\detha\KULIAH\KP\project-ci\app\Models\UserModel.php(15): CodeIgniter\BaseModel->first()
#7 D:\detha\KULIAH\KP\project-ci\app\Controllers\Gereja.php(31): App\Models\UserModel->getUser('romo')
#8 D:\detha\KULIAH\KP\project-ci\system\CodeIgniter.php(934): App\Controllers\Gereja->check()
#9 D:\detha\KULIAH\KP\project-ci\system\CodeIgniter.php(499): CodeIgniter\CodeIgniter->runController(Object(App\Controllers\Gereja))
#10 D:\detha\KULIAH\KP\project-ci\system\CodeIgniter.php(368): CodeIgniter\CodeIgniter->handleRequest(NULL, Object(Config\Cache), false)
#11 D:\detha\KULIAH\KP\project-ci\public\index.php(67): CodeIgniter\CodeIgniter->run()
#12 D:\detha\KULIAH\KP\project-ci\system\Commands\Server\rewrite.php(47): require_once('D:\\detha\\KULIAH...')
#13 {main}

Next CodeIgniter\Database\Exceptions\DatabaseException: No connection could be made because the target machine actively refused it in D:\detha\KULIAH\KP\project-ci\system\Database\MySQLi\Connection.php:218
Stack trace:
#0 D:\detha\KULIAH\KP\project-ci\system\Database\BaseConnection.php(391): CodeIgniter\Database\MySQLi\Connection->connect(false)
#1 D:\detha\KULIAH\KP\project-ci\system\Database\BaseConnection.php(574): CodeIgniter\Database\BaseConnection->initialize()
#2 D:\detha\KULIAH\KP\project-ci\system\Database\BaseBuilder.php(1616): CodeIgniter\Database\BaseConnection->query('SELECT *\nFROM `...', Array, false)
#3 D:\detha\KULIAH\KP\project-ci\system\Model.php(268): CodeIgniter\Database\BaseBuilder->get()
#4 D:\detha\KULIAH\KP\project-ci\system\BaseModel.php(656): CodeIgniter\Model->doFirst()
#5 D:\detha\KULIAH\KP\project-ci\app\Models\UserModel.php(15): CodeIgniter\BaseModel->first()
#6 D:\detha\KULIAH\KP\project-ci\app\Controllers\Gereja.php(31): App\Models\UserModel->getUser('romo')
#7 D:\detha\KULIAH\KP\project-ci\system\CodeIgniter.php(934): App\Controllers\Gereja->check()
#8 D:\detha\KULIAH\KP\project-ci\system\CodeIgniter.php(499): CodeIgniter\CodeIgniter->runController(Object(App\Controllers\Gereja))
#9 D:\detha\KULIAH\KP\project-ci\system\CodeIgniter.php(368): CodeIgniter\CodeIgniter->handleRequest(NULL, Object(Config\Cache), false)
#10 D:\detha\KULIAH\KP\project-ci\public\index.php(67): CodeIgniter\CodeIgniter->run()
#11 D:\detha\KULIAH\KP\project-ci\system\Commands\Server\rewrite.php(47): require_once('D:\\detha\\KULIAH...')
#12 {main}
CRITICAL - 2024-03-26 07:53:22 --> Unable to connect to the database.
Main connection [MySQLi]: No connection could be made because the target machine actively refused it
in SYSTEMPATH\Database\BaseConnection.php on line 427.
 1 SYSTEMPATH\Database\BaseConnection.php(574): CodeIgniter\Database\BaseConnection->initialize()
 2 SYSTEMPATH\Database\BaseBuilder.php(1616): CodeIgniter\Database\BaseConnection->query('SELECT *
FROM `login`
WHERE `username` = :username:
 LIMIT 1', [...], false)
 3 SYSTEMPATH\Model.php(268): CodeIgniter\Database\BaseBuilder->get()
 4 SYSTEMPATH\BaseModel.php(656): CodeIgniter\Model->doFirst()
 5 APPPATH\Models\UserModel.php(15): CodeIgniter\BaseModel->first()
 6 APPPATH\Controllers\Gereja.php(31): App\Models\UserModel->getUser('romo')
 7 SYSTEMPATH\CodeIgniter.php(934): App\Controllers\Gereja->check()
 8 SYSTEMPATH\CodeIgniter.php(499): CodeIgniter\CodeIgniter->runController(Object(App\Controllers\Gereja))
 9 SYSTEMPATH\CodeIgniter.php(368): CodeIgniter\CodeIgniter->handleRequest(null, Object(Config\Cache), false)
10 FCPATH\index.php(67): CodeIgniter\CodeIgniter->run()
11 SYSTEMPATH\Commands\Server\rewrite.php(47): require_once('D:\\detha\\KULIAH\\KP\\project-ci\\public\\index.php')
ERROR - 2024-03-26 07:53:27 --> Error connecting to the database: mysqli_sql_exception: No connection could be made because the target machine actively refused it in D:\detha\KULIAH\KP\project-ci\system\Database\MySQLi\Connection.php:173
Stack trace:
#0 D:\detha\KULIAH\KP\project-ci\system\Database\MySQLi\Connection.php(173): mysqli->real_connect('localhost', 'root', Object(SensitiveParameterValue), 'gereja', 3306, '', 0)
#1 D:\detha\KULIAH\KP\project-ci\system\Database\BaseConnection.php(391): CodeIgniter\Database\MySQLi\Connection->connect(false)
#2 D:\detha\KULIAH\KP\project-ci\system\Database\BaseConnection.php(574): CodeIgniter\Database\BaseConnection->initialize()
#3 D:\detha\KULIAH\KP\project-ci\system\Database\BaseBuilder.php(1616): CodeIgniter\Database\BaseConnection->query('SELECT *\nFROM `...', Array, false)
#4 D:\detha\KULIAH\KP\project-ci\system\Model.php(268): CodeIgniter\Database\BaseBuilder->get()
#5 D:\detha\KULIAH\KP\project-ci\system\BaseModel.php(656): CodeIgniter\Model->doFirst()
#6 D:\detha\KULIAH\KP\project-ci\app\Models\UserModel.php(15): CodeIgniter\BaseModel->first()
#7 D:\detha\KULIAH\KP\project-ci\app\Controllers\Gereja.php(31): App\Models\UserModel->getUser('romo')
#8 D:\detha\KULIAH\KP\project-ci\system\CodeIgniter.php(934): App\Controllers\Gereja->check()
#9 D:\detha\KULIAH\KP\project-ci\system\CodeIgniter.php(499): CodeIgniter\CodeIgniter->runController(Object(App\Controllers\Gereja))
#10 D:\detha\KULIAH\KP\project-ci\system\CodeIgniter.php(368): CodeIgniter\CodeIgniter->handleRequest(NULL, Object(Config\Cache), false)
#11 D:\detha\KULIAH\KP\project-ci\public\index.php(67): CodeIgniter\CodeIgniter->run()
#12 D:\detha\KULIAH\KP\project-ci\system\Commands\Server\rewrite.php(47): require_once('D:\\detha\\KULIAH...')
#13 {main}

Next CodeIgniter\Database\Exceptions\DatabaseException: No connection could be made because the target machine actively refused it in D:\detha\KULIAH\KP\project-ci\system\Database\MySQLi\Connection.php:218
Stack trace:
#0 D:\detha\KULIAH\KP\project-ci\system\Database\BaseConnection.php(391): CodeIgniter\Database\MySQLi\Connection->connect(false)
#1 D:\detha\KULIAH\KP\project-ci\system\Database\BaseConnection.php(574): CodeIgniter\Database\BaseConnection->initialize()
#2 D:\detha\KULIAH\KP\project-ci\system\Database\BaseBuilder.php(1616): CodeIgniter\Database\BaseConnection->query('SELECT *\nFROM `...', Array, false)
#3 D:\detha\KULIAH\KP\project-ci\system\Model.php(268): CodeIgniter\Database\BaseBuilder->get()
#4 D:\detha\KULIAH\KP\project-ci\system\BaseModel.php(656): CodeIgniter\Model->doFirst()
#5 D:\detha\KULIAH\KP\project-ci\app\Models\UserModel.php(15): CodeIgniter\BaseModel->first()
#6 D:\detha\KULIAH\KP\project-ci\app\Controllers\Gereja.php(31): App\Models\UserModel->getUser('romo')
#7 D:\detha\KULIAH\KP\project-ci\system\CodeIgniter.php(934): App\Controllers\Gereja->check()
#8 D:\detha\KULIAH\KP\project-ci\system\CodeIgniter.php(499): CodeIgniter\CodeIgniter->runController(Object(App\Controllers\Gereja))
#9 D:\detha\KULIAH\KP\project-ci\system\CodeIgniter.php(368): CodeIgniter\CodeIgniter->handleRequest(NULL, Object(Config\Cache), false)
#10 D:\detha\KULIAH\KP\project-ci\public\index.php(67): CodeIgniter\CodeIgniter->run()
#11 D:\detha\KULIAH\KP\project-ci\system\Commands\Server\rewrite.php(47): require_once('D:\\detha\\KULIAH...')
#12 {main}
CRITICAL - 2024-03-26 07:53:27 --> Unable to connect to the database.
Main connection [MySQLi]: No connection could be made because the target machine actively refused it
in SYSTEMPATH\Database\BaseConnection.php on line 427.
 1 SYSTEMPATH\Database\BaseConnection.php(574): CodeIgniter\Database\BaseConnection->initialize()
 2 SYSTEMPATH\Database\BaseBuilder.php(1616): CodeIgniter\Database\BaseConnection->query('SELECT *
FROM `login`
WHERE `username` = :username:
 LIMIT 1', [...], false)
 3 SYSTEMPATH\Model.php(268): CodeIgniter\Database\BaseBuilder->get()
 4 SYSTEMPATH\BaseModel.php(656): CodeIgniter\Model->doFirst()
 5 APPPATH\Models\UserModel.php(15): CodeIgniter\BaseModel->first()
 6 APPPATH\Controllers\Gereja.php(31): App\Models\UserModel->getUser('romo')
 7 SYSTEMPATH\CodeIgniter.php(934): App\Controllers\Gereja->check()
 8 SYSTEMPATH\CodeIgniter.php(499): CodeIgniter\CodeIgniter->runController(Object(App\Controllers\Gereja))
 9 SYSTEMPATH\CodeIgniter.php(368): CodeIgniter\CodeIgniter->handleRequest(null, Object(Config\Cache), false)
10 FCPATH\index.php(67): CodeIgniter\CodeIgniter->run()
11 SYSTEMPATH\Commands\Server\rewrite.php(47): require_once('D:\\detha\\KULIAH\\KP\\project-ci\\public\\index.php')
INFO - 2024-03-26 07:56:50 --> Session: Class initialized using 'CodeIgniter\Session\Handlers\FileHandler' driver.
INFO - 2024-03-26 08:30:23 --> Session: Class initialized using 'CodeIgniter\Session\Handlers\FileHandler' driver.
