INFO - 2024-05-24 05:33:17 --> Session: Class initialized using 'CodeIgniter\Session\Handlers\FileHandler' driver.
INFO - 2024-05-24 05:33:26 --> Session: Class initialized using 'CodeIgniter\Session\Handlers\FileHandler' driver.
INFO - 2024-05-24 05:36:04 --> Session: Class initialized using 'CodeIgniter\Session\Handlers\FileHandler' driver.
INFO - 2024-05-24 05:36:43 --> Session: Class initialized using 'CodeIgniter\Session\Handlers\FileHandler' driver.
INFO - 2024-05-24 05:36:47 --> Session: Class initialized using 'CodeIgniter\Session\Handlers\FileHandler' driver.
INFO - 2024-05-24 05:37:20 --> Session: Class initialized using 'CodeIgniter\Session\Handlers\FileHandler' driver.
INFO - 2024-05-24 05:37:26 --> Session: Class initialized using 'CodeIgniter\Session\Handlers\FileHandler' driver.
INFO - 2024-05-24 05:37:38 --> Session: Class initialized using 'CodeIgniter\Session\Handlers\FileHandler' driver.
INFO - 2024-05-24 05:37:52 --> Session: Class initialized using 'CodeIgniter\Session\Handlers\FileHandler' driver.
INFO - 2024-05-24 05:42:35 --> Session: Class initialized using 'CodeIgniter\Session\Handlers\FileHandler' driver.
INFO - 2024-05-24 05:43:46 --> Session: Class initialized using 'CodeIgniter\Session\Handlers\FileHandler' driver.
INFO - 2024-05-24 05:44:10 --> Session: Class initialized using 'CodeIgniter\Session\Handlers\FileHandler' driver.
CRITICAL - 2024-05-24 05:49:54 --> Undefined variable $belu
in APPPATH\Views\gereja\MONEVRealisasi.php on line 47.
 1 APPPATH\Views\gereja\MONEVRealisasi.php(47): CodeIgniter\Debug\Exceptions->errorHandler(2, 'Undefined variable $belu', 'D:\\DOCUMENT\\CODING LAIN\\WORK\\DETA\\Gereja\\app\\Views\\gereja\\MONEVRealisasi.php', 47)
 2 SYSTEMPATH\View\View.php(213): include('D:\\DOCUMENT\\CODING LAIN\\WORK\\DETA\\Gereja\\app\\Views\\gereja\\MONEVRealisasi.php')
 3 SYSTEMPATH\View\View.php(216): CodeIgniter\View\View->CodeIgniter\View\{closure}()
 4 SYSTEMPATH\Common.php(1184): CodeIgniter\View\View->render('gereja/MONEVRealisasi', [], true)
 5 APPPATH\Controllers\Monev.php(54): view('gereja/MONEVRealisasi')
 6 SYSTEMPATH\CodeIgniter.php(934): App\Controllers\Monev->index()
 7 SYSTEMPATH\CodeIgniter.php(499): CodeIgniter\CodeIgniter->runController(Object(App\Controllers\Monev))
 8 SYSTEMPATH\CodeIgniter.php(368): CodeIgniter\CodeIgniter->handleRequest(null, Object(Config\Cache), false)
 9 FCPATH\index.php(67): CodeIgniter\CodeIgniter->run()
10 SYSTEMPATH\Commands\Server\rewrite.php(47): require_once('D:\\DOCUMENT\\CODING LAIN\\WORK\\DETA\\Gereja\\public\\index.php')
INFO - 2024-05-24 05:56:18 --> Session: Class initialized using 'CodeIgniter\Session\Handlers\FileHandler' driver.
INFO - 2024-05-24 05:56:18 --> Session: Class initialized using 'CodeIgniter\Session\Handlers\FileHandler' driver.
INFO - 2024-05-24 05:56:32 --> Session: Class initialized using 'CodeIgniter\Session\Handlers\FileHandler' driver.
INFO - 2024-05-24 05:56:35 --> Session: Class initialized using 'CodeIgniter\Session\Handlers\FileHandler' driver.
INFO - 2024-05-24 05:56:39 --> Session: Class initialized using 'CodeIgniter\Session\Handlers\FileHandler' driver.
INFO - 2024-05-24 05:57:01 --> Session: Class initialized using 'CodeIgniter\Session\Handlers\FileHandler' driver.
INFO - 2024-05-24 05:57:10 --> Session: Class initialized using 'CodeIgniter\Session\Handlers\FileHandler' driver.
INFO - 2024-05-24 05:57:10 --> Session: Class initialized using 'CodeIgniter\Session\Handlers\FileHandler' driver.
INFO - 2024-05-24 05:57:15 --> Session: Class initialized using 'CodeIgniter\Session\Handlers\FileHandler' driver.
INFO - 2024-05-24 05:57:20 --> Session: Class initialized using 'CodeIgniter\Session\Handlers\FileHandler' driver.
INFO - 2024-05-24 05:57:22 --> Session: Class initialized using 'CodeIgniter\Session\Handlers\FileHandler' driver.
INFO - 2024-05-24 05:57:50 --> Session: Class initialized using 'CodeIgniter\Session\Handlers\FileHandler' driver.
INFO - 2024-05-24 05:57:51 --> Session: Class initialized using 'CodeIgniter\Session\Handlers\FileHandler' driver.
INFO - 2024-05-24 06:01:06 --> Session: Class initialized using 'CodeIgniter\Session\Handlers\FileHandler' driver.
INFO - 2024-05-24 06:03:20 --> Session: Class initialized using 'CodeIgniter\Session\Handlers\FileHandler' driver.
INFO - 2024-05-24 13:03:20 --> Session: Class initialized using 'CodeIgniter\Session\Handlers\FileHandler' driver.
INFO - 2024-05-24 13:03:34 --> Session: Class initialized using 'CodeIgniter\Session\Handlers\FileHandler' driver.
INFO - 2024-05-24 13:15:27 --> Session: Class initialized using 'CodeIgniter\Session\Handlers\FileHandler' driver.
INFO - 2024-05-24 13:15:27 --> Session: Class initialized using 'CodeIgniter\Session\Handlers\FileHandler' driver.
INFO - 2024-05-24 13:15:32 --> Session: Class initialized using 'CodeIgniter\Session\Handlers\FileHandler' driver.
INFO - 2024-05-24 13:31:31 --> Session: Class initialized using 'CodeIgniter\Session\Handlers\FileHandler' driver.
INFO - 2024-05-24 13:39:10 --> Session: Class initialized using 'CodeIgniter\Session\Handlers\FileHandler' driver.
INFO - 2024-05-24 13:39:11 --> Session: Class initialized using 'CodeIgniter\Session\Handlers\FileHandler' driver.
INFO - 2024-05-24 13:42:46 --> Session: Class initialized using 'CodeIgniter\Session\Handlers\FileHandler' driver.
INFO - 2024-05-24 13:54:35 --> Session: Class initialized using 'CodeIgniter\Session\Handlers\FileHandler' driver.
INFO - 2024-05-24 13:54:42 --> Session: Class initialized using 'CodeIgniter\Session\Handlers\FileHandler' driver.
INFO - 2024-05-24 13:52:02 --> Session: Class initialized using 'CodeIgniter\Session\Handlers\FileHandler' driver.
INFO - 2024-05-24 13:52:41 --> Session: Class initialized using 'CodeIgniter\Session\Handlers\FileHandler' driver.
INFO - 2024-05-24 13:52:49 --> Session: Class initialized using 'CodeIgniter\Session\Handlers\FileHandler' driver.
INFO - 2024-05-24 13:54:15 --> Session: Class initialized using 'CodeIgniter\Session\Handlers\FileHandler' driver.
INFO - 2024-05-24 14:03:26 --> Session: Class initialized using 'CodeIgniter\Session\Handlers\FileHandler' driver.
INFO - 2024-05-24 14:04:43 --> Session: Class initialized using 'CodeIgniter\Session\Handlers\FileHandler' driver.
CRITICAL - 2024-05-24 14:15:21 --> Undefined array key "id_bidang"
in APPPATH\Controllers\Agenda.php on line 147.
 1 APPPATH\Controllers\Agenda.php(147): CodeIgniter\Debug\Exceptions->errorHandler(2, 'Undefined array key "id_bidang"', 'D:\\belajarCi4\\Gereja\\app\\Controllers\\Agenda.php', 147)
 2 SYSTEMPATH\CodeIgniter.php(934): App\Controllers\Agenda->cariDataRealisasi()
 3 SYSTEMPATH\CodeIgniter.php(499): CodeIgniter\CodeIgniter->runController(Object(App\Controllers\Agenda))
 4 SYSTEMPATH\CodeIgniter.php(368): CodeIgniter\CodeIgniter->handleRequest(null, Object(Config\Cache), false)
 5 FCPATH\index.php(67): CodeIgniter\CodeIgniter->run()
 6 SYSTEMPATH\Commands\Server\rewrite.php(47): require_once('D:\\belajarCi4\\Gereja\\public\\index.php')
CRITICAL - 2024-05-24 14:16:53 --> Undefined array key "id_timpel"
in APPPATH\Controllers\Agenda.php on line 148.
 1 APPPATH\Controllers\Agenda.php(148): CodeIgniter\Debug\Exceptions->errorHandler(2, 'Undefined array key "id_timpel"', 'D:\\belajarCi4\\Gereja\\app\\Controllers\\Agenda.php', 148)
 2 SYSTEMPATH\CodeIgniter.php(934): App\Controllers\Agenda->cariDataRealisasi()
 3 SYSTEMPATH\CodeIgniter.php(499): CodeIgniter\CodeIgniter->runController(Object(App\Controllers\Agenda))
 4 SYSTEMPATH\CodeIgniter.php(368): CodeIgniter\CodeIgniter->handleRequest(null, Object(Config\Cache), false)
 5 FCPATH\index.php(67): CodeIgniter\CodeIgniter->run()
 6 SYSTEMPATH\Commands\Server\rewrite.php(47): require_once('D:\\belajarCi4\\Gereja\\public\\index.php')
CRITICAL - 2024-05-24 14:17:09 --> Undefined array key "id_timpel"
in APPPATH\Controllers\Agenda.php on line 148.
 1 APPPATH\Controllers\Agenda.php(148): CodeIgniter\Debug\Exceptions->errorHandler(2, 'Undefined array key "id_timpel"', 'D:\\belajarCi4\\Gereja\\app\\Controllers\\Agenda.php', 148)
 2 SYSTEMPATH\CodeIgniter.php(934): App\Controllers\Agenda->cariDataRealisasi()
 3 SYSTEMPATH\CodeIgniter.php(499): CodeIgniter\CodeIgniter->runController(Object(App\Controllers\Agenda))
 4 SYSTEMPATH\CodeIgniter.php(368): CodeIgniter\CodeIgniter->handleRequest(null, Object(Config\Cache), false)
 5 FCPATH\index.php(67): CodeIgniter\CodeIgniter->run()
 6 SYSTEMPATH\Commands\Server\rewrite.php(47): require_once('D:\\belajarCi4\\Gereja\\public\\index.php')
INFO - 2024-05-24 15:10:36 --> Session: Class initialized using 'CodeIgniter\Session\Handlers\FileHandler' driver.
ERROR - 2024-05-24 15:29:52 --> mysqli_sql_exception: Cannot add or update a child row: a foreign key constraint fails (`gereja_db`.`user`, CONSTRAINT `user_id_tim_pelayanan_foreign` FOREIGN KEY (`id_tim_pelayanan`) REFERENCES `tim_pelayanan` (`id_tim_pelayanan`)) in G:\WORK\PART\DETA\project-ci-magang\system\Database\MySQLi\Connection.php:295
Stack trace:
#0 G:\WORK\PART\DETA\project-ci-magang\system\Database\MySQLi\Connection.php(295): mysqli->query('INSERT INTO `us...', 0)
#1 G:\WORK\PART\DETA\project-ci-magang\system\Database\BaseConnection.php(692): CodeIgniter\Database\MySQLi\Connection->execute('INSERT INTO `us...')
#2 G:\WORK\PART\DETA\project-ci-magang\system\Database\BaseConnection.php(606): CodeIgniter\Database\BaseConnection->simpleQuery('INSERT INTO `us...')
#3 G:\WORK\PART\DETA\project-ci-magang\system\Database\BaseBuilder.php(1801): CodeIgniter\Database\BaseConnection->query('INSERT INTO `us...', NULL, false)
#4 G:\WORK\PART\DETA\project-ci-magang\system\Database\BaseBuilder.php(2192): CodeIgniter\Database\BaseBuilder->batchExecute('_insertBatch', 100)
#5 G:\WORK\PART\DETA\project-ci-magang\app\Database\Seeds\UserSeeder.php(54): CodeIgniter\Database\BaseBuilder->insertBatch(Array)
#6 G:\WORK\PART\DETA\project-ci-magang\system\Database\Seeder.php(146): App\Database\Seeds\UserSeeder->run()
#7 G:\WORK\PART\DETA\project-ci-magang\system\Commands\Database\Seed.php(77): CodeIgniter\Database\Seeder->call('App\\Database\\Se...')
#8 G:\WORK\PART\DETA\project-ci-magang\system\CLI\Commands.php(65): CodeIgniter\Commands\Database\Seed->run(Array)
#9 G:\WORK\PART\DETA\project-ci-magang\system\CLI\Console.php(37): CodeIgniter\CLI\Commands->run('db:seed', Array)
#10 G:\WORK\PART\DETA\project-ci-magang\spark(97): CodeIgniter\CLI\Console->run()
#11 {main}
