INFO - 2024-04-25 05:58:50 --> Session: Class initialized using 'CodeIgniter\Session\Handlers\FileHandler' driver.
INFO - 2024-04-25 05:58:50 --> Session: Class initialized using 'CodeIgniter\Session\Handlers\FileHandler' driver.
INFO - 2024-04-25 06:43:29 --> Session: Class initialized using 'CodeIgniter\Session\Handlers\FileHandler' driver.
INFO - 2024-04-25 06:43:29 --> Session: Class initialized using 'CodeIgniter\Session\Handlers\FileHandler' driver.
INFO - 2024-04-25 06:44:23 --> Session: Class initialized using 'CodeIgniter\Session\Handlers\FileHandler' driver.
INFO - 2024-04-25 06:44:23 --> Session: Class initialized using 'CodeIgniter\Session\Handlers\FileHandler' driver.
CRITICAL - 2024-04-25 07:26:33 --> Undefined variable $data
in APPPATH\Controllers\Bidang.php on line 54.
 1 APPPATH\Controllers\Bidang.php(54): CodeIgniter\Debug\Exceptions->errorHandler(2, 'Undefined variable $data', 'D:\\detha\\project-kp\\app\\Controllers\\Bidang.php', 54)
 2 SYSTEMPATH\CodeIgniter.php(934): App\Controllers\Bidang->getAllTimPelayanan()
 3 SYSTEMPATH\CodeIgniter.php(499): CodeIgniter\CodeIgniter->runController(Object(App\Controllers\Bidang))
 4 SYSTEMPATH\CodeIgniter.php(368): CodeIgniter\CodeIgniter->handleRequest(null, Object(Config\Cache), false)
 5 FCPATH\index.php(67): CodeIgniter\CodeIgniter->run()
 6 SYSTEMPATH\Commands\Server\rewrite.php(47): require_once('D:\\detha\\project-kp\\public\\index.php')
CRITICAL - 2024-04-25 07:26:45 --> Undefined variable $data
in APPPATH\Controllers\Bidang.php on line 54.
 1 APPPATH\Controllers\Bidang.php(54): CodeIgniter\Debug\Exceptions->errorHandler(2, 'Undefined variable $data', 'D:\\detha\\project-kp\\app\\Controllers\\Bidang.php', 54)
 2 SYSTEMPATH\CodeIgniter.php(934): App\Controllers\Bidang->getAllTimPelayanan()
 3 SYSTEMPATH\CodeIgniter.php(499): CodeIgniter\CodeIgniter->runController(Object(App\Controllers\Bidang))
 4 SYSTEMPATH\CodeIgniter.php(368): CodeIgniter\CodeIgniter->handleRequest(null, Object(Config\Cache), false)
 5 FCPATH\index.php(67): CodeIgniter\CodeIgniter->run()
 6 SYSTEMPATH\Commands\Server\rewrite.php(47): require_once('D:\\detha\\project-kp\\public\\index.php')
CRITICAL - 2024-04-25 07:27:45 --> Undefined variable $data
in APPPATH\Controllers\Bidang.php on line 54.
 1 APPPATH\Controllers\Bidang.php(54): CodeIgniter\Debug\Exceptions->errorHandler(2, 'Undefined variable $data', 'D:\\detha\\project-kp\\app\\Controllers\\Bidang.php', 54)
 2 SYSTEMPATH\CodeIgniter.php(934): App\Controllers\Bidang->getAllTimPelayanan()
 3 SYSTEMPATH\CodeIgniter.php(499): CodeIgniter\CodeIgniter->runController(Object(App\Controllers\Bidang))
 4 SYSTEMPATH\CodeIgniter.php(368): CodeIgniter\CodeIgniter->handleRequest(null, Object(Config\Cache), false)
 5 FCPATH\index.php(67): CodeIgniter\CodeIgniter->run()
 6 SYSTEMPATH\Commands\Server\rewrite.php(47): require_once('D:\\detha\\project-kp\\public\\index.php')
CRITICAL - 2024-04-25 07:57:25 --> Call to undefined method App\Models\TimpelModel::getAllTimPelayanan
in SYSTEMPATH\Model.php on line 842.
 1 APPPATH\Controllers\Bidang.php(50): CodeIgniter\Model->__call('getAllTimPelayanan', [...])
 2 SYSTEMPATH\CodeIgniter.php(934): App\Controllers\Bidang->getAllTimPelayanan()
 3 SYSTEMPATH\CodeIgniter.php(499): CodeIgniter\CodeIgniter->runController(Object(App\Controllers\Bidang))
 4 SYSTEMPATH\CodeIgniter.php(368): CodeIgniter\CodeIgniter->handleRequest(null, Object(Config\Cache), false)
 5 FCPATH\index.php(67): CodeIgniter\CodeIgniter->run()
 6 SYSTEMPATH\Commands\Server\rewrite.php(47): require_once('D:\\detha\\project-kp\\public\\index.php')
INFO - 2024-04-25 08:03:20 --> Session: Class initialized using 'CodeIgniter\Session\Handlers\FileHandler' driver.
INFO - 2024-04-25 08:03:20 --> Session: Class initialized using 'CodeIgniter\Session\Handlers\FileHandler' driver.
INFO - 2024-04-25 08:06:30 --> Session: Class initialized using 'CodeIgniter\Session\Handlers\FileHandler' driver.
INFO - 2024-04-25 08:06:30 --> Session: Class initialized using 'CodeIgniter\Session\Handlers\FileHandler' driver.
ERROR - 2024-04-25 08:06:40 --> mysqli_sql_exception: Unknown column 'idBidang' in 'where clause' in D:\detha\project-kp\system\Database\MySQLi\Connection.php:295
Stack trace:
#0 D:\detha\project-kp\system\Database\MySQLi\Connection.php(295): mysqli->query('SELECT *\nFROM `...', 0)
#1 D:\detha\project-kp\system\Database\BaseConnection.php(692): CodeIgniter\Database\MySQLi\Connection->execute('SELECT *\nFROM `...')
#2 D:\detha\project-kp\system\Database\BaseConnection.php(606): CodeIgniter\Database\BaseConnection->simpleQuery('SELECT *\nFROM `...')
#3 D:\detha\project-kp\system\Database\BaseBuilder.php(1616): CodeIgniter\Database\BaseConnection->query('SELECT *\nFROM `...', Array, false)
#4 D:\detha\project-kp\system\Model.php(241): CodeIgniter\Database\BaseBuilder->get()
#5 D:\detha\project-kp\system\BaseModel.php(618): CodeIgniter\Model->doFindAll(0, 0)
#6 D:\detha\project-kp\app\Controllers\Bidang.php(52): CodeIgniter\BaseModel->findAll()
#7 D:\detha\project-kp\system\CodeIgniter.php(934): App\Controllers\Bidang->getAllTimPelayanan()
#8 D:\detha\project-kp\system\CodeIgniter.php(499): CodeIgniter\CodeIgniter->runController(Object(App\Controllers\Bidang))
#9 D:\detha\project-kp\system\CodeIgniter.php(368): CodeIgniter\CodeIgniter->handleRequest(NULL, Object(Config\Cache), false)
#10 D:\detha\project-kp\public\index.php(67): CodeIgniter\CodeIgniter->run()
#11 D:\detha\project-kp\system\Commands\Server\rewrite.php(47): require_once('D:\\detha\\projec...')
#12 {main}
CRITICAL - 2024-04-25 08:06:40 --> Unknown column 'idBidang' in 'where clause'
in SYSTEMPATH\Database\MySQLi\Connection.php on line 295.
 1 SYSTEMPATH\Database\MySQLi\Connection.php(295): mysqli->query('SELECT *
FROM `tim_pelayanan`
WHERE `idBidang` = \'Bidang Pelayanan Liturgi dan Peribadatan\'', 0)
 2 SYSTEMPATH\Database\BaseConnection.php(692): CodeIgniter\Database\MySQLi\Connection->execute('SELECT *
FROM `tim_pelayanan`
WHERE `idBidang` = \'Bidang Pelayanan Liturgi dan Peribadatan\'')
 3 SYSTEMPATH\Database\BaseConnection.php(606): CodeIgniter\Database\BaseConnection->simpleQuery('SELECT *
FROM `tim_pelayanan`
WHERE `idBidang` = \'Bidang Pelayanan Liturgi dan Peribadatan\'')
 4 SYSTEMPATH\Database\BaseBuilder.php(1616): CodeIgniter\Database\BaseConnection->query('SELECT *
FROM `tim_pelayanan`
WHERE `idBidang` = :idBidang:', [...], false)
 5 SYSTEMPATH\Model.php(241): CodeIgniter\Database\BaseBuilder->get()
 6 SYSTEMPATH\BaseModel.php(618): CodeIgniter\Model->doFindAll(0, 0)
 7 APPPATH\Controllers\Bidang.php(52): CodeIgniter\BaseModel->findAll()
 8 SYSTEMPATH\CodeIgniter.php(934): App\Controllers\Bidang->getAllTimPelayanan()
 9 SYSTEMPATH\CodeIgniter.php(499): CodeIgniter\CodeIgniter->runController(Object(App\Controllers\Bidang))
10 SYSTEMPATH\CodeIgniter.php(368): CodeIgniter\CodeIgniter->handleRequest(null, Object(Config\Cache), false)
11 FCPATH\index.php(67): CodeIgniter\CodeIgniter->run()
12 SYSTEMPATH\Commands\Server\rewrite.php(47): require_once('D:\\detha\\project-kp\\public\\index.php')
INFO - 2024-04-25 08:33:50 --> Session: Class initialized using 'CodeIgniter\Session\Handlers\FileHandler' driver.
INFO - 2024-04-25 08:33:50 --> Session: Class initialized using 'CodeIgniter\Session\Handlers\FileHandler' driver.
INFO - 2024-04-25 09:10:46 --> Session: Class initialized using 'CodeIgniter\Session\Handlers\FileHandler' driver.
INFO - 2024-04-25 09:10:46 --> Session: Class initialized using 'CodeIgniter\Session\Handlers\FileHandler' driver.
CRITICAL - 2024-04-25 09:11:01 --> Call to undefined method App\Models\TimpelModel::getTimPelayananByBidang
in SYSTEMPATH\Model.php on line 842.
 1 APPPATH\Controllers\BidangController.php(26): CodeIgniter\Model->__call('getTimPelayananByBidang', [...])
 2 SYSTEMPATH\CodeIgniter.php(934): App\Controllers\BidangController->getTimPelayananByBidang('1')
 3 SYSTEMPATH\CodeIgniter.php(499): CodeIgniter\CodeIgniter->runController(Object(App\Controllers\BidangController))
 4 SYSTEMPATH\CodeIgniter.php(368): CodeIgniter\CodeIgniter->handleRequest(null, Object(Config\Cache), false)
 5 FCPATH\index.php(67): CodeIgniter\CodeIgniter->run()
 6 SYSTEMPATH\Commands\Server\rewrite.php(47): require_once('D:\\detha\\project-kp\\public\\index.php')
CRITICAL - 2024-04-25 09:11:43 --> Call to undefined method App\Models\TimpelModel::getTimPelayananByBidang
in SYSTEMPATH\Model.php on line 842.
 1 APPPATH\Controllers\BidangController.php(26): CodeIgniter\Model->__call('getTimPelayananByBidang', [...])
 2 SYSTEMPATH\CodeIgniter.php(934): App\Controllers\BidangController->getTimPelayananByBidang('3')
 3 SYSTEMPATH\CodeIgniter.php(499): CodeIgniter\CodeIgniter->runController(Object(App\Controllers\BidangController))
 4 SYSTEMPATH\CodeIgniter.php(368): CodeIgniter\CodeIgniter->handleRequest(null, Object(Config\Cache), false)
 5 FCPATH\index.php(67): CodeIgniter\CodeIgniter->run()
 6 SYSTEMPATH\Commands\Server\rewrite.php(47): require_once('D:\\detha\\project-kp\\public\\index.php')
INFO - 2024-04-25 09:13:21 --> Session: Class initialized using 'CodeIgniter\Session\Handlers\FileHandler' driver.
INFO - 2024-04-25 09:13:21 --> Session: Class initialized using 'CodeIgniter\Session\Handlers\FileHandler' driver.
INFO - 2024-04-25 09:13:47 --> Session: Class initialized using 'CodeIgniter\Session\Handlers\FileHandler' driver.
INFO - 2024-04-25 09:13:47 --> Session: Class initialized using 'CodeIgniter\Session\Handlers\FileHandler' driver.
INFO - 2024-04-25 09:13:53 --> Session: Class initialized using 'CodeIgniter\Session\Handlers\FileHandler' driver.
INFO - 2024-04-25 09:17:32 --> Session: Class initialized using 'CodeIgniter\Session\Handlers\FileHandler' driver.
INFO - 2024-04-25 09:17:32 --> Session: Class initialized using 'CodeIgniter\Session\Handlers\FileHandler' driver.
CRITICAL - 2024-04-25 09:17:44 --> Call to undefined method App\Models\TimpelModel::getTimPelayananByBidang
in SYSTEMPATH\Model.php on line 842.
 1 APPPATH\Controllers\BidangController.php(26): CodeIgniter\Model->__call('getTimPelayananByBidang', [...])
 2 SYSTEMPATH\CodeIgniter.php(934): App\Controllers\BidangController->getTimPelayananByBidang('3')
 3 SYSTEMPATH\CodeIgniter.php(499): CodeIgniter\CodeIgniter->runController(Object(App\Controllers\BidangController))
 4 SYSTEMPATH\CodeIgniter.php(368): CodeIgniter\CodeIgniter->handleRequest(null, Object(Config\Cache), false)
 5 FCPATH\index.php(67): CodeIgniter\CodeIgniter->run()
 6 SYSTEMPATH\Commands\Server\rewrite.php(47): require_once('D:\\detha\\project-kp\\public\\index.php')
CRITICAL - 2024-04-25 09:17:46 --> Call to undefined method App\Models\TimpelModel::getTimPelayananByBidang
in SYSTEMPATH\Model.php on line 842.
 1 APPPATH\Controllers\BidangController.php(26): CodeIgniter\Model->__call('getTimPelayananByBidang', [...])
 2 SYSTEMPATH\CodeIgniter.php(934): App\Controllers\BidangController->getTimPelayananByBidang('1')
 3 SYSTEMPATH\CodeIgniter.php(499): CodeIgniter\CodeIgniter->runController(Object(App\Controllers\BidangController))
 4 SYSTEMPATH\CodeIgniter.php(368): CodeIgniter\CodeIgniter->handleRequest(null, Object(Config\Cache), false)
 5 FCPATH\index.php(67): CodeIgniter\CodeIgniter->run()
 6 SYSTEMPATH\Commands\Server\rewrite.php(47): require_once('D:\\detha\\project-kp\\public\\index.php')
INFO - 2024-04-25 09:24:59 --> Session: Class initialized using 'CodeIgniter\Session\Handlers\FileHandler' driver.
INFO - 2024-04-25 09:24:59 --> Session: Class initialized using 'CodeIgniter\Session\Handlers\FileHandler' driver.
INFO - 2024-04-25 09:30:18 --> Session: Class initialized using 'CodeIgniter\Session\Handlers\FileHandler' driver.
INFO - 2024-04-25 09:30:18 --> Session: Class initialized using 'CodeIgniter\Session\Handlers\FileHandler' driver.
INFO - 2024-04-25 10:01:17 --> Session: Class initialized using 'CodeIgniter\Session\Handlers\FileHandler' driver.
INFO - 2024-04-25 10:01:52 --> Session: Class initialized using 'CodeIgniter\Session\Handlers\FileHandler' driver.
INFO - 2024-04-25 10:02:11 --> Session: Class initialized using 'CodeIgniter\Session\Handlers\FileHandler' driver.
CRITICAL - 2024-04-25 10:02:27 --> Unknown type: homeSBR
in SYSTEMPATH\HTTP\IncomingRequest.php on line 402.
 1 APPPATH\Views\gereja\SBR.php(67): CodeIgniter\HTTP\IncomingRequest->is('homeSBR')
 2 SYSTEMPATH\View\View.php(213): include('C:\\1. Nikodemus Adventio Kusuma Bagaskara\\Kuliah\\Semester 10\\Kerja Praktek\\project-ci-magang\\app\\Views\\gereja\\SBR.php')
 3 SYSTEMPATH\View\View.php(216): CodeIgniter\View\View->CodeIgniter\View\{closure}()
 4 SYSTEMPATH\Common.php(1184): CodeIgniter\View\View->render('gereja/SBR', [], true)
 5 APPPATH\Controllers\Gereja.php(49): view('gereja/SBR')
 6 APPPATH\Controllers\Gereja.php(80): App\Controllers\Gereja->sbr()
 7 SYSTEMPATH\CodeIgniter.php(934): App\Controllers\Gereja->check()
 8 SYSTEMPATH\CodeIgniter.php(499): CodeIgniter\CodeIgniter->runController(Object(App\Controllers\Gereja))
 9 SYSTEMPATH\CodeIgniter.php(368): CodeIgniter\CodeIgniter->handleRequest(null, Object(Config\Cache), false)
10 FCPATH\index.php(67): CodeIgniter\CodeIgniter->run()
11 SYSTEMPATH\Commands\Server\rewrite.php(47): require_once('C:\\1. Nikodemus Adventio Kusuma Bagaskara\\Kuliah\\Semester 10\\Kerja Praktek\\project-ci-magang\\public\\index.php')
INFO - 2024-04-25 10:02:42 --> Session: Class initialized using 'CodeIgniter\Session\Handlers\FileHandler' driver.
CRITICAL - 2024-04-25 10:03:08 --> Unknown type: homeSBR
in SYSTEMPATH\HTTP\IncomingRequest.php on line 402.
 1 APPPATH\Views\gereja\SBR.php(67): CodeIgniter\HTTP\IncomingRequest->is('homeSBR')
 2 SYSTEMPATH\View\View.php(213): include('C:\\1. Nikodemus Adventio Kusuma Bagaskara\\Kuliah\\Semester 10\\Kerja Praktek\\project-ci-magang\\app\\Views\\gereja\\SBR.php')
 3 SYSTEMPATH\View\View.php(216): CodeIgniter\View\View->CodeIgniter\View\{closure}()
 4 SYSTEMPATH\Common.php(1184): CodeIgniter\View\View->render('gereja/SBR', [], true)
 5 APPPATH\Controllers\Gereja.php(49): view('gereja/SBR')
 6 APPPATH\Controllers\Gereja.php(80): App\Controllers\Gereja->sbr()
 7 SYSTEMPATH\CodeIgniter.php(934): App\Controllers\Gereja->check()
 8 SYSTEMPATH\CodeIgniter.php(499): CodeIgniter\CodeIgniter->runController(Object(App\Controllers\Gereja))
 9 SYSTEMPATH\CodeIgniter.php(368): CodeIgniter\CodeIgniter->handleRequest(null, Object(Config\Cache), false)
10 FCPATH\index.php(67): CodeIgniter\CodeIgniter->run()
11 SYSTEMPATH\Commands\Server\rewrite.php(47): require_once('C:\\1. Nikodemus Adventio Kusuma Bagaskara\\Kuliah\\Semester 10\\Kerja Praktek\\project-ci-magang\\public\\index.php')
CRITICAL - 2024-04-25 10:29:28 --> Unknown type: homeSBR
in SYSTEMPATH\HTTP\IncomingRequest.php on line 402.
 1 APPPATH\Views\gereja\SBR.php(73): CodeIgniter\HTTP\IncomingRequest->is('homeSBR')
 2 SYSTEMPATH\View\View.php(213): include('C:\\1. Nikodemus Adventio Kusuma Bagaskara\\Kuliah\\Semester 10\\Kerja Praktek\\project-ci-magang\\app\\Views\\gereja\\SBR.php')
 3 SYSTEMPATH\View\View.php(216): CodeIgniter\View\View->CodeIgniter\View\{closure}()
 4 SYSTEMPATH\Common.php(1184): CodeIgniter\View\View->render('gereja/SBR', [], true)
 5 APPPATH\Controllers\Gereja.php(49): view('gereja/SBR')
 6 APPPATH\Controllers\Gereja.php(80): App\Controllers\Gereja->sbr()
 7 SYSTEMPATH\CodeIgniter.php(934): App\Controllers\Gereja->check()
 8 SYSTEMPATH\CodeIgniter.php(499): CodeIgniter\CodeIgniter->runController(Object(App\Controllers\Gereja))
 9 SYSTEMPATH\CodeIgniter.php(368): CodeIgniter\CodeIgniter->handleRequest(null, Object(Config\Cache), false)
10 FCPATH\index.php(67): CodeIgniter\CodeIgniter->run()
11 SYSTEMPATH\Commands\Server\rewrite.php(47): require_once('C:\\1. Nikodemus Adventio Kusuma Bagaskara\\Kuliah\\Semester 10\\Kerja Praktek\\project-ci-magang\\public\\index.php')
CRITICAL - 2024-04-25 10:36:37 --> Undefined variable $activeTab
in APPPATH\Views\gereja\SBR.php on line 73.
 1 APPPATH\Views\gereja\SBR.php(73): CodeIgniter\Debug\Exceptions->errorHandler(2, 'Undefined variable $activeTab', 'C:\\1. Nikodemus Adventio Kusuma Bagaskara\\Kuliah\\Semester 10\\Kerja Praktek\\project-ci-magang\\app\\Views\\gereja\\SBR.php', 73)
 2 SYSTEMPATH\View\View.php(213): include('C:\\1. Nikodemus Adventio Kusuma Bagaskara\\Kuliah\\Semester 10\\Kerja Praktek\\project-ci-magang\\app\\Views\\gereja\\SBR.php')
 3 SYSTEMPATH\View\View.php(216): CodeIgniter\View\View->CodeIgniter\View\{closure}()
 4 SYSTEMPATH\Common.php(1184): CodeIgniter\View\View->render('gereja/SBR', [], true)
 5 APPPATH\Controllers\Gereja.php(49): view('gereja/SBR')
 6 APPPATH\Controllers\Gereja.php(80): App\Controllers\Gereja->sbr()
 7 SYSTEMPATH\CodeIgniter.php(934): App\Controllers\Gereja->check()
 8 SYSTEMPATH\CodeIgniter.php(499): CodeIgniter\CodeIgniter->runController(Object(App\Controllers\Gereja))
 9 SYSTEMPATH\CodeIgniter.php(368): CodeIgniter\CodeIgniter->handleRequest(null, Object(Config\Cache), false)
10 FCPATH\index.php(67): CodeIgniter\CodeIgniter->run()
11 SYSTEMPATH\Commands\Server\rewrite.php(47): require_once('C:\\1. Nikodemus Adventio Kusuma Bagaskara\\Kuliah\\Semester 10\\Kerja Praktek\\project-ci-magang\\public\\index.php')
CRITICAL - 2024-04-25 10:40:09 --> Undefined variable $activeTab
in APPPATH\Views\gereja\SBR.php on line 73.
 1 APPPATH\Views\gereja\SBR.php(73): CodeIgniter\Debug\Exceptions->errorHandler(2, 'Undefined variable $activeTab', 'C:\\1. Nikodemus Adventio Kusuma Bagaskara\\Kuliah\\Semester 10\\Kerja Praktek\\project-ci-magang\\app\\Views\\gereja\\SBR.php', 73)
 2 SYSTEMPATH\View\View.php(213): include('C:\\1. Nikodemus Adventio Kusuma Bagaskara\\Kuliah\\Semester 10\\Kerja Praktek\\project-ci-magang\\app\\Views\\gereja\\SBR.php')
 3 SYSTEMPATH\View\View.php(216): CodeIgniter\View\View->CodeIgniter\View\{closure}()
 4 SYSTEMPATH\Common.php(1184): CodeIgniter\View\View->render('gereja/SBR', [], true)
 5 APPPATH\Controllers\Gereja.php(49): view('gereja/SBR')
 6 APPPATH\Controllers\Gereja.php(80): App\Controllers\Gereja->sbr()
 7 SYSTEMPATH\CodeIgniter.php(934): App\Controllers\Gereja->check()
 8 SYSTEMPATH\CodeIgniter.php(499): CodeIgniter\CodeIgniter->runController(Object(App\Controllers\Gereja))
 9 SYSTEMPATH\CodeIgniter.php(368): CodeIgniter\CodeIgniter->handleRequest(null, Object(Config\Cache), false)
10 FCPATH\index.php(67): CodeIgniter\CodeIgniter->run()
11 SYSTEMPATH\Commands\Server\rewrite.php(47): require_once('C:\\1. Nikodemus Adventio Kusuma Bagaskara\\Kuliah\\Semester 10\\Kerja Praktek\\project-ci-magang\\public\\index.php')
CRITICAL - 2024-04-25 10:41:00 --> Undefined variable $activeTab
in APPPATH\Views\gereja\SBR.php on line 73.
 1 APPPATH\Views\gereja\SBR.php(73): CodeIgniter\Debug\Exceptions->errorHandler(2, 'Undefined variable $activeTab', 'C:\\1. Nikodemus Adventio Kusuma Bagaskara\\Kuliah\\Semester 10\\Kerja Praktek\\project-ci-magang\\app\\Views\\gereja\\SBR.php', 73)
 2 SYSTEMPATH\View\View.php(213): include('C:\\1. Nikodemus Adventio Kusuma Bagaskara\\Kuliah\\Semester 10\\Kerja Praktek\\project-ci-magang\\app\\Views\\gereja\\SBR.php')
 3 SYSTEMPATH\View\View.php(216): CodeIgniter\View\View->CodeIgniter\View\{closure}()
 4 SYSTEMPATH\Common.php(1184): CodeIgniter\View\View->render('gereja/SBR', [], true)
 5 APPPATH\Controllers\Gereja.php(49): view('gereja/SBR')
 6 APPPATH\Controllers\Gereja.php(80): App\Controllers\Gereja->sbr()
 7 SYSTEMPATH\CodeIgniter.php(934): App\Controllers\Gereja->check()
 8 SYSTEMPATH\CodeIgniter.php(499): CodeIgniter\CodeIgniter->runController(Object(App\Controllers\Gereja))
 9 SYSTEMPATH\CodeIgniter.php(368): CodeIgniter\CodeIgniter->handleRequest(null, Object(Config\Cache), false)
10 FCPATH\index.php(67): CodeIgniter\CodeIgniter->run()
11 SYSTEMPATH\Commands\Server\rewrite.php(47): require_once('C:\\1. Nikodemus Adventio Kusuma Bagaskara\\Kuliah\\Semester 10\\Kerja Praktek\\project-ci-magang\\public\\index.php')
CRITICAL - 2024-04-25 10:43:16 --> Undefined variable $activeTab
in APPPATH\Views\gereja\SBR.php on line 73.
 1 APPPATH\Views\gereja\SBR.php(73): CodeIgniter\Debug\Exceptions->errorHandler(2, 'Undefined variable $activeTab', 'C:\\1. Nikodemus Adventio Kusuma Bagaskara\\Kuliah\\Semester 10\\Kerja Praktek\\project-ci-magang\\app\\Views\\gereja\\SBR.php', 73)
 2 SYSTEMPATH\View\View.php(213): include('C:\\1. Nikodemus Adventio Kusuma Bagaskara\\Kuliah\\Semester 10\\Kerja Praktek\\project-ci-magang\\app\\Views\\gereja\\SBR.php')
 3 SYSTEMPATH\View\View.php(216): CodeIgniter\View\View->CodeIgniter\View\{closure}()
 4 SYSTEMPATH\Common.php(1184): CodeIgniter\View\View->render('gereja/SBR', [], true)
 5 APPPATH\Controllers\Gereja.php(49): view('gereja/SBR')
 6 APPPATH\Controllers\Gereja.php(80): App\Controllers\Gereja->sbr()
 7 SYSTEMPATH\CodeIgniter.php(934): App\Controllers\Gereja->check()
 8 SYSTEMPATH\CodeIgniter.php(499): CodeIgniter\CodeIgniter->runController(Object(App\Controllers\Gereja))
 9 SYSTEMPATH\CodeIgniter.php(368): CodeIgniter\CodeIgniter->handleRequest(null, Object(Config\Cache), false)
10 FCPATH\index.php(67): CodeIgniter\CodeIgniter->run()
11 SYSTEMPATH\Commands\Server\rewrite.php(47): require_once('C:\\1. Nikodemus Adventio Kusuma Bagaskara\\Kuliah\\Semester 10\\Kerja Praktek\\project-ci-magang\\public\\index.php')
CRITICAL - 2024-04-25 10:44:00 --> Undefined variable $activeTab
in APPPATH\Views\gereja\SBR.php on line 73.
 1 APPPATH\Views\gereja\SBR.php(73): CodeIgniter\Debug\Exceptions->errorHandler(2, 'Undefined variable $activeTab', 'C:\\1. Nikodemus Adventio Kusuma Bagaskara\\Kuliah\\Semester 10\\Kerja Praktek\\project-ci-magang\\app\\Views\\gereja\\SBR.php', 73)
 2 SYSTEMPATH\View\View.php(213): include('C:\\1. Nikodemus Adventio Kusuma Bagaskara\\Kuliah\\Semester 10\\Kerja Praktek\\project-ci-magang\\app\\Views\\gereja\\SBR.php')
 3 SYSTEMPATH\View\View.php(216): CodeIgniter\View\View->CodeIgniter\View\{closure}()
 4 SYSTEMPATH\Common.php(1184): CodeIgniter\View\View->render('gereja/SBR', [], true)
 5 APPPATH\Controllers\Gereja.php(49): view('gereja/SBR')
 6 APPPATH\Controllers\Gereja.php(80): App\Controllers\Gereja->sbr()
 7 SYSTEMPATH\CodeIgniter.php(934): App\Controllers\Gereja->check()
 8 SYSTEMPATH\CodeIgniter.php(499): CodeIgniter\CodeIgniter->runController(Object(App\Controllers\Gereja))
 9 SYSTEMPATH\CodeIgniter.php(368): CodeIgniter\CodeIgniter->handleRequest(null, Object(Config\Cache), false)
10 FCPATH\index.php(67): CodeIgniter\CodeIgniter->run()
11 SYSTEMPATH\Commands\Server\rewrite.php(47): require_once('C:\\1. Nikodemus Adventio Kusuma Bagaskara\\Kuliah\\Semester 10\\Kerja Praktek\\project-ci-magang\\public\\index.php')
ERROR - 2024-04-25 10:52:19 --> mysqli_sql_exception: Table 'gereja.programasi' doesn't exist in C:\1. Nikodemus Adventio Kusuma Bagaskara\Kuliah\Semester 10\Kerja Praktek\project-ci-magang\system\Database\MySQLi\Connection.php:295
Stack trace:
#0 C:\1. Nikodemus Adventio Kusuma Bagaskara\Kuliah\Semester 10\Kerja Praktek\project-ci-magang\system\Database\MySQLi\Connection.php(295): mysqli->query('SELECT *\nFROM `...', 0)
#1 C:\1. Nikodemus Adventio Kusuma Bagaskara\Kuliah\Semester 10\Kerja Praktek\project-ci-magang\system\Database\BaseConnection.php(692): CodeIgniter\Database\MySQLi\Connection->execute('SELECT *\nFROM `...')
#2 C:\1. Nikodemus Adventio Kusuma Bagaskara\Kuliah\Semester 10\Kerja Praktek\project-ci-magang\system\Database\BaseConnection.php(606): CodeIgniter\Database\BaseConnection->simpleQuery('SELECT *\nFROM `...')
#3 C:\1. Nikodemus Adventio Kusuma Bagaskara\Kuliah\Semester 10\Kerja Praktek\project-ci-magang\system\Database\BaseBuilder.php(1616): CodeIgniter\Database\BaseConnection->query('SELECT *\nFROM `...', Array, false)
#4 C:\1. Nikodemus Adventio Kusuma Bagaskara\Kuliah\Semester 10\Kerja Praktek\project-ci-magang\system\Model.php(241): CodeIgniter\Database\BaseBuilder->get()
#5 C:\1. Nikodemus Adventio Kusuma Bagaskara\Kuliah\Semester 10\Kerja Praktek\project-ci-magang\system\BaseModel.php(618): CodeIgniter\Model->doFindAll(0, 0)
#6 C:\1. Nikodemus Adventio Kusuma Bagaskara\Kuliah\Semester 10\Kerja Praktek\project-ci-magang\app\Controllers\Agenda.php(20): CodeIgniter\BaseModel->findAll()
#7 C:\1. Nikodemus Adventio Kusuma Bagaskara\Kuliah\Semester 10\Kerja Praktek\project-ci-magang\system\CodeIgniter.php(934): App\Controllers\Agenda->getAllAgenda()
#8 C:\1. Nikodemus Adventio Kusuma Bagaskara\Kuliah\Semester 10\Kerja Praktek\project-ci-magang\system\CodeIgniter.php(499): CodeIgniter\CodeIgniter->runController(Object(App\Controllers\Agenda))
#9 C:\1. Nikodemus Adventio Kusuma Bagaskara\Kuliah\Semester 10\Kerja Praktek\project-ci-magang\system\CodeIgniter.php(368): CodeIgniter\CodeIgniter->handleRequest(NULL, Object(Config\Cache), false)
#10 C:\1. Nikodemus Adventio Kusuma Bagaskara\Kuliah\Semester 10\Kerja Praktek\project-ci-magang\public\index.php(67): CodeIgniter\CodeIgniter->run()
#11 C:\1. Nikodemus Adventio Kusuma Bagaskara\Kuliah\Semester 10\Kerja Praktek\project-ci-magang\system\Commands\Server\rewrite.php(47): require_once('C:\\1. Nikodemus...')
#12 {main}
CRITICAL - 2024-04-25 10:52:19 --> Table 'gereja.programasi' doesn't exist
in SYSTEMPATH\Database\MySQLi\Connection.php on line 295.
 1 SYSTEMPATH\Database\MySQLi\Connection.php(295): mysqli->query('SELECT *
FROM `programasi`', 0)
 2 SYSTEMPATH\Database\BaseConnection.php(692): CodeIgniter\Database\MySQLi\Connection->execute('SELECT *
FROM `programasi`')
 3 SYSTEMPATH\Database\BaseConnection.php(606): CodeIgniter\Database\BaseConnection->simpleQuery('SELECT *
FROM `programasi`')
 4 SYSTEMPATH\Database\BaseBuilder.php(1616): CodeIgniter\Database\BaseConnection->query('SELECT *
FROM `programasi`', [], false)
 5 SYSTEMPATH\Model.php(241): CodeIgniter\Database\BaseBuilder->get()
 6 SYSTEMPATH\BaseModel.php(618): CodeIgniter\Model->doFindAll(0, 0)
 7 APPPATH\Controllers\Agenda.php(20): CodeIgniter\BaseModel->findAll()
 8 SYSTEMPATH\CodeIgniter.php(934): App\Controllers\Agenda->getAllAgenda()
 9 SYSTEMPATH\CodeIgniter.php(499): CodeIgniter\CodeIgniter->runController(Object(App\Controllers\Agenda))
10 SYSTEMPATH\CodeIgniter.php(368): CodeIgniter\CodeIgniter->handleRequest(null, Object(Config\Cache), false)
11 FCPATH\index.php(67): CodeIgniter\CodeIgniter->run()
12 SYSTEMPATH\Commands\Server\rewrite.php(47): require_once('C:\\1. Nikodemus Adventio Kusuma Bagaskara\\Kuliah\\Semester 10\\Kerja Praktek\\project-ci-magang\\public\\index.php')
ERROR - 2024-04-25 10:52:59 --> mysqli_sql_exception: Table 'gereja.programasi' doesn't exist in C:\1. Nikodemus Adventio Kusuma Bagaskara\Kuliah\Semester 10\Kerja Praktek\project-ci-magang\system\Database\MySQLi\Connection.php:295
Stack trace:
#0 C:\1. Nikodemus Adventio Kusuma Bagaskara\Kuliah\Semester 10\Kerja Praktek\project-ci-magang\system\Database\MySQLi\Connection.php(295): mysqli->query('SELECT *\nFROM `...', 0)
#1 C:\1. Nikodemus Adventio Kusuma Bagaskara\Kuliah\Semester 10\Kerja Praktek\project-ci-magang\system\Database\BaseConnection.php(692): CodeIgniter\Database\MySQLi\Connection->execute('SELECT *\nFROM `...')
#2 C:\1. Nikodemus Adventio Kusuma Bagaskara\Kuliah\Semester 10\Kerja Praktek\project-ci-magang\system\Database\BaseConnection.php(606): CodeIgniter\Database\BaseConnection->simpleQuery('SELECT *\nFROM `...')
#3 C:\1. Nikodemus Adventio Kusuma Bagaskara\Kuliah\Semester 10\Kerja Praktek\project-ci-magang\system\Database\BaseBuilder.php(1616): CodeIgniter\Database\BaseConnection->query('SELECT *\nFROM `...', Array, false)
#4 C:\1. Nikodemus Adventio Kusuma Bagaskara\Kuliah\Semester 10\Kerja Praktek\project-ci-magang\system\Model.php(241): CodeIgniter\Database\BaseBuilder->get()
#5 C:\1. Nikodemus Adventio Kusuma Bagaskara\Kuliah\Semester 10\Kerja Praktek\project-ci-magang\system\BaseModel.php(618): CodeIgniter\Model->doFindAll(0, 0)
#6 C:\1. Nikodemus Adventio Kusuma Bagaskara\Kuliah\Semester 10\Kerja Praktek\project-ci-magang\app\Controllers\Monev.php(19): CodeIgniter\BaseModel->findAll()
#7 C:\1. Nikodemus Adventio Kusuma Bagaskara\Kuliah\Semester 10\Kerja Praktek\project-ci-magang\system\CodeIgniter.php(934): App\Controllers\Monev->getAllMonev()
#8 C:\1. Nikodemus Adventio Kusuma Bagaskara\Kuliah\Semester 10\Kerja Praktek\project-ci-magang\system\CodeIgniter.php(499): CodeIgniter\CodeIgniter->runController(Object(App\Controllers\Monev))
#9 C:\1. Nikodemus Adventio Kusuma Bagaskara\Kuliah\Semester 10\Kerja Praktek\project-ci-magang\system\CodeIgniter.php(368): CodeIgniter\CodeIgniter->handleRequest(NULL, Object(Config\Cache), false)
#10 C:\1. Nikodemus Adventio Kusuma Bagaskara\Kuliah\Semester 10\Kerja Praktek\project-ci-magang\public\index.php(67): CodeIgniter\CodeIgniter->run()
#11 C:\1. Nikodemus Adventio Kusuma Bagaskara\Kuliah\Semester 10\Kerja Praktek\project-ci-magang\system\Commands\Server\rewrite.php(47): require_once('C:\\1. Nikodemus...')
#12 {main}
CRITICAL - 2024-04-25 10:52:59 --> Table 'gereja.programasi' doesn't exist
in SYSTEMPATH\Database\MySQLi\Connection.php on line 295.
 1 SYSTEMPATH\Database\MySQLi\Connection.php(295): mysqli->query('SELECT *
FROM `programasi`', 0)
 2 SYSTEMPATH\Database\BaseConnection.php(692): CodeIgniter\Database\MySQLi\Connection->execute('SELECT *
FROM `programasi`')
 3 SYSTEMPATH\Database\BaseConnection.php(606): CodeIgniter\Database\BaseConnection->simpleQuery('SELECT *
FROM `programasi`')
 4 SYSTEMPATH\Database\BaseBuilder.php(1616): CodeIgniter\Database\BaseConnection->query('SELECT *
FROM `programasi`', [], false)
 5 SYSTEMPATH\Model.php(241): CodeIgniter\Database\BaseBuilder->get()
 6 SYSTEMPATH\BaseModel.php(618): CodeIgniter\Model->doFindAll(0, 0)
 7 APPPATH\Controllers\Monev.php(19): CodeIgniter\BaseModel->findAll()
 8 SYSTEMPATH\CodeIgniter.php(934): App\Controllers\Monev->getAllMonev()
 9 SYSTEMPATH\CodeIgniter.php(499): CodeIgniter\CodeIgniter->runController(Object(App\Controllers\Monev))
10 SYSTEMPATH\CodeIgniter.php(368): CodeIgniter\CodeIgniter->handleRequest(null, Object(Config\Cache), false)
11 FCPATH\index.php(67): CodeIgniter\CodeIgniter->run()
12 SYSTEMPATH\Commands\Server\rewrite.php(47): require_once('C:\\1. Nikodemus Adventio Kusuma Bagaskara\\Kuliah\\Semester 10\\Kerja Praktek\\project-ci-magang\\public\\index.php')
ERROR - 2024-04-25 10:54:58 --> mysqli_sql_exception: Table 'gereja.programasi' doesn't exist in C:\1. Nikodemus Adventio Kusuma Bagaskara\Kuliah\Semester 10\Kerja Praktek\project-ci-magang\system\Database\MySQLi\Connection.php:295
Stack trace:
#0 C:\1. Nikodemus Adventio Kusuma Bagaskara\Kuliah\Semester 10\Kerja Praktek\project-ci-magang\system\Database\MySQLi\Connection.php(295): mysqli->query('SELECT *\nFROM `...', 0)
#1 C:\1. Nikodemus Adventio Kusuma Bagaskara\Kuliah\Semester 10\Kerja Praktek\project-ci-magang\system\Database\BaseConnection.php(692): CodeIgniter\Database\MySQLi\Connection->execute('SELECT *\nFROM `...')
#2 C:\1. Nikodemus Adventio Kusuma Bagaskara\Kuliah\Semester 10\Kerja Praktek\project-ci-magang\system\Database\BaseConnection.php(606): CodeIgniter\Database\BaseConnection->simpleQuery('SELECT *\nFROM `...')
#3 C:\1. Nikodemus Adventio Kusuma Bagaskara\Kuliah\Semester 10\Kerja Praktek\project-ci-magang\system\Database\BaseBuilder.php(1616): CodeIgniter\Database\BaseConnection->query('SELECT *\nFROM `...', Array, false)
#4 C:\1. Nikodemus Adventio Kusuma Bagaskara\Kuliah\Semester 10\Kerja Praktek\project-ci-magang\system\Model.php(241): CodeIgniter\Database\BaseBuilder->get()
#5 C:\1. Nikodemus Adventio Kusuma Bagaskara\Kuliah\Semester 10\Kerja Praktek\project-ci-magang\system\BaseModel.php(618): CodeIgniter\Model->doFindAll(0, 0)
#6 C:\1. Nikodemus Adventio Kusuma Bagaskara\Kuliah\Semester 10\Kerja Praktek\project-ci-magang\app\Controllers\Monev.php(19): CodeIgniter\BaseModel->findAll()
#7 C:\1. Nikodemus Adventio Kusuma Bagaskara\Kuliah\Semester 10\Kerja Praktek\project-ci-magang\system\CodeIgniter.php(934): App\Controllers\Monev->getAllMonev()
#8 C:\1. Nikodemus Adventio Kusuma Bagaskara\Kuliah\Semester 10\Kerja Praktek\project-ci-magang\system\CodeIgniter.php(499): CodeIgniter\CodeIgniter->runController(Object(App\Controllers\Monev))
#9 C:\1. Nikodemus Adventio Kusuma Bagaskara\Kuliah\Semester 10\Kerja Praktek\project-ci-magang\system\CodeIgniter.php(368): CodeIgniter\CodeIgniter->handleRequest(NULL, Object(Config\Cache), false)
#10 C:\1. Nikodemus Adventio Kusuma Bagaskara\Kuliah\Semester 10\Kerja Praktek\project-ci-magang\public\index.php(67): CodeIgniter\CodeIgniter->run()
#11 C:\1. Nikodemus Adventio Kusuma Bagaskara\Kuliah\Semester 10\Kerja Praktek\project-ci-magang\system\Commands\Server\rewrite.php(47): require_once('C:\\1. Nikodemus...')
#12 {main}
CRITICAL - 2024-04-25 10:54:58 --> Table 'gereja.programasi' doesn't exist
in SYSTEMPATH\Database\MySQLi\Connection.php on line 295.
 1 SYSTEMPATH\Database\MySQLi\Connection.php(295): mysqli->query('SELECT *
FROM `programasi`', 0)
 2 SYSTEMPATH\Database\BaseConnection.php(692): CodeIgniter\Database\MySQLi\Connection->execute('SELECT *
FROM `programasi`')
 3 SYSTEMPATH\Database\BaseConnection.php(606): CodeIgniter\Database\BaseConnection->simpleQuery('SELECT *
FROM `programasi`')
 4 SYSTEMPATH\Database\BaseBuilder.php(1616): CodeIgniter\Database\BaseConnection->query('SELECT *
FROM `programasi`', [], false)
 5 SYSTEMPATH\Model.php(241): CodeIgniter\Database\BaseBuilder->get()
 6 SYSTEMPATH\BaseModel.php(618): CodeIgniter\Model->doFindAll(0, 0)
 7 APPPATH\Controllers\Monev.php(19): CodeIgniter\BaseModel->findAll()
 8 SYSTEMPATH\CodeIgniter.php(934): App\Controllers\Monev->getAllMonev()
 9 SYSTEMPATH\CodeIgniter.php(499): CodeIgniter\CodeIgniter->runController(Object(App\Controllers\Monev))
10 SYSTEMPATH\CodeIgniter.php(368): CodeIgniter\CodeIgniter->handleRequest(null, Object(Config\Cache), false)
11 FCPATH\index.php(67): CodeIgniter\CodeIgniter->run()
12 SYSTEMPATH\Commands\Server\rewrite.php(47): require_once('C:\\1. Nikodemus Adventio Kusuma Bagaskara\\Kuliah\\Semester 10\\Kerja Praktek\\project-ci-magang\\public\\index.php')
ERROR - 2024-04-25 10:55:04 --> mysqli_sql_exception: Table 'gereja.programasi' doesn't exist in C:\1. Nikodemus Adventio Kusuma Bagaskara\Kuliah\Semester 10\Kerja Praktek\project-ci-magang\system\Database\MySQLi\Connection.php:295
Stack trace:
#0 C:\1. Nikodemus Adventio Kusuma Bagaskara\Kuliah\Semester 10\Kerja Praktek\project-ci-magang\system\Database\MySQLi\Connection.php(295): mysqli->query('SELECT *\nFROM `...', 0)
#1 C:\1. Nikodemus Adventio Kusuma Bagaskara\Kuliah\Semester 10\Kerja Praktek\project-ci-magang\system\Database\BaseConnection.php(692): CodeIgniter\Database\MySQLi\Connection->execute('SELECT *\nFROM `...')
#2 C:\1. Nikodemus Adventio Kusuma Bagaskara\Kuliah\Semester 10\Kerja Praktek\project-ci-magang\system\Database\BaseConnection.php(606): CodeIgniter\Database\BaseConnection->simpleQuery('SELECT *\nFROM `...')
#3 C:\1. Nikodemus Adventio Kusuma Bagaskara\Kuliah\Semester 10\Kerja Praktek\project-ci-magang\system\Database\BaseBuilder.php(1616): CodeIgniter\Database\BaseConnection->query('SELECT *\nFROM `...', Array, false)
#4 C:\1. Nikodemus Adventio Kusuma Bagaskara\Kuliah\Semester 10\Kerja Praktek\project-ci-magang\system\Model.php(241): CodeIgniter\Database\BaseBuilder->get()
#5 C:\1. Nikodemus Adventio Kusuma Bagaskara\Kuliah\Semester 10\Kerja Praktek\project-ci-magang\system\BaseModel.php(618): CodeIgniter\Model->doFindAll(0, 0)
#6 C:\1. Nikodemus Adventio Kusuma Bagaskara\Kuliah\Semester 10\Kerja Praktek\project-ci-magang\app\Controllers\Agenda.php(20): CodeIgniter\BaseModel->findAll()
#7 C:\1. Nikodemus Adventio Kusuma Bagaskara\Kuliah\Semester 10\Kerja Praktek\project-ci-magang\system\CodeIgniter.php(934): App\Controllers\Agenda->getAllAgenda()
#8 C:\1. Nikodemus Adventio Kusuma Bagaskara\Kuliah\Semester 10\Kerja Praktek\project-ci-magang\system\CodeIgniter.php(499): CodeIgniter\CodeIgniter->runController(Object(App\Controllers\Agenda))
#9 C:\1. Nikodemus Adventio Kusuma Bagaskara\Kuliah\Semester 10\Kerja Praktek\project-ci-magang\system\CodeIgniter.php(368): CodeIgniter\CodeIgniter->handleRequest(NULL, Object(Config\Cache), false)
#10 C:\1. Nikodemus Adventio Kusuma Bagaskara\Kuliah\Semester 10\Kerja Praktek\project-ci-magang\public\index.php(67): CodeIgniter\CodeIgniter->run()
#11 C:\1. Nikodemus Adventio Kusuma Bagaskara\Kuliah\Semester 10\Kerja Praktek\project-ci-magang\system\Commands\Server\rewrite.php(47): require_once('C:\\1. Nikodemus...')
#12 {main}
CRITICAL - 2024-04-25 10:55:04 --> Table 'gereja.programasi' doesn't exist
in SYSTEMPATH\Database\MySQLi\Connection.php on line 295.
 1 SYSTEMPATH\Database\MySQLi\Connection.php(295): mysqli->query('SELECT *
FROM `programasi`', 0)
 2 SYSTEMPATH\Database\BaseConnection.php(692): CodeIgniter\Database\MySQLi\Connection->execute('SELECT *
FROM `programasi`')
 3 SYSTEMPATH\Database\BaseConnection.php(606): CodeIgniter\Database\BaseConnection->simpleQuery('SELECT *
FROM `programasi`')
 4 SYSTEMPATH\Database\BaseBuilder.php(1616): CodeIgniter\Database\BaseConnection->query('SELECT *
FROM `programasi`', [], false)
 5 SYSTEMPATH\Model.php(241): CodeIgniter\Database\BaseBuilder->get()
 6 SYSTEMPATH\BaseModel.php(618): CodeIgniter\Model->doFindAll(0, 0)
 7 APPPATH\Controllers\Agenda.php(20): CodeIgniter\BaseModel->findAll()
 8 SYSTEMPATH\CodeIgniter.php(934): App\Controllers\Agenda->getAllAgenda()
 9 SYSTEMPATH\CodeIgniter.php(499): CodeIgniter\CodeIgniter->runController(Object(App\Controllers\Agenda))
10 SYSTEMPATH\CodeIgniter.php(368): CodeIgniter\CodeIgniter->handleRequest(null, Object(Config\Cache), false)
11 FCPATH\index.php(67): CodeIgniter\CodeIgniter->run()
12 SYSTEMPATH\Commands\Server\rewrite.php(47): require_once('C:\\1. Nikodemus Adventio Kusuma Bagaskara\\Kuliah\\Semester 10\\Kerja Praktek\\project-ci-magang\\public\\index.php')
ERROR - 2024-04-25 10:55:15 --> mysqli_sql_exception: Table 'gereja.programasi' doesn't exist in C:\1. Nikodemus Adventio Kusuma Bagaskara\Kuliah\Semester 10\Kerja Praktek\project-ci-magang\system\Database\MySQLi\Connection.php:295
Stack trace:
#0 C:\1. Nikodemus Adventio Kusuma Bagaskara\Kuliah\Semester 10\Kerja Praktek\project-ci-magang\system\Database\MySQLi\Connection.php(295): mysqli->query('SELECT *\nFROM `...', 0)
#1 C:\1. Nikodemus Adventio Kusuma Bagaskara\Kuliah\Semester 10\Kerja Praktek\project-ci-magang\system\Database\BaseConnection.php(692): CodeIgniter\Database\MySQLi\Connection->execute('SELECT *\nFROM `...')
#2 C:\1. Nikodemus Adventio Kusuma Bagaskara\Kuliah\Semester 10\Kerja Praktek\project-ci-magang\system\Database\BaseConnection.php(606): CodeIgniter\Database\BaseConnection->simpleQuery('SELECT *\nFROM `...')
#3 C:\1. Nikodemus Adventio Kusuma Bagaskara\Kuliah\Semester 10\Kerja Praktek\project-ci-magang\system\Database\BaseBuilder.php(1616): CodeIgniter\Database\BaseConnection->query('SELECT *\nFROM `...', Array, false)
#4 C:\1. Nikodemus Adventio Kusuma Bagaskara\Kuliah\Semester 10\Kerja Praktek\project-ci-magang\system\Model.php(241): CodeIgniter\Database\BaseBuilder->get()
#5 C:\1. Nikodemus Adventio Kusuma Bagaskara\Kuliah\Semester 10\Kerja Praktek\project-ci-magang\system\BaseModel.php(618): CodeIgniter\Model->doFindAll(0, 0)
#6 C:\1. Nikodemus Adventio Kusuma Bagaskara\Kuliah\Semester 10\Kerja Praktek\project-ci-magang\app\Controllers\Monev.php(19): CodeIgniter\BaseModel->findAll()
#7 C:\1. Nikodemus Adventio Kusuma Bagaskara\Kuliah\Semester 10\Kerja Praktek\project-ci-magang\system\CodeIgniter.php(934): App\Controllers\Monev->getAllMonev()
#8 C:\1. Nikodemus Adventio Kusuma Bagaskara\Kuliah\Semester 10\Kerja Praktek\project-ci-magang\system\CodeIgniter.php(499): CodeIgniter\CodeIgniter->runController(Object(App\Controllers\Monev))
#9 C:\1. Nikodemus Adventio Kusuma Bagaskara\Kuliah\Semester 10\Kerja Praktek\project-ci-magang\system\CodeIgniter.php(368): CodeIgniter\CodeIgniter->handleRequest(NULL, Object(Config\Cache), false)
#10 C:\1. Nikodemus Adventio Kusuma Bagaskara\Kuliah\Semester 10\Kerja Praktek\project-ci-magang\public\index.php(67): CodeIgniter\CodeIgniter->run()
#11 C:\1. Nikodemus Adventio Kusuma Bagaskara\Kuliah\Semester 10\Kerja Praktek\project-ci-magang\system\Commands\Server\rewrite.php(47): require_once('C:\\1. Nikodemus...')
#12 {main}
CRITICAL - 2024-04-25 10:55:15 --> Table 'gereja.programasi' doesn't exist
in SYSTEMPATH\Database\MySQLi\Connection.php on line 295.
 1 SYSTEMPATH\Database\MySQLi\Connection.php(295): mysqli->query('SELECT *
FROM `programasi`', 0)
 2 SYSTEMPATH\Database\BaseConnection.php(692): CodeIgniter\Database\MySQLi\Connection->execute('SELECT *
FROM `programasi`')
 3 SYSTEMPATH\Database\BaseConnection.php(606): CodeIgniter\Database\BaseConnection->simpleQuery('SELECT *
FROM `programasi`')
 4 SYSTEMPATH\Database\BaseBuilder.php(1616): CodeIgniter\Database\BaseConnection->query('SELECT *
FROM `programasi`', [], false)
 5 SYSTEMPATH\Model.php(241): CodeIgniter\Database\BaseBuilder->get()
 6 SYSTEMPATH\BaseModel.php(618): CodeIgniter\Model->doFindAll(0, 0)
 7 APPPATH\Controllers\Monev.php(19): CodeIgniter\BaseModel->findAll()
 8 SYSTEMPATH\CodeIgniter.php(934): App\Controllers\Monev->getAllMonev()
 9 SYSTEMPATH\CodeIgniter.php(499): CodeIgniter\CodeIgniter->runController(Object(App\Controllers\Monev))
10 SYSTEMPATH\CodeIgniter.php(368): CodeIgniter\CodeIgniter->handleRequest(null, Object(Config\Cache), false)
11 FCPATH\index.php(67): CodeIgniter\CodeIgniter->run()
12 SYSTEMPATH\Commands\Server\rewrite.php(47): require_once('C:\\1. Nikodemus Adventio Kusuma Bagaskara\\Kuliah\\Semester 10\\Kerja Praktek\\project-ci-magang\\public\\index.php')
INFO - 2024-04-25 10:55:26 --> Session: Class initialized using 'CodeIgniter\Session\Handlers\FileHandler' driver.
INFO - 2024-04-25 10:55:27 --> Session: Class initialized using 'CodeIgniter\Session\Handlers\FileHandler' driver.
INFO - 2024-04-25 10:55:39 --> Session: Class initialized using 'CodeIgniter\Session\Handlers\FileHandler' driver.
